#
# There is insufficient memory for the Java Runtime Environment to continue.
# Native memory allocation (malloc) failed to allocate 867536 bytes for Chunk::new
# Possible reasons:
#   The system is out of physical RAM or swap space
#   The process is running with CompressedOops enabled, and the Java Heap may be blocking the growth of the native heap
# Possible solutions:
#   Reduce memory load on the system
#   Increase physical memory or swap space
#   Check if swap backing store is full
#   Decrease Java heap size (-Xmx/-Xms)
#   Decrease number of Java threads
#   Decrease Java thread stack sizes (-Xss)
#   Set larger code cache with -XX:ReservedCodeCacheSize=
#   JVM is running with Unscaled Compressed Oops mode in which the Java heap is
#     placed in the first 4GB address space. The Java Heap base address is the
#     maximum limit for the native heap growth. Please use -XX:HeapBaseMinAddress
#     to set the Java Heap base and to place the Java Heap above 4GB virtual address.
# This output file may be truncated or incomplete.
#
#  Out of Memory Error (allocation.cpp:389), pid=13148, tid=0x0000000000002e4c
#
# JRE version: Java(TM) SE Runtime Environment (8.0_341-b10) (build 1.8.0_341-b10)
# Java VM: Java HotSpot(TM) 64-Bit Server VM (25.341-b10 mixed mode windows-amd64 compressed oops)
# Failed to write core dump. Minidumps are not enabled by default on client versions of Windows
#

---------------  T H R E A D  ---------------

Current thread (0x00000293f335d800):  JavaThread "C2 CompilerThread1" daemon [_thread_in_native, id=11852, stack(0x000000feb5b00000,0x000000feb5c00000)]

Stack: [0x000000feb5b00000,0x000000feb5c00000]
Native frames: (J=compiled Java code, j=interpreted, Vv=VM code, C=native code)
V  [jvm.dll+0x32fa99]
V  [jvm.dll+0x275ff2]
V  [jvm.dll+0x276c9d]
V  [jvm.dll+0x26d645]
V  [jvm.dll+0xd583c]
V  [jvm.dll+0xd603c]
V  [jvm.dll+0x4714c3]
V  [jvm.dll+0x438d38]
V  [jvm.dll+0x441b85]
V  [jvm.dll+0x440f45]
V  [jvm.dll+0x42bceb]
V  [jvm.dll+0xac68b]
V  [jvm.dll+0xaaceb]
V  [jvm.dll+0x23e542]
V  [jvm.dll+0x292d2c]
C  [ucrtbase.dll+0x21bb2]
C  [KERNEL32.DLL+0x17614]
C  [ntdll.dll+0x526a1]


Current CompileTask:
C2:4494548 10051       4       org.springframework.web.servlet.mvc.method.RequestMappingInfoHandlerMapping::getMatchingMapping (10 bytes)


---------------  P R O C E S S  ---------------

Java Threads: ( => current thread )
  0x00000293fad1d000 JavaThread "DestroyJavaVM" [_thread_blocked, id=796, stack(0x000000feb4b00000,0x000000feb4c00000)]
  0x00000293fad15800 JavaThread "http-nio-8080-Acceptor" daemon [_thread_in_native, id=12100, stack(0x000000feb7100000,0x000000feb7200000)]
  0x00000293fad1b800 JavaThread "http-nio-8080-Poller" daemon [_thread_in_native, id=3280, stack(0x000000feb7000000,0x000000feb7100000)]
  0x00000293fad1c800 JavaThread "http-nio-8080-exec-10" daemon [_thread_blocked, id=6864, stack(0x000000feb6f00000,0x000000feb7000000)]
  0x00000293fad1b000 JavaThread "http-nio-8080-exec-9" daemon [_thread_blocked, id=13880, stack(0x000000feb6e00000,0x000000feb6f00000)]
  0x00000293fad1a000 JavaThread "http-nio-8080-exec-8" daemon [_thread_blocked, id=7180, stack(0x000000feb6d00000,0x000000feb6e00000)]
  0x00000293fad13800 JavaThread "http-nio-8080-exec-7" daemon [_thread_blocked, id=14036, stack(0x000000feb6c00000,0x000000feb6d00000)]
  0x00000293fad19800 JavaThread "http-nio-8080-exec-6" daemon [_thread_blocked, id=4668, stack(0x000000feb6b00000,0x000000feb6c00000)]
  0x00000293fad18800 JavaThread "http-nio-8080-exec-5" daemon [_thread_blocked, id=13888, stack(0x000000feb6a00000,0x000000feb6b00000)]
  0x00000293fad18000 JavaThread "http-nio-8080-exec-4" daemon [_thread_blocked, id=4844, stack(0x000000feb6900000,0x000000feb6a00000)]
  0x00000293fad14000 JavaThread "http-nio-8080-exec-3" daemon [_thread_blocked, id=4280, stack(0x000000feb6800000,0x000000feb6900000)]
  0x00000293fad17000 JavaThread "http-nio-8080-exec-2" daemon [_thread_blocked, id=13780, stack(0x000000feb6700000,0x000000feb6800000)]
  0x00000293fad15000 JavaThread "http-nio-8080-exec-1" daemon [_thread_blocked, id=14252, stack(0x000000feb6600000,0x000000feb6700000)]
  0x00000293fa7eb800 JavaThread "HikariPool-1 housekeeper" daemon [_thread_blocked, id=5540, stack(0x000000feb6400000,0x000000feb6500000)]
  0x00000293f7c0e800 JavaThread "mysql-cj-abandoned-connection-cleanup" daemon [_thread_blocked, id=13584, stack(0x000000feb6200000,0x000000feb6300000)]
  0x00000293f7d48000 JavaThread "container-0" [_thread_blocked, id=3820, stack(0x000000feb6100000,0x000000feb6200000)]
  0x00000293f808a800 JavaThread "Catalina-utility-2" [_thread_blocked, id=8744, stack(0x000000feb6000000,0x000000feb6100000)]
  0x00000293fa7f5800 JavaThread "Catalina-utility-1" [_thread_blocked, id=13988, stack(0x000000feb5f00000,0x000000feb6000000)]
  0x00000293f4b4e000 JavaThread "Service Thread" daemon [_thread_blocked, id=12460, stack(0x000000feb5d00000,0x000000feb5e00000)]
  0x00000293f3360000 JavaThread "C1 CompilerThread2" daemon [_thread_blocked, id=2832, stack(0x000000feb5c00000,0x000000feb5d00000)]
=>0x00000293f335d800 JavaThread "C2 CompilerThread1" daemon [_thread_in_native, id=11852, stack(0x000000feb5b00000,0x000000feb5c00000)]
  0x00000293f3313000 JavaThread "C2 CompilerThread0" daemon [_thread_blocked, id=12436, stack(0x000000feb5a00000,0x000000feb5b00000)]
  0x00000293f32f5800 JavaThread "JDWP Command Reader" daemon [_thread_in_native, id=5492, stack(0x000000feb5900000,0x000000feb5a00000)]
  0x00000293f32f3000 JavaThread "JDWP Event Helper Thread" daemon [_thread_blocked, id=7120, stack(0x000000feb5800000,0x000000feb5900000)]
  0x00000293f32ee800 JavaThread "JDWP Transport Listener: dt_socket" daemon [_thread_blocked, id=6688, stack(0x000000feb5700000,0x000000feb5800000)]
  0x00000293f32d8800 JavaThread "Attach Listener" daemon [_thread_blocked, id=10120, stack(0x000000feb5600000,0x000000feb5700000)]
  0x00000293f32d7800 JavaThread "Signal Dispatcher" daemon [_thread_blocked, id=13316, stack(0x000000feb5500000,0x000000feb5600000)]
  0x00000293f32b2000 JavaThread "Finalizer" daemon [_thread_blocked, id=2116, stack(0x000000feb5400000,0x000000feb5500000)]
  0x00000293f32aa800 JavaThread "Reference Handler" daemon [_thread_blocked, id=9296, stack(0x000000feb5300000,0x000000feb5400000)]

Other Threads:
  0x00000293f3282000 VMThread [stack: 0x000000feb5200000,0x000000feb5300000] [id=7704]
  0x00000293f4b97000 WatcherThread [stack: 0x000000feb5e00000,0x000000feb5f00000] [id=10636]

VM state:not at safepoint (normal execution)

VM Mutex/Monitor currently owned by a thread: None

heap address: 0x0000000081e00000, size: 2018 MB, Compressed Oops mode: 32-bit
Narrow klass base: 0x0000000000000000, Narrow klass shift: 3
Compressed class space size: 1073741824 Address: 0x0000000100000000

Heap:
 PSYoungGen      total 215552K, used 148462K [0x00000000d5f80000, 0x00000000e4c00000, 0x0000000100000000)
  eden space 202240K, 67% used [0x00000000d5f80000,0x00000000de3f9750,0x00000000e2500000)
  from space 13312K, 96% used [0x00000000e3f00000,0x00000000e4b82108,0x00000000e4c00000)
  to   space 16384K, 0% used [0x00000000e2c00000,0x00000000e2c00000,0x00000000e3c00000)
 ParOldGen       total 125440K, used 25494K [0x0000000081e00000, 0x0000000089880000, 0x00000000d5f80000)
  object space 125440K, 20% used [0x0000000081e00000,0x00000000836e59c8,0x0000000089880000)
 Metaspace       used 68954K, capacity 73392K, committed 73600K, reserved 1114112K
  class space    used 8867K, capacity 9569K, committed 9600K, reserved 1048576K

Card table byte_map: [0x00000293edea0000,0x00000293ee2a0000] byte_map_base: 0x00000293eda91000

Marking Bits: (ParMarkBitMap*) 0x0000000065dc9030
 Begin Bits: [0x00000293ee550000, 0x00000293f04d8000)
 End Bits:   [0x00000293f04d8000, 0x00000293f2460000)

Polling page: 0x00000293deab0000

CodeCache: size=245760Kb used=29822Kb max_used=29835Kb free=215937Kb
 bounds [0x00000293deae0000, 0x00000293e0830000, 0x00000293edae0000]
 total_blobs=9249 nmethods=8658 adapters=510
 compilation: enabled

Compilation events (10 events):
Event: 4494.404 Thread 0x00000293f3360000 10046       3       javax.servlet.ServletRequestWrapper::getCharacterEncoding (10 bytes)
Event: 4494.404 Thread 0x00000293f3360000 nmethod 10046 0x00000293e0817c10 code [0x00000293e0817d80, 0x00000293e0817fb0]
Event: 4494.404 Thread 0x00000293f3360000 10047   !   3       org.apache.catalina.core.ApplicationHttpRequest::getSession (174 bytes)
Event: 4494.404 Thread 0x00000293f3360000 nmethod 10047 0x00000293e0818090 code [0x00000293e0818360, 0x00000293e0819940]
Event: 4494.404 Thread 0x00000293f3360000 10048       3       javax.servlet.http.HttpServletRequestWrapper::getSession (11 bytes)
Event: 4494.404 Thread 0x00000293f3360000 nmethod 10048 0x00000293e081a150 code [0x00000293e081a2c0, 0x00000293e081a670]
Event: 4494.422 Thread 0x00000293f3313000 10050       4       org.apache.coyote.Response::action (37 bytes)
Event: 4494.422 Thread 0x00000293f335d800 10051       4       org.springframework.web.servlet.mvc.method.RequestMappingInfoHandlerMapping::getMatchingMapping (10 bytes)
Event: 4494.423 Thread 0x00000293f3313000 nmethod 10050 0x00000293e081d550 code [0x00000293e081d6c0, 0x00000293e081d898]
Event: 4494.423 Thread 0x00000293f3313000 10052       4       org.springframework.web.servlet.mvc.method.RequestMappingInfo::getMatchingCondition (182 bytes)

GC Heap History (10 events):
Event: 3.784 GC heap before
{Heap before GC invocations=9 (full 2):
 PSYoungGen      total 139264K, used 8674K [0x00000000d5f80000, 0x00000000e1d00000, 0x0000000100000000)
  eden space 130560K, 0% used [0x00000000d5f80000,0x00000000d5f80000,0x00000000ddf00000)
  from space 8704K, 99% used [0x00000000ddf00000,0x00000000de778a80,0x00000000de780000)
  to   space 11264K, 0% used [0x00000000e1200000,0x00000000e1200000,0x00000000e1d00000)
 ParOldGen       total 54272K, used 9474K [0x0000000081e00000, 0x0000000085300000, 0x00000000d5f80000)
  object space 54272K, 17% used [0x0000000081e00000,0x0000000082740a38,0x0000000085300000)
 Metaspace       used 33441K, capacity 35426K, committed 35496K, reserved 1081344K
  class space    used 4229K, capacity 4594K, committed 4608K, reserved 1048576K
Event: 3.832 GC heap after
Heap after GC invocations=9 (full 2):
 PSYoungGen      total 139264K, used 0K [0x00000000d5f80000, 0x00000000e1d00000, 0x0000000100000000)
  eden space 130560K, 0% used [0x00000000d5f80000,0x00000000d5f80000,0x00000000ddf00000)
  from space 8704K, 0% used [0x00000000ddf00000,0x00000000ddf00000,0x00000000de780000)
  to   space 11264K, 0% used [0x00000000e1200000,0x00000000e1200000,0x00000000e1d00000)
 ParOldGen       total 89600K, used 15901K [0x0000000081e00000, 0x0000000087580000, 0x00000000d5f80000)
  object space 89600K, 17% used [0x0000000081e00000,0x0000000082d87490,0x0000000087580000)
 Metaspace       used 33441K, capacity 35426K, committed 35496K, reserved 1081344K
  class space    used 4229K, capacity 4594K, committed 4608K, reserved 1048576K
}
Event: 4.959 GC heap before
{Heap before GC invocations=10 (full 2):
 PSYoungGen      total 139264K, used 130560K [0x00000000d5f80000, 0x00000000e1d00000, 0x0000000100000000)
  eden space 130560K, 100% used [0x00000000d5f80000,0x00000000ddf00000,0x00000000ddf00000)
  from space 8704K, 0% used [0x00000000ddf00000,0x00000000ddf00000,0x00000000de780000)
  to   space 11264K, 0% used [0x00000000e1200000,0x00000000e1200000,0x00000000e1d00000)
 ParOldGen       total 89600K, used 15901K [0x0000000081e00000, 0x0000000087580000, 0x00000000d5f80000)
  object space 89600K, 17% used [0x0000000081e00000,0x0000000082d87490,0x0000000087580000)
 Metaspace       used 45519K, capacity 47844K, committed 48128K, reserved 1091584K
  class space    used 5986K, capacity 6389K, committed 6400K, reserved 1048576K
Event: 4.970 GC heap after
Heap after GC invocations=10 (full 2):
 PSYoungGen      total 180736K, used 11233K [0x00000000d5f80000, 0x00000000e2f00000, 0x0000000100000000)
  eden space 169472K, 0% used [0x00000000d5f80000,0x00000000d5f80000,0x00000000e0500000)
  from space 11264K, 99% used [0x00000000e1200000,0x00000000e1cf8778,0x00000000e1d00000)
  to   space 13312K, 0% used [0x00000000e0500000,0x00000000e0500000,0x00000000e1200000)
 ParOldGen       total 89600K, used 17082K [0x0000000081e00000, 0x0000000087580000, 0x00000000d5f80000)
  object space 89600K, 19% used [0x0000000081e00000,0x0000000082eae9f8,0x0000000087580000)
 Metaspace       used 45519K, capacity 47844K, committed 48128K, reserved 1091584K
  class space    used 5986K, capacity 6389K, committed 6400K, reserved 1048576K
}
Event: 6.315 GC heap before
{Heap before GC invocations=11 (full 2):
 PSYoungGen      total 180736K, used 125983K [0x00000000d5f80000, 0x00000000e2f00000, 0x0000000100000000)
  eden space 169472K, 67% used [0x00000000d5f80000,0x00000000dcf8f5b0,0x00000000e0500000)
  from space 11264K, 99% used [0x00000000e1200000,0x00000000e1cf8778,0x00000000e1d00000)
  to   space 13312K, 0% used [0x00000000e0500000,0x00000000e0500000,0x00000000e1200000)
 ParOldGen       total 89600K, used 17082K [0x0000000081e00000, 0x0000000087580000, 0x00000000d5f80000)
  object space 89600K, 19% used [0x0000000081e00000,0x0000000082eae9f8,0x0000000087580000)
 Metaspace       used 56043K, capacity 59098K, committed 59160K, reserved 1099776K
  class space    used 7506K, capacity 8034K, committed 8064K, reserved 1048576K
Event: 6.335 GC heap after
Heap after GC invocations=11 (full 2):
 PSYoungGen      total 182784K, used 13291K [0x00000000d5f80000, 0x00000000e4e80000, 0x0000000100000000)
  eden space 169472K, 0% used [0x00000000d5f80000,0x00000000d5f80000,0x00000000e0500000)
  from space 13312K, 99% used [0x00000000e0500000,0x00000000e11fad80,0x00000000e1200000)
  to   space 15872K, 0% used [0x00000000e3f00000,0x00000000e3f00000,0x00000000e4e80000)
 ParOldGen       total 89600K, used 19034K [0x0000000081e00000, 0x0000000087580000, 0x00000000d5f80000)
  object space 89600K, 21% used [0x0000000081e00000,0x0000000083096898,0x0000000087580000)
 Metaspace       used 56043K, capacity 59098K, committed 59160K, reserved 1099776K
  class space    used 7506K, capacity 8034K, committed 8064K, reserved 1048576K
}
Event: 6.335 GC heap before
{Heap before GC invocations=12 (full 3):
 PSYoungGen      total 182784K, used 13291K [0x00000000d5f80000, 0x00000000e4e80000, 0x0000000100000000)
  eden space 169472K, 0% used [0x00000000d5f80000,0x00000000d5f80000,0x00000000e0500000)
  from space 13312K, 99% used [0x00000000e0500000,0x00000000e11fad80,0x00000000e1200000)
  to   space 15872K, 0% used [0x00000000e3f00000,0x00000000e3f00000,0x00000000e4e80000)
 ParOldGen       total 89600K, used 19034K [0x0000000081e00000, 0x0000000087580000, 0x00000000d5f80000)
  object space 89600K, 21% used [0x0000000081e00000,0x0000000083096898,0x0000000087580000)
 Metaspace       used 56043K, capacity 59098K, committed 59160K, reserved 1099776K
  class space    used 7506K, capacity 8034K, committed 8064K, reserved 1048576K
Event: 6.409 GC heap after
Heap after GC invocations=12 (full 3):
 PSYoungGen      total 182784K, used 0K [0x00000000d5f80000, 0x00000000e4e80000, 0x0000000100000000)
  eden space 169472K, 0% used [0x00000000d5f80000,0x00000000d5f80000,0x00000000e0500000)
  from space 13312K, 0% used [0x00000000e0500000,0x00000000e0500000,0x00000000e1200000)
  to   space 15872K, 0% used [0x00000000e3f00000,0x00000000e3f00000,0x00000000e4e80000)
 ParOldGen       total 125440K, used 25486K [0x0000000081e00000, 0x0000000089880000, 0x00000000d5f80000)
  object space 125440K, 20% used [0x0000000081e00000,0x00000000836e39c8,0x0000000089880000)
 Metaspace       used 56043K, capacity 59098K, committed 59160K, reserved 1099776K
  class space    used 7506K, capacity 8034K, committed 8064K, reserved 1048576K
}
Event: 1784.569 GC heap before
{Heap before GC invocations=13 (full 3):
 PSYoungGen      total 182784K, used 169472K [0x00000000d5f80000, 0x00000000e4e80000, 0x0000000100000000)
  eden space 169472K, 100% used [0x00000000d5f80000,0x00000000e0500000,0x00000000e0500000)
  from space 13312K, 0% used [0x00000000e0500000,0x00000000e0500000,0x00000000e1200000)
  to   space 15872K, 0% used [0x00000000e3f00000,0x00000000e3f00000,0x00000000e4e80000)
 ParOldGen       total 125440K, used 25486K [0x0000000081e00000, 0x0000000089880000, 0x00000000d5f80000)
  object space 125440K, 20% used [0x0000000081e00000,0x00000000836e39c8,0x0000000089880000)
 Metaspace       used 66612K, capacity 70938K, committed 71040K, reserved 1110016K
  class space    used 8814K, capacity 9512K, committed 9600K, reserved 1048576K
Event: 1784.580 GC heap after
Heap after GC invocations=13 (full 3):
 PSYoungGen      total 215552K, used 12808K [0x00000000d5f80000, 0x00000000e4c00000, 0x0000000100000000)
  eden space 202240K, 0% used [0x00000000d5f80000,0x00000000d5f80000,0x00000000e2500000)
  from space 13312K, 96% used [0x00000000e3f00000,0x00000000e4b82108,0x00000000e4c00000)
  to   space 16384K, 0% used [0x00000000e2c00000,0x00000000e2c00000,0x00000000e3c00000)
 ParOldGen       total 125440K, used 25494K [0x0000000081e00000, 0x0000000089880000, 0x00000000d5f80000)
  object space 125440K, 20% used [0x0000000081e00000,0x00000000836e59c8,0x0000000089880000)
 Metaspace       used 66612K, capacity 70938K, committed 71040K, reserved 1110016K
  class space    used 8814K, capacity 9512K, committed 9600K, reserved 1048576K
}

Deoptimization events (10 events):
Event: 4488.404 Thread 0x00000293fad19800 Uncommon trap: reason=class_check action=maybe_recompile pc=0x00000293dffb2bf8 method=com.fasterxml.jackson.databind.ser.BeanPropertyWriter.serializeAsField(Ljava/lang/Object;Lcom/fasterxml/jackson/core/JsonGenerator;Lcom/fasterxml/jackson/databind/Serial
Event: 4488.404 Thread 0x00000293fad19800 Uncommon trap: reason=unstable_if action=reinterpret pc=0x00000293dffa07c8 method=com.fasterxml.jackson.core.io.SerializedString.appendQuotedUTF8([BI)I @ 6
Event: 4488.405 Thread 0x00000293fad19800 Uncommon trap: reason=unstable_if action=reinterpret pc=0x00000293dffb2fbc method=com.fasterxml.jackson.core.io.SerializedString.appendQuotedUTF8([BI)I @ 6
Event: 4493.346 Thread 0x00000293fad14000 Uncommon trap: reason=class_check action=maybe_recompile pc=0x00000293e0618974 method=org.springframework.web.util.pattern.LiteralPathElement.matches(ILorg/springframework/web/util/pattern/PathPattern$MatchingContext;)Z @ 20
Event: 4493.346 Thread 0x00000293fad14000 Uncommon trap: reason=class_check action=maybe_recompile pc=0x00000293e0618974 method=org.springframework.web.util.pattern.LiteralPathElement.matches(ILorg/springframework/web/util/pattern/PathPattern$MatchingContext;)Z @ 20
Event: 4493.346 Thread 0x00000293fad14000 Uncommon trap: reason=class_check action=maybe_recompile pc=0x00000293e0618974 method=org.springframework.web.util.pattern.LiteralPathElement.matches(ILorg/springframework/web/util/pattern/PathPattern$MatchingContext;)Z @ 20
Event: 4493.346 Thread 0x00000293fad14000 Uncommon trap: reason=class_check action=maybe_recompile pc=0x00000293e0618974 method=org.springframework.web.util.pattern.LiteralPathElement.matches(ILorg/springframework/web/util/pattern/PathPattern$MatchingContext;)Z @ 20
Event: 4493.360 Thread 0x00000293fad14000 Uncommon trap: reason=unstable_if action=reinterpret pc=0x00000293e05e3058 method=org.apache.catalina.core.ApplicationFilterChain.addFilter(Lorg/apache/catalina/core/ApplicationFilterConfig;)V @ 45
Event: 4493.370 Thread 0x00000293fad14000 Uncommon trap: reason=unstable_if action=reinterpret pc=0x00000293e0263f88 method=org.apache.catalina.connector.Request.setAttribute(Ljava/lang/String;Ljava/lang/Object;)V @ 21
Event: 4493.380 Thread 0x00000293fad14000 Uncommon trap: reason=unstable_if action=reinterpret pc=0x00000293e06292d8 method=sun.util.calendar.ZoneInfo.getOffsets(J[II)I @ 14

Classes redefined (0 events):
No events

Internal exceptions (10 events):
Event: 3542.565 Thread 0x00000293fad20000 Exception <a 'java/net/SocketException': Software caused connection abort: recv failed> (0x00000000d9957e50) thrown at [C:\jenkins\workspace\8-2-build-windows-x64-cygwin\jdk8u341\2692\hotspot\src\share\vm\prims\jni.cpp, line 737]
Event: 3562.172 Thread 0x00000293fad20000 Exception <a 'java/net/SocketException': Software caused connection abort: recv failed> (0x00000000da39b3b0) thrown at [C:\jenkins\workspace\8-2-build-windows-x64-cygwin\jdk8u341\2692\hotspot\src\share\vm\prims\jni.cpp, line 737]
Event: 3573.018 Thread 0x00000293fad20000 Exception <a 'java/net/SocketException': Software caused connection abort: socket write error> (0x00000000da78e5d8) thrown at [C:\jenkins\workspace\8-2-build-windows-x64-cygwin\jdk8u341\2692\hotspot\src\share\vm\prims\jni.cpp, line 737]
Event: 3573.019 Thread 0x00000293fad20000 Exception <a 'java/net/SocketException': Software caused connection abort: recv failed> (0x00000000da78ea98) thrown at [C:\jenkins\workspace\8-2-build-windows-x64-cygwin\jdk8u341\2692\hotspot\src\share\vm\prims\jni.cpp, line 737]
Event: 3573.471 Thread 0x00000293fad20000 Exception <a 'java/net/SocketException': Software caused connection abort: recv failed> (0x00000000da790660) thrown at [C:\jenkins\workspace\8-2-build-windows-x64-cygwin\jdk8u341\2692\hotspot\src\share\vm\prims\jni.cpp, line 737]
Event: 3591.100 Thread 0x00000293fad21000 Exception <a 'java/net/SocketException': Software caused connection abort: recv failed> (0x00000000db6f5f50) thrown at [C:\jenkins\workspace\8-2-build-windows-x64-cygwin\jdk8u341\2692\hotspot\src\share\vm\prims\jni.cpp, line 737]
Event: 4488.404 Thread 0x00000293fad19800 Implicit null exception at 0x00000293dffa0312 to 0x00000293dffa07a9
Event: 4488.405 Thread 0x00000293fad19800 Implicit null exception at 0x00000293dffb1ca6 to 0x00000293dffb2f69
Event: 4493.370 Thread 0x00000293fad14000 Implicit null exception at 0x00000293e02634c7 to 0x00000293e0263f79
Event: 4493.380 Thread 0x00000293fad14000 Implicit null exception at 0x00000293e0628f91 to 0x00000293e06292be

Events (10 events):
Event: 4493.780 Thread 0x00000293fad1a000 DEOPT UNPACKING pc=0x00000293deb27918 sp=0x000000feb6dfe8a0 mode 1
Event: 4493.780 Thread 0x00000293fad1b000 DEOPT UNPACKING pc=0x00000293deb27918 sp=0x000000feb6efe3d0 mode 1
Event: 4493.780 Thread 0x00000293fad1b000 DEOPT PACKING pc=0x00000293dffcba8c sp=0x000000feb6efe720
Event: 4493.780 Thread 0x00000293fad1b000 DEOPT UNPACKING pc=0x00000293deb27918 sp=0x000000feb6efe5d0 mode 1
Event: 4493.812 Executing VM operation: RevokeBias
Event: 4493.812 Executing VM operation: RevokeBias done
Event: 4494.026 Thread 0x00000293fad13800 DEOPT PACKING pc=0x00000293e070a184 sp=0x000000feb6cfd110
Event: 4494.026 Thread 0x00000293fad13800 DEOPT UNPACKING pc=0x00000293deb27918 sp=0x000000feb6cfcde0 mode 0
Event: 4494.448 Executing VM operation: RevokeBias
Event: 4494.448 Executing VM operation: RevokeBias done


Dynamic libraries:
0x00007ff6e7a10000 - 0x00007ff6e7a57000 	C:\Program Files\Java\jdk1.8.0_341\bin\java.exe
0x00007ffbbd090000 - 0x00007ffbbd288000 	C:\Windows\SYSTEM32\ntdll.dll
0x00007ffbbb0f0000 - 0x00007ffbbb1af000 	C:\Windows\System32\KERNEL32.DLL
0x00007ffbba7c0000 - 0x00007ffbbaab6000 	C:\Windows\System32\KERNELBASE.dll
0x00007ffbbb1b0000 - 0x00007ffbbb25f000 	C:\Windows\System32\ADVAPI32.dll
0x00007ffbbc100000 - 0x00007ffbbc19e000 	C:\Windows\System32\msvcrt.dll
0x00007ffbbcfb0000 - 0x00007ffbbd04c000 	C:\Windows\System32\sechost.dll
0x00007ffbbce80000 - 0x00007ffbbcfa6000 	C:\Windows\System32\RPCRT4.dll
0x00007ffbbcaf0000 - 0x00007ffbbcc8d000 	C:\Windows\System32\USER32.dll
0x00007ffbbabe0000 - 0x00007ffbbac02000 	C:\Windows\System32\win32u.dll
0x00007ffbbc8d0000 - 0x00007ffbbc8fc000 	C:\Windows\System32\GDI32.dll
0x00007ffbbaac0000 - 0x00007ffbbabd5000 	C:\Windows\System32\gdi32full.dll
0x00007ffbbaee0000 - 0x00007ffbbaf7d000 	C:\Windows\System32\msvcp_win.dll
0x00007ffbbac10000 - 0x00007ffbbad10000 	C:\Windows\System32\ucrtbase.dll
0x00007ffbaac70000 - 0x00007ffbaaf0a000 	C:\Windows\WinSxS\amd64_microsoft.windows.common-controls_6595b64144ccf1df_6.0.19041.1110_none_60b5254171f9507e\COMCTL32.dll
0x00007ffbbc900000 - 0x00007ffbbc930000 	C:\Windows\System32\IMM32.DLL
0x00007ffbb7fe0000 - 0x00007ffbb7ff5000 	C:\Program Files\Java\jdk1.8.0_341\jre\bin\vcruntime140.dll
0x00007ffbb1cb0000 - 0x00007ffbb1d4b000 	C:\Program Files\Java\jdk1.8.0_341\jre\bin\msvcp140.dll
0x00000000655e0000 - 0x0000000065e41000 	C:\Program Files\Java\jdk1.8.0_341\jre\bin\server\jvm.dll
0x00007ffbbc2e0000 - 0x00007ffbbc2e8000 	C:\Windows\System32\PSAPI.DLL
0x00007ffba65c0000 - 0x00007ffba65e7000 	C:\Windows\SYSTEM32\WINMM.dll
0x00007ffbb5790000 - 0x00007ffbb579a000 	C:\Windows\SYSTEM32\VERSION.dll
0x00007ffbb4400000 - 0x00007ffbb4409000 	C:\Windows\SYSTEM32\WSOCK32.dll
0x00007ffbbc3c0000 - 0x00007ffbbc42b000 	C:\Windows\System32\ws2_32.DLL
0x00007ffbb8650000 - 0x00007ffbb8662000 	C:\Windows\SYSTEM32\kernel.appcore.dll
0x00007ffbb7fd0000 - 0x00007ffbb7fe0000 	C:\Program Files\Java\jdk1.8.0_341\jre\bin\verify.dll
0x00007ffbb4410000 - 0x00007ffbb443b000 	C:\Program Files\Java\jdk1.8.0_341\jre\bin\java.dll
0x00007ffbafef0000 - 0x00007ffbaff26000 	C:\Program Files\Java\jdk1.8.0_341\jre\bin\jdwp.dll
0x00007ffbb63b0000 - 0x00007ffbb63b9000 	C:\Program Files\Java\jdk1.8.0_341\jre\bin\npt.dll
0x00007ffbb62c0000 - 0x00007ffbb62f0000 	C:\Program Files\Java\jdk1.8.0_341\jre\bin\instrument.dll
0x00007ffbb1c90000 - 0x00007ffbb1ca8000 	C:\Program Files\Java\jdk1.8.0_341\jre\bin\zip.dll
0x00007ffbbb910000 - 0x00007ffbbc054000 	C:\Windows\System32\SHELL32.dll
0x00007ffbb8850000 - 0x00007ffbb8fe3000 	C:\Windows\SYSTEM32\windows.storage.dll
0x00007ffbbc570000 - 0x00007ffbbc8c4000 	C:\Windows\System32\combase.dll
0x00007ffbba0f0000 - 0x00007ffbba11e000 	C:\Windows\SYSTEM32\Wldp.dll
0x00007ffbbb260000 - 0x00007ffbbb30d000 	C:\Windows\System32\SHCORE.dll
0x00007ffbbc510000 - 0x00007ffbbc565000 	C:\Windows\System32\shlwapi.dll
0x00007ffbba6b0000 - 0x00007ffbba6cf000 	C:\Windows\SYSTEM32\profapi.dll
0x00007ffbb63a0000 - 0x00007ffbb63aa000 	C:\Program Files\Java\jdk1.8.0_341\jre\bin\dt_socket.dll
0x00007ffbb9e50000 - 0x00007ffbb9eba000 	C:\Windows\system32\mswsock.dll
0x00007ffbb62a0000 - 0x00007ffbb62ad000 	C:\Program Files\Java\jdk1.8.0_341\jre\bin\management.dll
0x00007ffbb1c70000 - 0x00007ffbb1c8c000 	C:\Program Files\Java\jdk1.8.0_341\jre\bin\net.dll
0x00007ffb938c0000 - 0x00007ffb938d7000 	C:\Windows\system32\napinsp.dll
0x00007ffb938a0000 - 0x00007ffb938bb000 	C:\Windows\system32\pnrpnsp.dll
0x00007ffba40b0000 - 0x00007ffba40c5000 	C:\Windows\system32\wshbth.dll
0x00007ffbb6230000 - 0x00007ffbb624d000 	C:\Windows\system32\NLAapi.dll
0x00007ffbb9b40000 - 0x00007ffbb9b7c000 	C:\Windows\SYSTEM32\IPHLPAPI.DLL
0x00007ffbb9b80000 - 0x00007ffbb9c4b000 	C:\Windows\SYSTEM32\DNSAPI.dll
0x00007ffbbc930000 - 0x00007ffbbc938000 	C:\Windows\System32\NSI.dll
0x00007ffb93880000 - 0x00007ffb93892000 	C:\Windows\System32\winrnr.dll
0x00007ffbb4460000 - 0x00007ffbb446a000 	C:\Windows\System32\rasadhlp.dll
0x00007ffbb3ce0000 - 0x00007ffbb3d62000 	C:\Windows\System32\fwpuclnt.dll
0x00007ffbbb0c0000 - 0x00007ffbbb0e7000 	C:\Windows\System32\bcrypt.dll
0x00007ffbb1c50000 - 0x00007ffbb1c63000 	C:\Program Files\Java\jdk1.8.0_341\jre\bin\nio.dll
0x00007ffbba040000 - 0x00007ffbba058000 	C:\Windows\SYSTEM32\CRYPTSP.dll
0x00007ffbb9770000 - 0x00007ffbb97a4000 	C:\Windows\system32\rsaenh.dll
0x00007ffbba5e0000 - 0x00007ffbba60e000 	C:\Windows\SYSTEM32\USERENV.dll
0x00007ffbbb030000 - 0x00007ffbbb0b2000 	C:\Windows\System32\bcryptprimitives.dll
0x00007ffbba060000 - 0x00007ffbba06c000 	C:\Windows\SYSTEM32\CRYPTBASE.dll
0x00007ffbb4f80000 - 0x00007ffbb4f97000 	C:\Windows\SYSTEM32\dhcpcsvc6.DLL
0x00007ffbb4f60000 - 0x00007ffbb4f7d000 	C:\Windows\SYSTEM32\dhcpcsvc.DLL
0x00007ffba0a70000 - 0x00007ffba0a94000 	C:\Program Files\Java\jdk1.8.0_341\jre\bin\sunec.dll
0x00007ffbb5950000 - 0x00007ffbb595d000 	C:\Program Files\Java\jdk1.8.0_341\jre\bin\sunmscapi.dll
0x00007ffbbad10000 - 0x00007ffbbae6e000 	C:\Windows\System32\CRYPT32.dll
0x00007ffbba160000 - 0x00007ffbba188000 	C:\Windows\SYSTEM32\ncrypt.dll
0x00007ffbba120000 - 0x00007ffbba15b000 	C:\Windows\SYSTEM32\NTASN1.dll
0x00007ffba77c0000 - 0x00007ffba79a4000 	C:\Windows\SYSTEM32\dbghelp.dll

VM Arguments:
jvm_args: -agentlib:jdwp=transport=dt_socket,address=127.0.0.1:54102,suspend=y,server=n -javaagent:C:\Users\User\AppData\Local\JetBrains\IdeaIC2022.3\captureAgent\debugger-agent.jar -Dfile.encoding=UTF-8 
java_command: com.example.HomeToHomeSpring.HomeToHomeSpringApplication
java_class_path (initial): C:\Program Files\Java\jdk1.8.0_341\jre\lib\charsets.jar;C:\Program Files\Java\jdk1.8.0_341\jre\lib\deploy.jar;C:\Program Files\Java\jdk1.8.0_341\jre\lib\ext\access-bridge-64.jar;C:\Program Files\Java\jdk1.8.0_341\jre\lib\ext\cldrdata.jar;C:\Program Files\Java\jdk1.8.0_341\jre\lib\ext\dnsns.jar;C:\Program Files\Java\jdk1.8.0_341\jre\lib\ext\jaccess.jar;C:\Program Files\Java\jdk1.8.0_341\jre\lib\ext\jfxrt.jar;C:\Program Files\Java\jdk1.8.0_341\jre\lib\ext\localedata.jar;C:\Program Files\Java\jdk1.8.0_341\jre\lib\ext\nashorn.jar;C:\Program Files\Java\jdk1.8.0_341\jre\lib\ext\sunec.jar;C:\Program Files\Java\jdk1.8.0_341\jre\lib\ext\sunjce_provider.jar;C:\Program Files\Java\jdk1.8.0_341\jre\lib\ext\sunmscapi.jar;C:\Program Files\Java\jdk1.8.0_341\jre\lib\ext\sunpkcs11.jar;C:\Program Files\Java\jdk1.8.0_341\jre\lib\ext\zipfs.jar;C:\Program Files\Java\jdk1.8.0_341\jre\lib\javaws.jar;C:\Program Files\Java\jdk1.8.0_341\jre\lib\jce.jar;C:\Program Files\Java\jdk1.8.0_341\jre\lib\jfr.jar;C:\Program Files\Java\jdk1.8.0_341\jre\lib\jfxswt.jar;C:\Program Files\Java\jdk1.8.0_341\jre\lib\jsse.jar;C:\Program Files\Java\jdk1.8.0_341\jre\lib\management-agent.jar;C:\Program Files\Java\jdk1.8.0_341\jre\lib\plugin.jar;C:\Program Files\Java\jdk1.8.0_341\jre\lib\resources.jar;C:\Program Files\Java\jdk1.8.0_341\jre\lib\rt.jar;C:\Users\User\Desktop\JobProtal\ExamSpringProjects\HomeToHomeSpring\target\classes;C:\Users\User\.m2\repository\org\springframework\boot\spring-boot-starter-data-jpa\2.7.10\spring-boot-starter-data-jpa-2.7.10.jar;C:\Users\User\.m2\repository\org\springframework\boot\spring-boot-starter-aop\2.7.10\spring-boot-starter-aop-2.7.10.jar;C:\Users\User\.m2\repository\org\springframework\spring-aop\5.3.26\spring-aop-5.3.26.jar;C:\Users\User\.m2\repository\org\aspectj\aspectjweaver\1.9.7\aspectjweaver-1.9.7.jar;C:\Users\User\.m2\repository\org\springframework\boot\spring-boot-starter-jdbc\2.7.10\spring-boot-starter-jdbc-2.7.10.jar;C:\Users\User\.m2\re
Launcher Type: SUN_STANDARD

Environment Variables:
PATH=C:\Program Files\Java\jdk1.8.0_341\bin;C:\Program Files\Git\cmd;C:\Program Files (x86)\Inno Setup 5;C:\Program Files\MySQL\MySQL Server 8.0\bin;C:\Program Files\nodejs\;C:\Program Files\Cloudflare\Cloudflare WARP\;C:\Program Files (x86)\Microsoft SQL Server\160\Tools\Binn\;C:\Program Files\Microsoft SQL Server\160\Tools\Binn\;C:\Program Files\Microsoft SQL Server\Client SDK\ODBC\170\Tools\Binn\;C:\Program Files\Microsoft SQL Server\160\DTS\Binn\;C:\Program Files\MySQL\MySQL Shell 8.0\bin\;C:\Users\User\AppData\Local\Microsoft\WindowsApps;C:\Users\User\AppData\Local\Programs\Microsoft VS Code\bin;C:\Users\User\AppData\Local\GitHubDesktop\bin;C:\MinGW\bin;C:\MinGW\msys\1.0\bin;C:\Windows\System32;C:\Windows\SysWOW64\wbem;C:\Program Files (x86)\Inno Setup 5;C:\Users\User\AppData\Roaming\npm;C:\Program Files\JetBrains\IntelliJ IDEA Community Edition 2022.3.2\bin;
USERNAME=sajeeb
OS=Windows_NT
PROCESSOR_IDENTIFIER=Intel64 Family 6 Model 158 Stepping 10, GenuineIntel



---------------  S Y S T E M  ---------------

OS: Windows 10 , 64 bit Build 19041 (10.0.19041.2913)

CPU:total 6 (initial active 6) (6 cores per cpu, 1 threads per core) family 6 model 158 stepping 10, cmov, cx8, fxsr, mmx, sse, sse2, sse3, ssse3, sse4.1, sse4.2, popcnt, avx, avx2, aes, clmul, erms, 3dnowpref, lzcnt, tsc, tscinvbit, bmi1, bmi2, adx

Memory: 4k page, physical 8259604k(900856k free), swap 12453908k(3084k free)

vm_info: Java HotSpot(TM) 64-Bit Server VM (25.341-b10) for windows-amd64 JRE (1.8.0_341-b10), built on Jun 16 2022 15:51:07 by "java_re" with MS VC++ 15.9 (VS2017)

time: Sun May 21 03:23:43 2023
timezone: Bangladesh Standard Time
elapsed time: 4494.555121 seconds (0d 1h 14m 54s)

