#
# There is insufficient memory for the Java Runtime Environment to continue.
# Native memory allocation (malloc) failed to allocate 32744 bytes for ChunkPool::allocate
# Possible reasons:
#   The system is out of physical RAM or swap space
#   The process is running with CompressedOops enabled, and the Java Heap may be blocking the growth of the native heap
# Possible solutions:
#   Reduce memory load on the system
#   Increase physical memory or swap space
#   Check if swap backing store is full
#   Decrease Java heap size (-Xmx/-Xms)
#   Decrease number of Java threads
#   Decrease Java thread stack sizes (-Xss)
#   Set larger code cache with -XX:ReservedCodeCacheSize=
#   JVM is running with Unscaled Compressed Oops mode in which the Java heap is
#     placed in the first 4GB address space. The Java Heap base address is the
#     maximum limit for the native heap growth. Please use -XX:HeapBaseMinAddress
#     to set the Java Heap base and to place the Java Heap above 4GB virtual address.
# This output file may be truncated or incomplete.
#
#  Out of Memory Error (arena.cpp:78), pid=6264, tid=12172
#
# JRE version: OpenJDK Runtime Environment JBR-17.0.6+1-653.34-jcef (17.0.6+1) (build 17.0.6+1-b653.34)
# Java VM: OpenJDK 64-Bit Server VM JBR-17.0.6+1-653.34-jcef (17.0.6+1-b653.34, mixed mode, tiered, compressed oops, compressed class ptrs, g1 gc, windows-amd64)
# No core dump will be written. Minidumps are not enabled by default on client versions of Windows
#

---------------  S U M M A R Y ------------

Command Line: -agentlib:jdwp=transport=dt_socket,address=127.0.0.1:58481,suspend=y,server=n -javaagent:C:\Users\User\AppData\Local\JetBrains\IdeaIC2022.3\captureAgent\debugger-agent.jar -Dfile.encoding=UTF-8 com.example.HomeToHomeSpring.HomeToHomeSpringApplication

Host: Intel(R) Core(TM) i5-8400 CPU @ 2.80GHz, 6 cores, 7G,  Windows 10 , 64 bit Build 19041 (10.0.19041.2913)
Time: Thu May 25 23:46:25 2023 Bangladesh Standard Time elapsed time: 3439.635036 seconds (0d 0h 57m 19s)

---------------  T H R E A D  ---------------

Current thread (0x0000021e5cc28640):  JavaThread "C2 CompilerThread0" daemon [_thread_in_native, id=12172, stack(0x000000fe1a400000,0x000000fe1a500000)]


Current CompileTask:
C2:3439635 11238       4       org.springframework.core.annotation.AnnotationUtils::findAnnotation (99 bytes)

Stack: [0x000000fe1a400000,0x000000fe1a500000]
Native frames: (J=compiled Java code, j=interpreted, Vv=VM code, C=native code)
V  [jvm.dll+0x683b4a]
V  [jvm.dll+0x842654]
V  [jvm.dll+0x843dfe]
V  [jvm.dll+0x844463]
V  [jvm.dll+0x249b75]
V  [jvm.dll+0xabecc]
V  [jvm.dll+0xac27c]
V  [jvm.dll+0xabdbb]
V  [jvm.dll+0x660d4c]
V  [jvm.dll+0x2260a1]
V  [jvm.dll+0x21d3c4]
V  [jvm.dll+0x21b51b]
V  [jvm.dll+0x1a4fdd]
V  [jvm.dll+0x22b098]
V  [jvm.dll+0x229159]
V  [jvm.dll+0x7f809c]
V  [jvm.dll+0x7f25fa]
V  [jvm.dll+0x682985]
C  [ucrtbase.dll+0x21bb2]
C  [KERNEL32.DLL+0x17614]
C  [ntdll.dll+0x526a1]


---------------  P R O C E S S  ---------------

Threads class SMR info:
_java_thread_list=0x0000021e5c055c60, length=34, elements={
0x0000021e5c075620, 0x0000021e5c076330, 0x0000021e5c061ef0, 0x0000021e5cc245f0,
0x0000021e5cc26fb0, 0x0000021e5cc27960, 0x0000021e5cc28640, 0x0000021e5cc2b040,
0x0000021e5cc2ba30, 0x0000021e5cd1e020, 0x0000021e5ce44040, 0x0000021e5ce59830,
0x0000021e5ce5bd30, 0x0000021e5ce8d920, 0x0000021e60ec2020, 0x0000021e60abf630,
0x0000021e61996010, 0x0000021e622597f0, 0x0000021e6273e780, 0x0000021e6085bd50,
0x0000021e6085cbc0, 0x0000021e6085b3b0, 0x0000021e6085c6f0, 0x0000021e6085a070,
0x0000021e5efa4ca0, 0x0000021e5efa3960, 0x0000021e5efa2af0, 0x0000021e5efa0940,
0x0000021e5efa12e0, 0x0000021e5ef9e790, 0x0000021e5efa47d0, 0x0000021e5ef9f130,
0x0000021e668788c0, 0x0000021e5efa5fe0
}

Java Threads: ( => current thread )
  0x0000021e5c075620 JavaThread "Reference Handler" daemon [_thread_blocked, id=2900, stack(0x000000fe19e00000,0x000000fe19f00000)]
  0x0000021e5c076330 JavaThread "Finalizer" daemon [_thread_blocked, id=6772, stack(0x000000fe19f00000,0x000000fe1a000000)]
  0x0000021e5c061ef0 JavaThread "Signal Dispatcher" daemon [_thread_blocked, id=4884, stack(0x000000fe1a000000,0x000000fe1a100000)]
  0x0000021e5cc245f0 JavaThread "Attach Listener" daemon [_thread_blocked, id=8144, stack(0x000000fe1a100000,0x000000fe1a200000)]
  0x0000021e5cc26fb0 JavaThread "Service Thread" daemon [_thread_blocked, id=7296, stack(0x000000fe1a200000,0x000000fe1a300000)]
  0x0000021e5cc27960 JavaThread "Monitor Deflation Thread" daemon [_thread_blocked, id=8684, stack(0x000000fe1a300000,0x000000fe1a400000)]
=>0x0000021e5cc28640 JavaThread "C2 CompilerThread0" daemon [_thread_in_native, id=12172, stack(0x000000fe1a400000,0x000000fe1a500000)]
  0x0000021e5cc2b040 JavaThread "C1 CompilerThread0" daemon [_thread_blocked, id=11420, stack(0x000000fe1a500000,0x000000fe1a600000)]
  0x0000021e5cc2ba30 JavaThread "Sweeper thread" daemon [_thread_blocked, id=9136, stack(0x000000fe1a600000,0x000000fe1a700000)]
  0x0000021e5cd1e020 JavaThread "Common-Cleaner" daemon [_thread_blocked, id=7996, stack(0x000000fe1a700000,0x000000fe1a800000)]
  0x0000021e5ce44040 JavaThread "JDWP Transport Listener: dt_socket" daemon [_thread_blocked, id=11580, stack(0x000000fe1a800000,0x000000fe1a900000)]
  0x0000021e5ce59830 JavaThread "JDWP Event Helper Thread" daemon [_thread_blocked, id=11728, stack(0x000000fe1a900000,0x000000fe1aa00000)]
  0x0000021e5ce5bd30 JavaThread "JDWP Command Reader" daemon [_thread_in_native, id=10944, stack(0x000000fe1aa00000,0x000000fe1ab00000)]
  0x0000021e5ce8d920 JavaThread "Notification Thread" daemon [_thread_blocked, id=5536, stack(0x000000fe1ab00000,0x000000fe1ac00000)]
  0x0000021e60ec2020 JavaThread "Catalina-utility-1" [_thread_blocked, id=13216, stack(0x000000fe1b400000,0x000000fe1b500000)]
  0x0000021e60abf630 JavaThread "Catalina-utility-2" [_thread_blocked, id=5264, stack(0x000000fe1b500000,0x000000fe1b600000)]
  0x0000021e61996010 JavaThread "container-0" [_thread_blocked, id=10304, stack(0x000000fe1b600000,0x000000fe1b700000)]
  0x0000021e622597f0 JavaThread "mysql-cj-abandoned-connection-cleanup" daemon [_thread_blocked, id=6348, stack(0x000000fe1b700000,0x000000fe1b800000)]
  0x0000021e6273e780 JavaThread "HikariPool-1 housekeeper" daemon [_thread_blocked, id=6436, stack(0x000000fe1b900000,0x000000fe1ba00000)]
  0x0000021e6085bd50 JavaThread "http-nio-8080-exec-1" daemon [_thread_blocked, id=9648, stack(0x000000fe1bb00000,0x000000fe1bc00000)]
  0x0000021e6085cbc0 JavaThread "http-nio-8080-exec-2" daemon [_thread_blocked, id=8488, stack(0x000000fe1bc00000,0x000000fe1bd00000)]
  0x0000021e6085b3b0 JavaThread "http-nio-8080-exec-3" daemon [_thread_blocked, id=12000, stack(0x000000fe1bd00000,0x000000fe1be00000)]
  0x0000021e6085c6f0 JavaThread "http-nio-8080-exec-4" daemon [_thread_blocked, id=11584, stack(0x000000fe1be00000,0x000000fe1bf00000)]
  0x0000021e6085a070 JavaThread "http-nio-8080-exec-5" daemon [_thread_blocked, id=4288, stack(0x000000fe1bf00000,0x000000fe1c000000)]
  0x0000021e5efa4ca0 JavaThread "http-nio-8080-exec-6" daemon [_thread_blocked, id=3408, stack(0x000000fe1c000000,0x000000fe1c100000)]
  0x0000021e5efa3960 JavaThread "http-nio-8080-exec-7" daemon [_thread_blocked, id=10920, stack(0x000000fe1c100000,0x000000fe1c200000)]
  0x0000021e5efa2af0 JavaThread "http-nio-8080-exec-8" daemon [_thread_blocked, id=5904, stack(0x000000fe1c200000,0x000000fe1c300000)]
  0x0000021e5efa0940 JavaThread "http-nio-8080-exec-9" daemon [_thread_blocked, id=4004, stack(0x000000fe1c300000,0x000000fe1c400000)]
  0x0000021e5efa12e0 JavaThread "http-nio-8080-exec-10" daemon [_thread_blocked, id=11556, stack(0x000000fe1c400000,0x000000fe1c500000)]
  0x0000021e5ef9e790 JavaThread "http-nio-8080-Poller" daemon [_thread_in_native, id=9584, stack(0x000000fe1ba00000,0x000000fe1bb00000)]
  0x0000021e5efa47d0 JavaThread "http-nio-8080-Acceptor" daemon [_thread_in_native, id=7008, stack(0x000000fe1c500000,0x000000fe1c600000)]
  0x0000021e5ef9f130 JavaThread "DestroyJavaVM" [_thread_blocked, id=5484, stack(0x000000fe19700000,0x000000fe19800000)]
  0x0000021e668788c0 JavaThread "C2 CompilerThread1" daemon [_thread_blocked, id=3200, stack(0x000000fe19400000,0x000000fe19500000)]
  0x0000021e5efa5fe0 JavaThread "HikariPool-1 connection adder" daemon [_thread_blocked, id=5244, stack(0x000000fe19500000,0x000000fe19600000)]

Other Threads:
  0x0000021e5c051a30 VMThread "VM Thread" [stack: 0x000000fe19d00000,0x000000fe19e00000] [id=11256]
  0x0000021e5ce655b0 WatcherThread [stack: 0x000000fe1ac00000,0x000000fe1ad00000] [id=6052]
  0x0000021e404abb20 GCTaskThread "GC Thread#0" [stack: 0x000000fe19800000,0x000000fe19900000] [id=8768]
  0x0000021e5d7e1460 GCTaskThread "GC Thread#1" [stack: 0x000000fe1ae00000,0x000000fe1af00000] [id=12364]
  0x0000021e5d73d7a0 GCTaskThread "GC Thread#2" [stack: 0x000000fe1af00000,0x000000fe1b000000] [id=9096]
  0x0000021e5d613e50 GCTaskThread "GC Thread#3" [stack: 0x000000fe1b000000,0x000000fe1b100000] [id=9860]
  0x0000021e5d614100 GCTaskThread "GC Thread#4" [stack: 0x000000fe1b100000,0x000000fe1b200000] [id=9976]
  0x0000021e5d6143b0 GCTaskThread "GC Thread#5" [stack: 0x000000fe1b200000,0x000000fe1b300000] [id=5504]
  0x0000021e40504370 ConcurrentGCThread "G1 Main Marker" [stack: 0x000000fe19900000,0x000000fe19a00000] [id=800]
  0x0000021e40504d80 ConcurrentGCThread "G1 Conc#0" [stack: 0x000000fe19a00000,0x000000fe19b00000] [id=6980]
  0x0000021e5e1d49f0 ConcurrentGCThread "G1 Conc#1" [stack: 0x000000fe1ad00000,0x000000fe1ae00000] [id=12696]
  0x0000021e40551a60 ConcurrentGCThread "G1 Refine#0" [stack: 0x000000fe19b00000,0x000000fe19c00000] [id=7224]
  0x0000021e5e0bb320 ConcurrentGCThread "G1 Refine#1" [stack: 0x000000fe1b300000,0x000000fe1b400000] [id=11016]
  0x0000021e5beb2610 ConcurrentGCThread "G1 Service" [stack: 0x000000fe19c00000,0x000000fe19d00000] [id=7440]

Threads with active compile tasks:
C2 CompilerThread0  3439711 11238       4       org.springframework.core.annotation.AnnotationUtils::findAnnotation (99 bytes)

VM state: not at safepoint (normal execution)

VM Mutex/Monitor currently owned by a thread: None

Heap address: 0x0000000081e00000, size: 2018 MB, Compressed Oops mode: 32-bit

CDS archive(s) not mapped
Compressed class space mapped at: 0x0000000100000000-0x0000000140000000, reserved size: 1073741824
Narrow klass base: 0x0000000000000000, Narrow klass shift: 3, Narrow klass range: 0x140000000

GC Precious Log:
 CPUs: 6 total, 6 available
 Memory: 8069M
 Large Page Support: Disabled
 NUMA Support: Disabled
 Compressed Oops: Enabled (32-bit)
 Heap Region Size: 1M
 Heap Min Capacity: 8M
 Heap Initial Capacity: 128M
 Heap Max Capacity: 2018M
 Pre-touch: Disabled
 Parallel Workers: 6
 Concurrent Workers: 2
 Concurrent Refinement Workers: 6
 Periodic GC: Disabled

Heap:
 garbage-first heap   total 102400K, used 67655K [0x0000000081e00000, 0x0000000100000000)
  region size 1024K, 41 young (41984K), 1 survivors (1024K)
 Metaspace       used 78550K, committed 78912K, reserved 1122304K
  class space    used 9655K, committed 9856K, reserved 1048576K

Heap Regions: E=young(eden), S=young(survivor), O=old, HS=humongous(starts), HC=humongous(continues), CS=collection set, F=free, OA=open archive, CA=closed archive, TAMS=top-at-mark-start (previous, next)
|   0|0x0000000081e00000, 0x0000000081f00000, 0x0000000081f00000|100%|HS|  |TAMS 0x0000000081f00000, 0x0000000081e00000| Complete 
|   1|0x0000000081f00000, 0x0000000082000000, 0x0000000082000000|100%| O|  |TAMS 0x0000000082000000, 0x0000000081f00000| Untracked 
|   2|0x0000000082000000, 0x0000000082100000, 0x0000000082100000|100%| O|  |TAMS 0x0000000082100000, 0x0000000082000000| Untracked 
|   3|0x0000000082100000, 0x0000000082200000, 0x0000000082200000|100%| O|  |TAMS 0x0000000082200000, 0x0000000082100000| Untracked 
|   4|0x0000000082200000, 0x0000000082300000, 0x0000000082300000|100%| O|  |TAMS 0x0000000082300000, 0x0000000082200000| Untracked 
|   5|0x0000000082300000, 0x0000000082400000, 0x0000000082400000|100%| O|  |TAMS 0x0000000082400000, 0x0000000082300000| Untracked 
|   6|0x0000000082400000, 0x0000000082500000, 0x0000000082500000|100%| O|  |TAMS 0x0000000082500000, 0x0000000082400000| Untracked 
|   7|0x0000000082500000, 0x0000000082600000, 0x0000000082600000|100%| O|  |TAMS 0x0000000082600000, 0x0000000082500000| Untracked 
|   8|0x0000000082600000, 0x0000000082700000, 0x0000000082700000|100%| O|  |TAMS 0x0000000082700000, 0x0000000082600000| Untracked 
|   9|0x0000000082700000, 0x0000000082800000, 0x0000000082800000|100%| O|  |TAMS 0x0000000082800000, 0x0000000082700000| Untracked 
|  10|0x0000000082800000, 0x0000000082900000, 0x0000000082900000|100%| O|  |TAMS 0x0000000082900000, 0x0000000082800000| Untracked 
|  11|0x0000000082900000, 0x0000000082a00000, 0x0000000082a00000|100%| O|  |TAMS 0x0000000082a00000, 0x0000000082900000| Untracked 
|  12|0x0000000082a00000, 0x0000000082a00000, 0x0000000082b00000|  0%| F|  |TAMS 0x0000000082a00000, 0x0000000082a00000| Untracked 
|  13|0x0000000082b00000, 0x0000000082c00000, 0x0000000082c00000|100%| O|  |TAMS 0x0000000082c00000, 0x0000000082b00000| Untracked 
|  14|0x0000000082c00000, 0x0000000082d00000, 0x0000000082d00000|100%| O|  |TAMS 0x0000000082d00000, 0x0000000082c00000| Untracked 
|  15|0x0000000082d00000, 0x0000000082daae00, 0x0000000082e00000| 66%| O|  |TAMS 0x0000000082daae00, 0x0000000082d00000| Complete 
|  16|0x0000000082e00000, 0x0000000082f00000, 0x0000000082f00000|100%| O|  |TAMS 0x0000000082f00000, 0x0000000082e00000| Untracked 
|  17|0x0000000082f00000, 0x0000000083000000, 0x0000000083000000|100%| O|  |TAMS 0x0000000083000000, 0x0000000082f00000| Untracked 
|  18|0x0000000083000000, 0x0000000083100000, 0x0000000083100000|100%| O|  |TAMS 0x0000000083100000, 0x0000000083000000| Untracked 
|  19|0x0000000083100000, 0x0000000083200000, 0x0000000083200000|100%| O|  |TAMS 0x0000000083200000, 0x0000000083100000| Untracked 
|  20|0x0000000083200000, 0x0000000083200000, 0x0000000083300000|  0%| F|  |TAMS 0x0000000083200000, 0x0000000083200000| Untracked 
|  21|0x0000000083300000, 0x0000000083400000, 0x0000000083400000|100%| O|  |TAMS 0x0000000083400000, 0x0000000083300000| Untracked 
|  22|0x0000000083400000, 0x0000000083400000, 0x0000000083500000|  0%| F|  |TAMS 0x0000000083400000, 0x0000000083400000| Untracked 
|  23|0x0000000083500000, 0x0000000083500000, 0x0000000083600000|  0%| F|  |TAMS 0x0000000083500000, 0x0000000083500000| Untracked 
|  24|0x0000000083600000, 0x0000000083600000, 0x0000000083700000|  0%| F|  |TAMS 0x0000000083600000, 0x0000000083600000| Untracked 
|  25|0x0000000083700000, 0x0000000083800000, 0x0000000083800000|100%| O|  |TAMS 0x0000000083800000, 0x0000000083700000| Untracked 
|  26|0x0000000083800000, 0x0000000083900000, 0x0000000083900000|100%| O|  |TAMS 0x0000000083900000, 0x0000000083800000| Untracked 
|  27|0x0000000083900000, 0x0000000083a00000, 0x0000000083a00000|100%| O|  |TAMS 0x0000000083a00000, 0x0000000083900000| Untracked 
|  28|0x0000000083a00000, 0x0000000083b00000, 0x0000000083b00000|100%| O|  |TAMS 0x0000000083b00000, 0x0000000083a00000| Untracked 
|  29|0x0000000083b00000, 0x0000000083b00000, 0x0000000083c00000|  0%| F|  |TAMS 0x0000000083b00000, 0x0000000083b00000| Untracked 
|  30|0x0000000083c00000, 0x0000000083d00000, 0x0000000083d00000|100%| O|  |TAMS 0x0000000083d00000, 0x0000000083c00000| Untracked 
|  31|0x0000000083d00000, 0x0000000083e00000, 0x0000000083e00000|100%| O|  |TAMS 0x0000000083e00000, 0x0000000083d00000| Untracked 
|  32|0x0000000083e00000, 0x0000000083f00000, 0x0000000083f00000|100%| O|  |TAMS 0x0000000083f00000, 0x0000000083e00000| Untracked 
|  33|0x0000000083f00000, 0x0000000083f66f70, 0x0000000084000000| 40%| S|CS|TAMS 0x0000000083f00000, 0x0000000083f00000| Complete 
|  34|0x0000000084000000, 0x0000000084000000, 0x0000000084100000|  0%| F|  |TAMS 0x0000000084000000, 0x0000000084000000| Untracked 
|  35|0x0000000084100000, 0x0000000084100000, 0x0000000084200000|  0%| F|  |TAMS 0x0000000084100000, 0x0000000084100000| Untracked 
|  36|0x0000000084200000, 0x0000000084200000, 0x0000000084300000|  0%| F|  |TAMS 0x0000000084200000, 0x0000000084200000| Untracked 
|  37|0x0000000084300000, 0x0000000084300000, 0x0000000084400000|  0%| F|  |TAMS 0x0000000084300000, 0x0000000084300000| Untracked 
|  38|0x0000000084400000, 0x0000000084400000, 0x0000000084500000|  0%| F|  |TAMS 0x0000000084400000, 0x0000000084400000| Untracked 
|  39|0x0000000084500000, 0x0000000084500000, 0x0000000084600000|  0%| F|  |TAMS 0x0000000084500000, 0x0000000084500000| Untracked 
|  40|0x0000000084600000, 0x0000000084600000, 0x0000000084700000|  0%| F|  |TAMS 0x0000000084600000, 0x0000000084600000| Untracked 
|  41|0x0000000084700000, 0x0000000084700000, 0x0000000084800000|  0%| F|  |TAMS 0x0000000084700000, 0x0000000084700000| Untracked 
|  42|0x0000000084800000, 0x0000000084800000, 0x0000000084900000|  0%| F|  |TAMS 0x0000000084800000, 0x0000000084800000| Untracked 
|  43|0x0000000084900000, 0x0000000084900000, 0x0000000084a00000|  0%| F|  |TAMS 0x0000000084900000, 0x0000000084900000| Untracked 
|  44|0x0000000084a00000, 0x0000000084a00000, 0x0000000084b00000|  0%| F|  |TAMS 0x0000000084a00000, 0x0000000084a00000| Untracked 
|  45|0x0000000084b00000, 0x0000000084b00000, 0x0000000084c00000|  0%| F|  |TAMS 0x0000000084b00000, 0x0000000084b00000| Untracked 
|  46|0x0000000084c00000, 0x0000000084c00000, 0x0000000084d00000|  0%| F|  |TAMS 0x0000000084c00000, 0x0000000084c00000| Untracked 
|  47|0x0000000084d00000, 0x0000000084d00000, 0x0000000084e00000|  0%| F|  |TAMS 0x0000000084d00000, 0x0000000084d00000| Untracked 
|  48|0x0000000084e00000, 0x0000000084e00000, 0x0000000084f00000|  0%| F|  |TAMS 0x0000000084e00000, 0x0000000084e00000| Untracked 
|  49|0x0000000084f00000, 0x0000000084f00000, 0x0000000085000000|  0%| F|  |TAMS 0x0000000084f00000, 0x0000000084f00000| Untracked 
|  50|0x0000000085000000, 0x0000000085000000, 0x0000000085100000|  0%| F|  |TAMS 0x0000000085000000, 0x0000000085000000| Untracked 
|  51|0x0000000085100000, 0x0000000085100000, 0x0000000085200000|  0%| F|  |TAMS 0x0000000085100000, 0x0000000085100000| Untracked 
|  52|0x0000000085200000, 0x0000000085200000, 0x0000000085300000|  0%| F|  |TAMS 0x0000000085200000, 0x0000000085200000| Untracked 
|  53|0x0000000085300000, 0x0000000085300000, 0x0000000085400000|  0%| F|  |TAMS 0x0000000085300000, 0x0000000085300000| Untracked 
|  54|0x0000000085400000, 0x0000000085400000, 0x0000000085500000|  0%| F|  |TAMS 0x0000000085400000, 0x0000000085400000| Untracked 
|  55|0x0000000085500000, 0x0000000085500000, 0x0000000085600000|  0%| F|  |TAMS 0x0000000085500000, 0x0000000085500000| Untracked 
|  56|0x0000000085600000, 0x0000000085600000, 0x0000000085700000|  0%| F|  |TAMS 0x0000000085600000, 0x0000000085600000| Untracked 
|  57|0x0000000085700000, 0x0000000085700000, 0x0000000085800000|  0%| F|  |TAMS 0x0000000085700000, 0x0000000085700000| Untracked 
|  58|0x0000000085800000, 0x0000000085800000, 0x0000000085900000|  0%| F|  |TAMS 0x0000000085800000, 0x0000000085800000| Untracked 
|  59|0x0000000085900000, 0x0000000085900000, 0x0000000085a00000|  0%| F|  |TAMS 0x0000000085900000, 0x0000000085900000| Untracked 
|  60|0x0000000085a00000, 0x0000000085abdae8, 0x0000000085b00000| 74%| E|  |TAMS 0x0000000085a00000, 0x0000000085a00000| Complete 
|  61|0x0000000085b00000, 0x0000000085c00000, 0x0000000085c00000|100%| E|CS|TAMS 0x0000000085b00000, 0x0000000085b00000| Complete 
|  62|0x0000000085c00000, 0x0000000085d00000, 0x0000000085d00000|100%| E|CS|TAMS 0x0000000085c00000, 0x0000000085c00000| Complete 
|  63|0x0000000085d00000, 0x0000000085e00000, 0x0000000085e00000|100%| E|CS|TAMS 0x0000000085d00000, 0x0000000085d00000| Complete 
|  64|0x0000000085e00000, 0x0000000085f00000, 0x0000000085f00000|100%| E|CS|TAMS 0x0000000085e00000, 0x0000000085e00000| Complete 
|  65|0x0000000085f00000, 0x0000000086000000, 0x0000000086000000|100%| E|CS|TAMS 0x0000000085f00000, 0x0000000085f00000| Complete 
|  66|0x0000000086000000, 0x0000000086100000, 0x0000000086100000|100%| E|CS|TAMS 0x0000000086000000, 0x0000000086000000| Complete 
|  67|0x0000000086100000, 0x0000000086200000, 0x0000000086200000|100%| E|CS|TAMS 0x0000000086100000, 0x0000000086100000| Complete 
|  68|0x0000000086200000, 0x0000000086300000, 0x0000000086300000|100%| E|CS|TAMS 0x0000000086200000, 0x0000000086200000| Complete 
|  69|0x0000000086300000, 0x0000000086400000, 0x0000000086400000|100%| E|CS|TAMS 0x0000000086300000, 0x0000000086300000| Complete 
|  70|0x0000000086400000, 0x0000000086500000, 0x0000000086500000|100%| E|CS|TAMS 0x0000000086400000, 0x0000000086400000| Complete 
|  71|0x0000000086500000, 0x0000000086600000, 0x0000000086600000|100%| E|CS|TAMS 0x0000000086500000, 0x0000000086500000| Complete 
|  72|0x0000000086600000, 0x0000000086700000, 0x0000000086700000|100%| E|CS|TAMS 0x0000000086600000, 0x0000000086600000| Complete 
|  73|0x0000000086700000, 0x0000000086800000, 0x0000000086800000|100%| E|CS|TAMS 0x0000000086700000, 0x0000000086700000| Complete 
|  74|0x0000000086800000, 0x0000000086900000, 0x0000000086900000|100%| E|CS|TAMS 0x0000000086800000, 0x0000000086800000| Complete 
|  75|0x0000000086900000, 0x0000000086a00000, 0x0000000086a00000|100%| E|CS|TAMS 0x0000000086900000, 0x0000000086900000| Complete 
|  76|0x0000000086a00000, 0x0000000086b00000, 0x0000000086b00000|100%| E|CS|TAMS 0x0000000086a00000, 0x0000000086a00000| Complete 
|  77|0x0000000086b00000, 0x0000000086c00000, 0x0000000086c00000|100%| E|CS|TAMS 0x0000000086b00000, 0x0000000086b00000| Complete 
|  78|0x0000000086c00000, 0x0000000086d00000, 0x0000000086d00000|100%| E|CS|TAMS 0x0000000086c00000, 0x0000000086c00000| Complete 
|  79|0x0000000086d00000, 0x0000000086e00000, 0x0000000086e00000|100%| E|CS|TAMS 0x0000000086d00000, 0x0000000086d00000| Complete 
|  80|0x0000000086e00000, 0x0000000086f00000, 0x0000000086f00000|100%| E|CS|TAMS 0x0000000086e00000, 0x0000000086e00000| Complete 
|  81|0x0000000086f00000, 0x0000000087000000, 0x0000000087000000|100%| E|CS|TAMS 0x0000000086f00000, 0x0000000086f00000| Complete 
|  82|0x0000000087000000, 0x0000000087100000, 0x0000000087100000|100%| E|CS|TAMS 0x0000000087000000, 0x0000000087000000| Complete 
|  83|0x0000000087100000, 0x0000000087200000, 0x0000000087200000|100%| E|CS|TAMS 0x0000000087100000, 0x0000000087100000| Complete 
|  84|0x0000000087200000, 0x0000000087300000, 0x0000000087300000|100%| E|CS|TAMS 0x0000000087200000, 0x0000000087200000| Complete 
|  85|0x0000000087300000, 0x0000000087400000, 0x0000000087400000|100%| E|CS|TAMS 0x0000000087300000, 0x0000000087300000| Complete 
|  86|0x0000000087400000, 0x0000000087500000, 0x0000000087500000|100%| E|CS|TAMS 0x0000000087400000, 0x0000000087400000| Complete 
|  87|0x0000000087500000, 0x0000000087600000, 0x0000000087600000|100%| E|CS|TAMS 0x0000000087500000, 0x0000000087500000| Complete 
|  88|0x0000000087600000, 0x0000000087700000, 0x0000000087700000|100%| E|CS|TAMS 0x0000000087600000, 0x0000000087600000| Complete 
|  89|0x0000000087700000, 0x0000000087800000, 0x0000000087800000|100%| E|CS|TAMS 0x0000000087700000, 0x0000000087700000| Complete 
|  90|0x0000000087800000, 0x0000000087900000, 0x0000000087900000|100%| E|CS|TAMS 0x0000000087800000, 0x0000000087800000| Complete 
|  91|0x0000000087900000, 0x0000000087a00000, 0x0000000087a00000|100%| E|CS|TAMS 0x0000000087900000, 0x0000000087900000| Complete 
|  92|0x0000000087a00000, 0x0000000087b00000, 0x0000000087b00000|100%| E|CS|TAMS 0x0000000087a00000, 0x0000000087a00000| Complete 
|  93|0x0000000087b00000, 0x0000000087c00000, 0x0000000087c00000|100%| E|CS|TAMS 0x0000000087b00000, 0x0000000087b00000| Complete 
|  94|0x0000000087c00000, 0x0000000087d00000, 0x0000000087d00000|100%| E|CS|TAMS 0x0000000087c00000, 0x0000000087c00000| Complete 
|  95|0x0000000087d00000, 0x0000000087e00000, 0x0000000087e00000|100%| E|CS|TAMS 0x0000000087d00000, 0x0000000087d00000| Complete 
|  96|0x0000000087e00000, 0x0000000087f00000, 0x0000000087f00000|100%| E|CS|TAMS 0x0000000087e00000, 0x0000000087e00000| Complete 
|  97|0x0000000087f00000, 0x0000000088000000, 0x0000000088000000|100%| E|CS|TAMS 0x0000000087f00000, 0x0000000087f00000| Complete 
| 127|0x0000000089d00000, 0x0000000089e00000, 0x0000000089e00000|100%| E|CS|TAMS 0x0000000089d00000, 0x0000000089d00000| Complete 
| 128|0x0000000089e00000, 0x0000000089f00000, 0x0000000089f00000|100%| E|CS|TAMS 0x0000000089e00000, 0x0000000089e00000| Complete 

Card table byte_map: [0x0000021e55070000,0x0000021e55470000] _byte_map_base: 0x0000021e54c61000

Marking Bits (Prev, Next): (CMBitMap*) 0x0000021e404f2a30, (CMBitMap*) 0x0000021e404f29f0
 Prev Bits: [0x0000021e57800000, 0x0000021e59788000)
 Next Bits: [0x0000021e55870000, 0x0000021e577f8000)

Polling page: 0x0000021e40560000

Metaspace:

Usage:
  Non-class:     67.28 MB used.
      Class:      9.43 MB used.
       Both:     76.71 MB used.

Virtual space:
  Non-class space:       72.00 MB reserved,      67.44 MB ( 94%) committed,  9 nodes.
      Class space:        1.00 GB reserved,       9.62 MB ( <1%) committed,  1 nodes.
             Both:        1.07 GB reserved,      77.06 MB (  7%) committed. 

Chunk freelists:
   Non-Class:  131.00 KB
       Class:  2.26 MB
        Both:  2.39 MB

MaxMetaspaceSize: unlimited
CompressedClassSpaceSize: 1.00 GB
Initial GC threshold: 21.00 MB
Current GC threshold: 128.25 MB
CDS: off
MetaspaceReclaimPolicy: balanced
 - commit_granule_bytes: 65536.
 - commit_granule_words: 8192.
 - virtual_space_node_default_size: 1048576.
 - enlarge_chunks_in_place: 1.
 - new_chunks_are_fully_committed: 0.
 - uncommit_free_chunks: 1.
 - use_allocation_guard: 0.
 - handle_deallocations: 1.


Internal statistics:

num_allocs_failed_limit: 11.
num_arena_births: 560.
num_arena_deaths: 54.
num_vsnodes_births: 10.
num_vsnodes_deaths: 0.
num_space_committed: 1233.
num_space_uncommitted: 0.
num_chunks_returned_to_freelist: 73.
num_chunks_taken_from_freelist: 3085.
num_chunk_merges: 21.
num_chunk_splits: 2112.
num_chunks_enlarged: 1627.
num_purges: 4.
num_inconsistent_stats: 0.

CodeHeap 'non-profiled nmethods': size=120000Kb used=6979Kb max_used=6979Kb free=113020Kb
 bounds [0x0000021e4cef0000, 0x0000021e4d5d0000, 0x0000021e54420000]
CodeHeap 'profiled nmethods': size=120000Kb used=20627Kb max_used=20627Kb free=99372Kb
 bounds [0x0000021e45420000, 0x0000021e46850000, 0x0000021e4c950000]
CodeHeap 'non-nmethods': size=5760Kb used=1415Kb max_used=1508Kb free=4344Kb
 bounds [0x0000021e4c950000, 0x0000021e4cbc0000, 0x0000021e4cef0000]
 total_blobs=10456 nmethods=9779 adapters=587
 compilation: enabled
              stopped_count=0, restarted_count=0
 full_count=0

Compilation events (20 events):
Event: 3439.462 Thread 0x0000021e5cc2b040 nmethod 11227 0x0000021e46841790 code [0x0000021e46841940, 0x0000021e46841b58]
Event: 3439.469 Thread 0x0000021e5cc28640 11229       4       org.springframework.core.ResolvableType::<init> (41 bytes)
Event: 3439.471 Thread 0x0000021e668788c0 11230       4       com.zaxxer.hikari.util.SuspendResumeLock$1::acquire (1 bytes)
Event: 3439.471 Thread 0x0000021e668788c0 nmethod 11230 0x0000021e4d5bc310 code [0x0000021e4d5bc480, 0x0000021e4d5bc4f8]
Event: 3439.473 Thread 0x0000021e5cc28640 nmethod 11229 0x0000021e4d5bc610 code [0x0000021e4d5bc7a0, 0x0000021e4d5bcd68]
Event: 3439.493 Thread 0x0000021e5cc2b040 11231       3       org.springframework.core.MethodClassKey::equals (55 bytes)
Event: 3439.494 Thread 0x0000021e5cc2b040 nmethod 11231 0x0000021e46841c10 code [0x0000021e46841de0, 0x0000021e468422b8]
Event: 3439.531 Thread 0x0000021e5cc28640 11233       4       sun.util.locale.StringTokenIterator::next (74 bytes)
Event: 3439.531 Thread 0x0000021e668788c0 11232       4       sun.util.locale.LocaleUtils::isAlphaString (33 bytes)
Event: 3439.536 Thread 0x0000021e668788c0 nmethod 11232 0x0000021e4d5bce90 code [0x0000021e4d5bd020, 0x0000021e4d5bd358]
Event: 3439.536 Thread 0x0000021e668788c0 11234       4       org.springframework.beans.factory.config.BeanExpressionContext::hashCode (8 bytes)
Event: 3439.536 Thread 0x0000021e668788c0 nmethod 11234 0x0000021e4d5bd510 code [0x0000021e4d5bd6a0, 0x0000021e4d5bd798]
Event: 3439.543 Thread 0x0000021e5cc28640 nmethod 11233 0x0000021e4d5bd890 code [0x0000021e4d5bda40, 0x0000021e4d5be498]
Event: 3439.561 Thread 0x0000021e5cc28640 11235       4       org.apache.catalina.core.StandardContext::getServletContext (47 bytes)
Event: 3439.562 Thread 0x0000021e5cc2b040 11236   !   3       org.springframework.context.expression.StandardBeanExpressionResolver::evaluate (227 bytes)
Event: 3439.562 Thread 0x0000021e5cc28640 nmethod 11235 0x0000021e4d5be910 code [0x0000021e4d5bea80, 0x0000021e4d5beb18]
Event: 3439.565 Thread 0x0000021e5cc2b040 nmethod 11236 0x0000021e46842410 code [0x0000021e468429e0, 0x0000021e46845e58]
Event: 3439.573 Thread 0x0000021e5cc28640 11237       4       org.apache.tomcat.util.http.parser.HttpParser::skipConstant (84 bytes)
Event: 3439.587 Thread 0x0000021e5cc28640 nmethod 11237 0x0000021e4d5bec10 code [0x0000021e4d5bee00, 0x0000021e4d5c01b8]
Event: 3439.621 Thread 0x0000021e5cc28640 11238       4       org.springframework.core.annotation.AnnotationUtils::findAnnotation (99 bytes)

GC Heap History (20 events):
Event: 3437.284 GC heap before
{Heap before GC invocations=36 (full 0):
 garbage-first heap   total 54272K, used 44700K [0x0000000081e00000, 0x0000000100000000)
  region size 1024K, 17 young (17408K), 1 survivors (1024K)
 Metaspace       used 78515K, committed 78912K, reserved 1122304K
  class space    used 9654K, committed 9856K, reserved 1048576K
}
Event: 3437.286 GC heap after
{Heap after GC invocations=37 (full 0):
 garbage-first heap   total 54272K, used 28363K [0x0000000081e00000, 0x0000000100000000)
  region size 1024K, 1 young (1024K), 1 survivors (1024K)
 Metaspace       used 78515K, committed 78912K, reserved 1122304K
  class space    used 9654K, committed 9856K, reserved 1048576K
}
Event: 3437.589 GC heap before
{Heap before GC invocations=38 (full 0):
 garbage-first heap   total 54272K, used 44747K [0x0000000081e00000, 0x0000000100000000)
  region size 1024K, 17 young (17408K), 1 survivors (1024K)
 Metaspace       used 78519K, committed 78912K, reserved 1122304K
  class space    used 9654K, committed 9856K, reserved 1048576K
}
Event: 3437.590 GC heap after
{Heap after GC invocations=39 (full 0):
 garbage-first heap   total 54272K, used 28383K [0x0000000081e00000, 0x0000000100000000)
  region size 1024K, 1 young (1024K), 1 survivors (1024K)
 Metaspace       used 78519K, committed 78912K, reserved 1122304K
  class space    used 9654K, committed 9856K, reserved 1048576K
}
Event: 3437.606 GC heap before
{Heap before GC invocations=39 (full 0):
 garbage-first heap   total 54272K, used 29407K [0x0000000081e00000, 0x0000000100000000)
  region size 1024K, 2 young (2048K), 1 survivors (1024K)
 Metaspace       used 78519K, committed 78912K, reserved 1122304K
  class space    used 9654K, committed 9856K, reserved 1048576K
}
Event: 3437.608 GC heap after
{Heap after GC invocations=40 (full 0):
 garbage-first heap   total 54272K, used 28104K [0x0000000081e00000, 0x0000000100000000)
  region size 1024K, 1 young (1024K), 1 survivors (1024K)
 Metaspace       used 78519K, committed 78912K, reserved 1122304K
  class space    used 9654K, committed 9856K, reserved 1048576K
}
Event: 3437.763 GC heap before
{Heap before GC invocations=40 (full 0):
 garbage-first heap   total 54272K, used 44488K [0x0000000081e00000, 0x0000000100000000)
  region size 1024K, 17 young (17408K), 1 survivors (1024K)
 Metaspace       used 78538K, committed 78912K, reserved 1122304K
  class space    used 9655K, committed 9856K, reserved 1048576K
}
Event: 3437.765 GC heap after
{Heap after GC invocations=41 (full 0):
 garbage-first heap   total 54272K, used 28309K [0x0000000081e00000, 0x0000000100000000)
  region size 1024K, 1 young (1024K), 1 survivors (1024K)
 Metaspace       used 78538K, committed 78912K, reserved 1122304K
  class space    used 9655K, committed 9856K, reserved 1048576K
}
Event: 3437.901 GC heap before
{Heap before GC invocations=42 (full 0):
 garbage-first heap   total 55296K, used 44693K [0x0000000081e00000, 0x0000000100000000)
  region size 1024K, 17 young (17408K), 1 survivors (1024K)
 Metaspace       used 78548K, committed 78912K, reserved 1122304K
  class space    used 9655K, committed 9856K, reserved 1048576K
}
Event: 3437.903 GC heap after
{Heap after GC invocations=43 (full 0):
 garbage-first heap   total 55296K, used 28269K [0x0000000081e00000, 0x0000000100000000)
  region size 1024K, 1 young (1024K), 1 survivors (1024K)
 Metaspace       used 78548K, committed 78912K, reserved 1122304K
  class space    used 9655K, committed 9856K, reserved 1048576K
}
Event: 3437.905 GC heap before
{Heap before GC invocations=43 (full 0):
 garbage-first heap   total 55296K, used 29293K [0x0000000081e00000, 0x0000000100000000)
  region size 1024K, 2 young (2048K), 1 survivors (1024K)
 Metaspace       used 78548K, committed 78912K, reserved 1122304K
  class space    used 9655K, committed 9856K, reserved 1048576K
}
Event: 3437.908 GC heap after
{Heap after GC invocations=44 (full 0):
 garbage-first heap   total 55296K, used 28095K [0x0000000081e00000, 0x0000000100000000)
  region size 1024K, 1 young (1024K), 1 survivors (1024K)
 Metaspace       used 78548K, committed 78912K, reserved 1122304K
  class space    used 9655K, committed 9856K, reserved 1048576K
}
Event: 3438.265 GC heap before
{Heap before GC invocations=44 (full 0):
 garbage-first heap   total 55296K, used 47551K [0x0000000081e00000, 0x0000000100000000)
  region size 1024K, 20 young (20480K), 1 survivors (1024K)
 Metaspace       used 78548K, committed 78912K, reserved 1122304K
  class space    used 9655K, committed 9856K, reserved 1048576K
}
Event: 3438.267 GC heap after
{Heap after GC invocations=45 (full 0):
 garbage-first heap   total 55296K, used 27978K [0x0000000081e00000, 0x0000000100000000)
  region size 1024K, 1 young (1024K), 1 survivors (1024K)
 Metaspace       used 78548K, committed 78912K, reserved 1122304K
  class space    used 9655K, committed 9856K, reserved 1048576K
}
Event: 3438.620 GC heap before
{Heap before GC invocations=46 (full 0):
 garbage-first heap   total 55296K, used 47434K [0x0000000081e00000, 0x0000000100000000)
  region size 1024K, 20 young (20480K), 1 survivors (1024K)
 Metaspace       used 78548K, committed 78912K, reserved 1122304K
  class space    used 9655K, committed 9856K, reserved 1048576K
}
Event: 3438.622 GC heap after
{Heap after GC invocations=47 (full 0):
 garbage-first heap   total 55296K, used 27971K [0x0000000081e00000, 0x0000000100000000)
  region size 1024K, 1 young (1024K), 1 survivors (1024K)
 Metaspace       used 78548K, committed 78912K, reserved 1122304K
  class space    used 9655K, committed 9856K, reserved 1048576K
}
Event: 3438.637 GC heap before
{Heap before GC invocations=47 (full 0):
 garbage-first heap   total 55296K, used 28995K [0x0000000081e00000, 0x0000000100000000)
  region size 1024K, 2 young (2048K), 1 survivors (1024K)
 Metaspace       used 78548K, committed 78912K, reserved 1122304K
  class space    used 9655K, committed 9856K, reserved 1048576K
}
Event: 3438.640 GC heap after
{Heap after GC invocations=48 (full 0):
 garbage-first heap   total 55296K, used 27682K [0x0000000081e00000, 0x0000000100000000)
  region size 1024K, 1 young (1024K), 1 survivors (1024K)
 Metaspace       used 78548K, committed 78912K, reserved 1122304K
  class space    used 9655K, committed 9856K, reserved 1048576K
}
Event: 3438.983 GC heap before
{Heap before GC invocations=48 (full 0):
 garbage-first heap   total 55296K, used 47138K [0x0000000081e00000, 0x0000000100000000)
  region size 1024K, 20 young (20480K), 1 survivors (1024K)
 Metaspace       used 78548K, committed 78912K, reserved 1122304K
  class space    used 9655K, committed 9856K, reserved 1048576K
}
Event: 3438.985 GC heap after
{Heap after GC invocations=49 (full 0):
 garbage-first heap   total 132096K, used 27719K [0x0000000081e00000, 0x0000000100000000)
  region size 1024K, 1 young (1024K), 1 survivors (1024K)
 Metaspace       used 78548K, committed 78912K, reserved 1122304K
  class space    used 9655K, committed 9856K, reserved 1048576K
}

Dll operation events (3 events):
Event: 0.067 Loaded shared library C:\Program Files\JetBrains\IntelliJ IDEA Community Edition 2022.3.2\jbr\bin\java.dll
Event: 0.068 Loaded shared library C:\Program Files\JetBrains\IntelliJ IDEA Community Edition 2022.3.2\jbr\bin\zip.dll
Event: 1.771 Loaded shared library C:\Program Files\JetBrains\IntelliJ IDEA Community Edition 2022.3.2\jbr\bin\verify.dll

Deoptimization events (20 events):
Event: 3437.668 Thread 0x0000021e6085cbc0 Uncommon trap: trap_request=0xfffffff4 fr.pc=0x0000021e4d1a4cb0 relative=0x000000000000aeb0
Event: 3437.668 Thread 0x0000021e6085cbc0 Uncommon trap: reason=null_check action=make_not_entrant pc=0x0000021e4d1a4cb0 method=java.util.jar.JarFile.getManifestFromReference()Ljava/util/jar/Manifest; @ 14 c2
Event: 3437.668 Thread 0x0000021e6085cbc0 DEOPT PACKING pc=0x0000021e4d1a4cb0 sp=0x000000fe1bcf7130
Event: 3437.668 Thread 0x0000021e6085cbc0 DEOPT UNPACKING pc=0x0000021e4c9a69a3 sp=0x000000fe1bcf7110 mode 2
Event: 3438.506 Thread 0x0000021e6085b3b0 Uncommon trap: trap_request=0xffffffde fr.pc=0x0000021e4d556838 relative=0x0000000000001bd8
Event: 3438.506 Thread 0x0000021e6085b3b0 Uncommon trap: reason=class_check action=maybe_recompile pc=0x0000021e4d556838 method=jdk.internal.reflect.DelegatingMethodAccessorImpl.invoke(Ljava/lang/Object;[Ljava/lang/Object;)Ljava/lang/Object; @ 6 c2
Event: 3438.506 Thread 0x0000021e6085b3b0 DEOPT PACKING pc=0x0000021e4d556838 sp=0x000000fe1bdfc230
Event: 3438.506 Thread 0x0000021e6085b3b0 DEOPT UNPACKING pc=0x0000021e4c9a69a3 sp=0x000000fe1bdfc168 mode 2
Event: 3438.506 Thread 0x0000021e6085b3b0 Uncommon trap: trap_request=0xffffffde fr.pc=0x0000021e4d556838 relative=0x0000000000001bd8
Event: 3438.506 Thread 0x0000021e6085b3b0 Uncommon trap: reason=class_check action=maybe_recompile pc=0x0000021e4d556838 method=jdk.internal.reflect.DelegatingMethodAccessorImpl.invoke(Ljava/lang/Object;[Ljava/lang/Object;)Ljava/lang/Object; @ 6 c2
Event: 3438.506 Thread 0x0000021e6085b3b0 DEOPT PACKING pc=0x0000021e4d556838 sp=0x000000fe1bdfc240
Event: 3438.506 Thread 0x0000021e6085b3b0 DEOPT UNPACKING pc=0x0000021e4c9a69a3 sp=0x000000fe1bdfc178 mode 2
Event: 3438.508 Thread 0x0000021e6085cbc0 Uncommon trap: trap_request=0xffffffde fr.pc=0x0000021e4d556838 relative=0x0000000000001bd8
Event: 3438.508 Thread 0x0000021e6085cbc0 Uncommon trap: reason=class_check action=maybe_recompile pc=0x0000021e4d556838 method=jdk.internal.reflect.DelegatingMethodAccessorImpl.invoke(Ljava/lang/Object;[Ljava/lang/Object;)Ljava/lang/Object; @ 6 c2
Event: 3438.508 Thread 0x0000021e6085cbc0 DEOPT PACKING pc=0x0000021e4d556838 sp=0x000000fe1bcfb110
Event: 3438.508 Thread 0x0000021e6085cbc0 DEOPT UNPACKING pc=0x0000021e4c9a69a3 sp=0x000000fe1bcfb048 mode 2
Event: 3438.508 Thread 0x0000021e6085cbc0 Uncommon trap: trap_request=0xffffffde fr.pc=0x0000021e4d556838 relative=0x0000000000001bd8
Event: 3438.508 Thread 0x0000021e6085cbc0 Uncommon trap: reason=class_check action=maybe_recompile pc=0x0000021e4d556838 method=jdk.internal.reflect.DelegatingMethodAccessorImpl.invoke(Ljava/lang/Object;[Ljava/lang/Object;)Ljava/lang/Object; @ 6 c2
Event: 3438.508 Thread 0x0000021e6085cbc0 DEOPT PACKING pc=0x0000021e4d556838 sp=0x000000fe1bcfb130
Event: 3438.508 Thread 0x0000021e6085cbc0 DEOPT UNPACKING pc=0x0000021e4c9a69a3 sp=0x000000fe1bcfb068 mode 2

Classes unloaded (20 events):
Event: 2081.110 Thread 0x0000021e5c051a30 Unloading class 0x0000000100308400 'jdk/internal/reflect/GeneratedConstructorAccessor7'
Event: 2081.110 Thread 0x0000021e5c051a30 Unloading class 0x0000000100308000 'jdk/internal/reflect/GeneratedConstructorAccessor6'
Event: 2081.110 Thread 0x0000021e5c051a30 Unloading class 0x00000001002f8400 'jdk/internal/reflect/GeneratedConstructorAccessor5'
Event: 2081.110 Thread 0x0000021e5c051a30 Unloading class 0x00000001002c0400 'java/lang/invoke/LambdaForm$DMH+0x00000001002c0400'
Event: 2081.110 Thread 0x0000021e5c051a30 Unloading class 0x0000000100220400 'java/lang/invoke/LambdaForm$MH+0x0000000100220400'
Event: 2081.110 Thread 0x0000021e5c051a30 Unloading class 0x0000000100220000 'java/lang/invoke/LambdaForm$MH+0x0000000100220000'
Event: 2081.110 Thread 0x0000021e5c051a30 Unloading class 0x000000010021dc00 'java/lang/invoke/LambdaForm$MH+0x000000010021dc00'
Event: 2081.110 Thread 0x0000021e5c051a30 Unloading class 0x000000010021d800 'java/lang/invoke/LambdaForm$MH+0x000000010021d800'
Event: 2081.110 Thread 0x0000021e5c051a30 Unloading class 0x000000010021d000 'java/lang/invoke/LambdaForm$MH+0x000000010021d000'
Event: 2081.110 Thread 0x0000021e5c051a30 Unloading class 0x000000010021cc00 'java/lang/invoke/LambdaForm$MH+0x000000010021cc00'
Event: 2081.110 Thread 0x0000021e5c051a30 Unloading class 0x000000010021c800 'java/lang/invoke/LambdaForm$MH+0x000000010021c800'
Event: 2081.110 Thread 0x0000021e5c051a30 Unloading class 0x000000010021c400 'java/lang/invoke/LambdaForm$MH+0x000000010021c400'
Event: 2081.110 Thread 0x0000021e5c051a30 Unloading class 0x00000001001b3000 'java/lang/invoke/LambdaForm$MH+0x00000001001b3000'
Event: 2081.110 Thread 0x0000021e5c051a30 Unloading class 0x00000001001b2800 'java/lang/invoke/LambdaForm$MH+0x00000001001b2800'
Event: 2081.110 Thread 0x0000021e5c051a30 Unloading class 0x00000001001b2400 'java/lang/invoke/LambdaForm$MH+0x00000001001b2400'
Event: 2081.110 Thread 0x0000021e5c051a30 Unloading class 0x00000001001b2000 'java/lang/invoke/LambdaForm$MH+0x00000001001b2000'
Event: 2081.110 Thread 0x0000021e5c051a30 Unloading class 0x00000001001b1800 'java/lang/invoke/LambdaForm$MH+0x00000001001b1800'
Event: 2081.110 Thread 0x0000021e5c051a30 Unloading class 0x00000001001b1000 'java/lang/invoke/LambdaForm$MH+0x00000001001b1000'
Event: 3239.672 Thread 0x0000021e5c051a30 Unloading class 0x000000010052c000 'jdk/internal/reflect/GeneratedConstructorAccessor25'
Event: 3239.672 Thread 0x0000021e5c051a30 Unloading class 0x0000000100124c00 'jdk/internal/reflect/GeneratedMethodAccessor1'

Classes redefined (0 events):
No events

Internal exceptions (20 events):
Event: 346.920 Thread 0x0000021e5efa0940 Exception <a 'java/lang/ClassNotFoundException'{0x0000000084c98108}: java/lang/ObjectCustomizer> (0x0000000084c98108) 
thrown [s\src\hotspot\share\classfile\systemDictionary.cpp, line 256]
Event: 346.922 Thread 0x0000021e5efa0940 Exception <a 'java/lang/ClassNotFoundException'{0x0000000084ca2100}: com/example/HomeToHomeSpring/model/BranchModelCustomizer> (0x0000000084ca2100) 
thrown [s\src\hotspot\share\classfile\systemDictionary.cpp, line 256]
Event: 347.124 Thread 0x0000021e5efa0940 Implicit null exception at 0x0000021e4d21f520 to 0x0000021e4d226788
Event: 424.424 Thread 0x0000021e6085cbc0 Implicit null exception at 0x0000021e4cfc4fc0 to 0x0000021e4cfc51d8
Event: 551.411 Thread 0x0000021e6085bd50 Implicit null exception at 0x0000021e4d2c2a80 to 0x0000021e4d2cac6c
Event: 1772.199 Thread 0x0000021e5efa0470 Exception <a 'java/io/IOException'{0x0000000089b8fae8}> (0x0000000089b8fae8) 
thrown [s\src\hotspot\share\prims\jni.cpp, line 517]
Event: 1772.199 Thread 0x0000021e5efa0470 Exception <a 'java/io/IOException'{0x0000000089b90628}> (0x0000000089b90628) 
thrown [s\src\hotspot\share\prims\jni.cpp, line 517]
Event: 1772.205 Thread 0x0000021e5efa2150 Implicit null exception at 0x0000021e4d2f61c0 to 0x0000021e4d2f645c
Event: 1772.208 Thread 0x0000021e5efa2150 Implicit null exception at 0x0000021e4d2ec5a3 to 0x0000021e4d2eca84
Event: 1773.229 Thread 0x0000021e5efa0470 Exception <a 'java/net/SocketException'{0x0000000089b93a18}: Connection reset by peer: shutdown> (0x0000000089b93a18) 
thrown [s\src\hotspot\share\prims\jni.cpp, line 536]
Event: 1781.537 Thread 0x0000021e5efa5b10 Exception <a 'java/net/SocketException'{0x0000000088d56ce0}: Connection reset by peer: shutdown> (0x0000000088d56ce0) 
thrown [s\src\hotspot\share\prims\jni.cpp, line 536]
Event: 1786.245 Thread 0x0000021e5efa5b10 Exception <a 'java/io/IOException'{0x0000000088c2eba8}> (0x0000000088c2eba8) 
thrown [s\src\hotspot\share\prims\jni.cpp, line 517]
Event: 1790.298 Thread 0x0000021e5efa5b10 Exception <a 'java/net/SocketException'{0x0000000088c9f2e0}: Connection reset by peer: shutdown> (0x0000000088c9f2e0) 
thrown [s\src\hotspot\share\prims\jni.cpp, line 536]
Event: 1791.713 Thread 0x0000021e5efa5b10 Exception <a 'java/net/SocketException'{0x0000000088ca1028}: Connection reset by peer: shutdown> (0x0000000088ca1028) 
thrown [s\src\hotspot\share\prims\jni.cpp, line 536]
Event: 1794.463 Thread 0x0000021e5efa5b10 Exception <a 'java/net/SocketException'{0x0000000084de5cc8}: Connection reset by peer: shutdown> (0x0000000084de5cc8) 
thrown [s\src\hotspot\share\prims\jni.cpp, line 536]
Event: 3357.158 Thread 0x0000021e6085cbc0 Implicit null exception at 0x0000021e4cf62700 to 0x0000021e4cf6365c
Event: 3357.158 Thread 0x0000021e6085cbc0 Implicit null exception at 0x0000021e4d05d8b6 to 0x0000021e4d05e0dc
Event: 3357.159 Thread 0x0000021e6085cbc0 Implicit null exception at 0x0000021e4d048494 to 0x0000021e4d04ceb4
Event: 3357.172 Thread 0x0000021e5efa0940 Implicit null exception at 0x0000021e4d15e8c0 to 0x0000021e4d15f38c
Event: 3437.668 Thread 0x0000021e6085cbc0 Implicit null exception at 0x0000021e4d19a38d to 0x0000021e4d1a4c7c

VM Operations (20 events):
Event: 3437.901 Executing VM operation: G1CollectForAllocation
Event: 3437.903 Executing VM operation: G1CollectForAllocation done
Event: 3437.905 Executing VM operation: G1CollectForAllocation
Event: 3437.908 Executing VM operation: G1CollectForAllocation done
Event: 3438.265 Executing VM operation: G1CollectForAllocation
Event: 3438.267 Executing VM operation: G1CollectForAllocation done
Event: 3438.286 Executing VM operation: G1Concurrent
Event: 3438.289 Executing VM operation: G1Concurrent done
Event: 3438.298 Executing VM operation: G1Concurrent
Event: 3438.298 Executing VM operation: G1Concurrent done
Event: 3438.620 Executing VM operation: G1CollectForAllocation
Event: 3438.622 Executing VM operation: G1CollectForAllocation done
Event: 3438.637 Executing VM operation: G1CollectForAllocation
Event: 3438.640 Executing VM operation: G1CollectForAllocation done
Event: 3438.983 Executing VM operation: G1CollectForAllocation
Event: 3438.985 Executing VM operation: G1CollectForAllocation done
Event: 3439.004 Executing VM operation: G1Concurrent
Event: 3439.007 Executing VM operation: G1Concurrent done
Event: 3439.016 Executing VM operation: G1Concurrent
Event: 3439.016 Executing VM operation: G1Concurrent done

Events (20 events):
Event: 2018.640 Thread 0x0000021e5cc2ba30 flushing nmethod 0x0000021e460d3e10
Event: 2018.640 Thread 0x0000021e5cc2ba30 flushing nmethod 0x0000021e46145490
Event: 2018.640 Thread 0x0000021e5cc2ba30 flushing nmethod 0x0000021e461aae90
Event: 2018.641 Thread 0x0000021e5cc2ba30 flushing nmethod 0x0000021e461fea90
Event: 2018.641 Thread 0x0000021e5cc2ba30 flushing nmethod 0x0000021e4620c110
Event: 2018.642 Thread 0x0000021e5cc2ba30 flushing nmethod 0x0000021e463f1590
Event: 2018.642 Thread 0x0000021e5cc2ba30 flushing nmethod 0x0000021e463f9910
Event: 2018.642 Thread 0x0000021e5cc2ba30 flushing nmethod 0x0000021e46403b10
Event: 2018.642 Thread 0x0000021e5cc2ba30 flushing nmethod 0x0000021e46406390
Event: 2018.642 Thread 0x0000021e5e264480 Thread added: 0x0000021e5e264480
Event: 2023.654 Thread 0x0000021e5e264480 Thread exited: 0x0000021e5e264480
Event: 2121.107 Thread 0x0000021e5e264480 Thread added: 0x0000021e5e264480
Event: 2126.138 Thread 0x0000021e5e264480 Thread exited: 0x0000021e5e264480
Event: 3436.941 Thread 0x0000021e668788c0 Thread added: 0x0000021e668788c0
Event: 3437.668 loading class org/hibernate/engine/internal/EntityEntryContext$1
Event: 3437.668 loading class org/hibernate/engine/internal/EntityEntryContext$1 done
Event: 3437.811 Thread 0x0000021e5cc2ba30 flushing nmethod 0x0000021e45f10b90
Event: 3437.837 Thread 0x0000021e5efa5fe0 Thread added: 0x0000021e5efa5fe0
Event: 3439.011 loading class jdk/internal/misc/ScopedMemoryAccess$Scope$Handle
Event: 3439.011 loading class jdk/internal/misc/ScopedMemoryAccess$Scope$Handle done


Dynamic libraries:
0x00007ff60c9d0000 - 0x00007ff60c9da000 	C:\Program Files\JetBrains\IntelliJ IDEA Community Edition 2022.3.2\jbr\bin\java.exe
0x00007ffe1eab0000 - 0x00007ffe1eca8000 	C:\Windows\SYSTEM32\ntdll.dll
0x00007ffe1e9b0000 - 0x00007ffe1ea6f000 	C:\Windows\System32\KERNEL32.DLL
0x00007ffe1c310000 - 0x00007ffe1c606000 	C:\Windows\System32\KERNELBASE.dll
0x00007ffe1c190000 - 0x00007ffe1c290000 	C:\Windows\System32\ucrtbase.dll
0x00007ffdf38c0000 - 0x00007ffdf38db000 	C:\Program Files\JetBrains\IntelliJ IDEA Community Edition 2022.3.2\jbr\bin\VCRUNTIME140.dll
0x00007ffdf7660000 - 0x00007ffdf7677000 	C:\Program Files\JetBrains\IntelliJ IDEA Community Edition 2022.3.2\jbr\bin\jli.dll
0x00007ffe1e670000 - 0x00007ffe1e80d000 	C:\Windows\System32\USER32.dll
0x00007ffe1cae0000 - 0x00007ffe1cb02000 	C:\Windows\System32\win32u.dll
0x00007ffe1d920000 - 0x00007ffe1d94c000 	C:\Windows\System32\GDI32.dll
0x00007ffe1c7b0000 - 0x00007ffe1c8c5000 	C:\Windows\System32\gdi32full.dll
0x00007ffe1c610000 - 0x00007ffe1c6ad000 	C:\Windows\System32\msvcp_win.dll
0x00007ffe09c00000 - 0x00007ffe09e9a000 	C:\Windows\WinSxS\amd64_microsoft.windows.common-controls_6595b64144ccf1df_6.0.19041.1110_none_60b5254171f9507e\COMCTL32.dll
0x00007ffe1d090000 - 0x00007ffe1d12e000 	C:\Windows\System32\msvcrt.dll
0x00007ffe1dc40000 - 0x00007ffe1dc70000 	C:\Windows\System32\IMM32.DLL
0x00007ffe061e0000 - 0x00007ffe061ec000 	C:\Program Files\JetBrains\IntelliJ IDEA Community Edition 2022.3.2\jbr\bin\vcruntime140_1.dll
0x00007ffde1860000 - 0x00007ffde18ed000 	C:\Program Files\JetBrains\IntelliJ IDEA Community Edition 2022.3.2\jbr\bin\msvcp140.dll
0x00007ffdd1a50000 - 0x00007ffdd26bd000 	C:\Program Files\JetBrains\IntelliJ IDEA Community Edition 2022.3.2\jbr\bin\server\jvm.dll
0x00007ffe1d260000 - 0x00007ffe1d30f000 	C:\Windows\System32\ADVAPI32.dll
0x00007ffe1d440000 - 0x00007ffe1d4dc000 	C:\Windows\System32\sechost.dll
0x00007ffe1d310000 - 0x00007ffe1d436000 	C:\Windows\System32\RPCRT4.dll
0x00007ffe19a00000 - 0x00007ffe19a09000 	C:\Windows\SYSTEM32\WSOCK32.dll
0x00007ffe1d950000 - 0x00007ffe1d9bb000 	C:\Windows\System32\WS2_32.dll
0x00007ffe0a190000 - 0x00007ffe0a1b7000 	C:\Windows\SYSTEM32\WINMM.dll
0x00007ffe171e0000 - 0x00007ffe171ea000 	C:\Windows\SYSTEM32\VERSION.dll
0x00007ffe1a070000 - 0x00007ffe1a082000 	C:\Windows\SYSTEM32\kernel.appcore.dll
0x00007ffe146f0000 - 0x00007ffe146fa000 	C:\Program Files\JetBrains\IntelliJ IDEA Community Edition 2022.3.2\jbr\bin\jimage.dll
0x00007ffe0ae80000 - 0x00007ffe0b064000 	C:\Windows\SYSTEM32\DBGHELP.DLL
0x00007ffe0a860000 - 0x00007ffe0a894000 	C:\Windows\SYSTEM32\dbgcore.DLL
0x00007ffe1c6b0000 - 0x00007ffe1c732000 	C:\Windows\System32\bcryptPrimitives.dll
0x00007ffde3cd0000 - 0x00007ffde3d0b000 	C:\Program Files\JetBrains\IntelliJ IDEA Community Edition 2022.3.2\jbr\bin\jdwp.dll
0x00007ffe07830000 - 0x00007ffe0783e000 	C:\Program Files\JetBrains\IntelliJ IDEA Community Edition 2022.3.2\jbr\bin\instrument.dll
0x00007ffdf7680000 - 0x00007ffdf76a5000 	C:\Program Files\JetBrains\IntelliJ IDEA Community Edition 2022.3.2\jbr\bin\java.dll
0x00007ffe0bf20000 - 0x00007ffe0bf38000 	C:\Program Files\JetBrains\IntelliJ IDEA Community Edition 2022.3.2\jbr\bin\zip.dll
0x00007ffe1dc70000 - 0x00007ffe1e3b4000 	C:\Windows\System32\SHELL32.dll
0x00007ffe1a270000 - 0x00007ffe1aa03000 	C:\Windows\SYSTEM32\windows.storage.dll
0x00007ffe1d5c0000 - 0x00007ffe1d914000 	C:\Windows\System32\combase.dll
0x00007ffe1bb10000 - 0x00007ffe1bb3e000 	C:\Windows\SYSTEM32\Wldp.dll
0x00007ffe1cb70000 - 0x00007ffe1cc1d000 	C:\Windows\System32\SHCORE.dll
0x00007ffe1e570000 - 0x00007ffe1e5c5000 	C:\Windows\System32\shlwapi.dll
0x00007ffe1c0d0000 - 0x00007ffe1c0ef000 	C:\Windows\SYSTEM32\profapi.dll
0x00007ffe14670000 - 0x00007ffe1467c000 	C:\Program Files\JetBrains\IntelliJ IDEA Community Edition 2022.3.2\jbr\bin\dt_socket.dll
0x00007ffe1b560000 - 0x00007ffe1b59c000 	C:\Windows\SYSTEM32\IPHLPAPI.DLL
0x00007ffe1b870000 - 0x00007ffe1b8da000 	C:\Windows\system32\mswsock.dll
0x00007ffe056d0000 - 0x00007ffe056e9000 	C:\Program Files\JetBrains\IntelliJ IDEA Community Edition 2022.3.2\jbr\bin\net.dll
0x00007ffe16520000 - 0x00007ffe1662a000 	C:\Windows\SYSTEM32\WINHTTP.dll
0x00007ffdf85c0000 - 0x00007ffdf85d6000 	C:\Program Files\JetBrains\IntelliJ IDEA Community Edition 2022.3.2\jbr\bin\nio.dll
0x00007ffe12250000 - 0x00007ffe12260000 	C:\Program Files\JetBrains\IntelliJ IDEA Community Edition 2022.3.2\jbr\bin\verify.dll
0x00007ffe08740000 - 0x00007ffe08749000 	C:\Program Files\JetBrains\IntelliJ IDEA Community Edition 2022.3.2\jbr\bin\management.dll
0x00007ffe082d0000 - 0x00007ffe082db000 	C:\Program Files\JetBrains\IntelliJ IDEA Community Edition 2022.3.2\jbr\bin\management_ext.dll
0x00007ffe1d4e0000 - 0x00007ffe1d4e8000 	C:\Windows\System32\PSAPI.DLL
0x00007ffe08220000 - 0x00007ffe08237000 	C:\Windows\system32\napinsp.dll
0x00007ffe07f50000 - 0x00007ffe07f6b000 	C:\Windows\system32\pnrpnsp.dll
0x00007ffe07e00000 - 0x00007ffe07e15000 	C:\Windows\system32\wshbth.dll
0x00007ffe17b50000 - 0x00007ffe17b6d000 	C:\Windows\system32\NLAapi.dll
0x00007ffe1b5f0000 - 0x00007ffe1b6bb000 	C:\Windows\SYSTEM32\DNSAPI.dll
0x00007ffe1dbb0000 - 0x00007ffe1dbb8000 	C:\Windows\System32\NSI.dll
0x00007ffe07de0000 - 0x00007ffe07df2000 	C:\Windows\System32\winrnr.dll
0x00007ffe0eb90000 - 0x00007ffe0eb9a000 	C:\Windows\System32\rasadhlp.dll
0x00007ffe128e0000 - 0x00007ffe12962000 	C:\Windows\System32\fwpuclnt.dll
0x00007ffe1c2e0000 - 0x00007ffe1c307000 	C:\Windows\System32\bcrypt.dll
0x00007ffe1ba60000 - 0x00007ffe1ba78000 	C:\Windows\SYSTEM32\CRYPTSP.dll
0x00007ffe1b190000 - 0x00007ffe1b1c4000 	C:\Windows\system32\rsaenh.dll
0x00007ffe1c050000 - 0x00007ffe1c07e000 	C:\Windows\SYSTEM32\USERENV.dll
0x00007ffe1ba80000 - 0x00007ffe1ba8c000 	C:\Windows\SYSTEM32\CRYPTBASE.dll
0x00007ffe16c80000 - 0x00007ffe16c97000 	C:\Windows\SYSTEM32\dhcpcsvc6.DLL
0x00007ffe16c60000 - 0x00007ffe16c7d000 	C:\Windows\SYSTEM32\dhcpcsvc.DLL
0x00007ffe06980000 - 0x00007ffe0698e000 	C:\Program Files\JetBrains\IntelliJ IDEA Community Edition 2022.3.2\jbr\bin\sunmscapi.dll
0x00007ffe1c8d0000 - 0x00007ffe1ca2e000 	C:\Windows\System32\CRYPT32.dll
0x00007ffe1bb80000 - 0x00007ffe1bba8000 	C:\Windows\SYSTEM32\ncrypt.dll
0x00007ffe1bb40000 - 0x00007ffe1bb7b000 	C:\Windows\SYSTEM32\NTASN1.dll
0x00007ffe08730000 - 0x00007ffe08737000 	C:\Windows\system32\wshunix.dll

dbghelp: loaded successfully - version: 4.0.5 - missing functions: none
symbol engine: initialized successfully - sym options: 0x614 - pdb path: .;C:\Program Files\JetBrains\IntelliJ IDEA Community Edition 2022.3.2\jbr\bin;C:\Windows\SYSTEM32;C:\Windows\WinSxS\amd64_microsoft.windows.common-controls_6595b64144ccf1df_6.0.19041.1110_none_60b5254171f9507e;C:\Program Files\JetBrains\IntelliJ IDEA Community Edition 2022.3.2\jbr\bin\server

VM Arguments:
jvm_args: -agentlib:jdwp=transport=dt_socket,address=127.0.0.1:58481,suspend=y,server=n -javaagent:C:\Users\User\AppData\Local\JetBrains\IdeaIC2022.3\captureAgent\debugger-agent.jar -Dfile.encoding=UTF-8 
java_command: com.example.HomeToHomeSpring.HomeToHomeSpringApplication
java_class_path (initial): C:\Users\User\Documents\GitHub\SpringAPIForCourier\target\classes;C:\Users\User\.m2\repository\org\springframework\boot\spring-boot-starter-data-jpa\2.7.10\spring-boot-starter-data-jpa-2.7.10.jar;C:\Users\User\.m2\repository\org\springframework\boot\spring-boot-starter-aop\2.7.10\spring-boot-starter-aop-2.7.10.jar;C:\Users\User\.m2\repository\org\springframework\spring-aop\5.3.26\spring-aop-5.3.26.jar;C:\Users\User\.m2\repository\org\aspectj\aspectjweaver\1.9.7\aspectjweaver-1.9.7.jar;C:\Users\User\.m2\repository\org\springframework\boot\spring-boot-starter-jdbc\2.7.10\spring-boot-starter-jdbc-2.7.10.jar;C:\Users\User\.m2\repository\com\zaxxer\HikariCP\4.0.3\HikariCP-4.0.3.jar;C:\Users\User\.m2\repository\org\springframework\spring-jdbc\5.3.26\spring-jdbc-5.3.26.jar;C:\Users\User\.m2\repository\jakarta\transaction\jakarta.transaction-api\1.3.3\jakarta.transaction-api-1.3.3.jar;C:\Users\User\.m2\repository\jakarta\persistence\jakarta.persistence-api\2.2.3\jakarta.persistence-api-2.2.3.jar;C:\Users\User\.m2\repository\org\hibernate\hibernate-core\5.6.15.Final\hibernate-core-5.6.15.Final.jar;C:\Users\User\.m2\repository\org\jboss\logging\jboss-logging\3.4.3.Final\jboss-logging-3.4.3.Final.jar;C:\Users\User\.m2\repository\net\bytebuddy\byte-buddy\1.12.23\byte-buddy-1.12.23.jar;C:\Users\User\.m2\repository\antlr\antlr\2.7.7\antlr-2.7.7.jar;C:\Users\User\.m2\repository\org\jboss\jandex\2.4.2.Final\jandex-2.4.2.Final.jar;C:\Users\User\.m2\repository\com\fasterxml\classmate\1.5.1\classmate-1.5.1.jar;C:\Users\User\.m2\repository\org\hibernate\common\hibernate-commons-annotations\5.1.2.Final\hibernate-commons-annotations-5.1.2.Final.jar;C:\Users\User\.m2\repository\org\glassfish\jaxb\jaxb-runtime\2.3.8\jaxb-runtime-2.3.8.jar;C:\Users\User\.m2\repository\org\glassfish\jaxb\txw2\2.3.8\txw2-2.3.8.jar;C:\Users\User\.m2\repository\com\sun\istack\istack-commons-runtime\3.0.12\istack-commons-runtime-3.0.12.jar;C:\Users\User\.m2\repository\com\sun\activat
Launcher Type: SUN_STANDARD

[Global flags]
     intx CICompilerCount                          = 3                                         {product} {ergonomic}
     uint ConcGCThreads                            = 2                                         {product} {ergonomic}
     uint G1ConcRefinementThreads                  = 6                                         {product} {ergonomic}
   size_t G1HeapRegionSize                         = 1048576                                   {product} {ergonomic}
    uintx GCDrainStackTargetSize                   = 64                                        {product} {ergonomic}
   size_t InitialHeapSize                          = 134217728                                 {product} {ergonomic}
   size_t MarkStackSize                            = 4194304                                   {product} {ergonomic}
   size_t MaxHeapSize                              = 2116026368                                {product} {ergonomic}
   size_t MaxNewSize                               = 1268776960                                {product} {ergonomic}
   size_t MinHeapDeltaBytes                        = 1048576                                   {product} {ergonomic}
   size_t MinHeapSize                              = 8388608                                   {product} {ergonomic}
    uintx NonNMethodCodeHeapSize                   = 5832780                                {pd product} {ergonomic}
    uintx NonProfiledCodeHeapSize                  = 122912730                              {pd product} {ergonomic}
    uintx ProfiledCodeHeapSize                     = 122912730                              {pd product} {ergonomic}
    uintx ReservedCodeCacheSize                    = 251658240                              {pd product} {ergonomic}
     bool SegmentedCodeCache                       = true                                      {product} {ergonomic}
   size_t SoftMaxHeapSize                          = 2116026368                             {manageable} {ergonomic}
     bool UseCompressedClassPointers               = true                           {product lp64_product} {ergonomic}
     bool UseCompressedOops                        = true                           {product lp64_product} {ergonomic}
     bool UseG1GC                                  = true                                      {product} {ergonomic}
     bool UseLargePagesIndividualAllocation        = false                                  {pd product} {ergonomic}

Logging:
Log output configuration:
 #0: stdout all=warning uptime,level,tags
 #1: stderr all=off uptime,level,tags

Environment Variables:
PATH=C:\Program Files\Java\jdk1.8.0_341\bin;C:\Program Files\Git\cmd;C:\Program Files (x86)\Inno Setup 5;C:\Program Files\MySQL\MySQL Server 8.0\bin;C:\Program Files\nodejs\;C:\Program Files\Cloudflare\Cloudflare WARP\;C:\Program Files\MySQL\MySQL Shell 8.0\bin\;C:\Users\User\AppData\Local\Microsoft\WindowsApps;C:\Users\User\AppData\Local\Programs\Microsoft VS Code\bin;C:\Users\User\AppData\Local\GitHubDesktop\bin;C:\MinGW\bin;C:\MinGW\msys\1.0\bin;C:\Windows\System32;C:\Windows\SysWOW64\wbem;C:\Program Files (x86)\Inno Setup 5;C:\Users\User\AppData\Roaming\npm;C:\Program Files\JetBrains\IntelliJ IDEA Community Edition 2022.3.2\bin;
USERNAME=sajeeb
OS=Windows_NT
PROCESSOR_IDENTIFIER=Intel64 Family 6 Model 158 Stepping 10, GenuineIntel
TMP=C:\Users\User\AppData\Local\Temp
TEMP=C:\Users\User\AppData\Local\Temp



---------------  S Y S T E M  ---------------

OS:
 Windows 10 , 64 bit Build 19041 (10.0.19041.2913)
OS uptime: 0 days 16:13 hours

CPU: total 6 (initial active 6) (6 cores per cpu, 1 threads per core) family 6 model 158 stepping 10 microcode 0xb4, cx8, cmov, fxsr, mmx, 3dnowpref, sse, sse2, sse3, ssse3, sse4.1, sse4.2, popcnt, lzcnt, tsc, tscinvbit, avx, avx2, aes, erms, clmul, bmi1, bmi2, adx, fma, vzeroupper, clflush, clflushopt

Memory: 4k page, system-wide physical 8069M (998M free)
TotalPageFile size 12165M (AvailPageFile size 0M)
current process WorkingSet (physical memory assigned to process): 257M, peak: 290M
current process commit charge ("private bytes"): 319M, peak: 370M

vm_info: OpenJDK 64-Bit Server VM (17.0.6+1-b653.34) for windows-amd64 JRE (17.0.6+1-b653.34), built on 2023-02-24 by "builduser" with MS VC++ 16.10 / 16.11 (VS2019)

END.
