#
# There is insufficient memory for the Java Runtime Environment to continue.
# Native memory allocation (malloc) failed to allocate 129456 bytes for Chunk::new
# Possible reasons:
#   The system is out of physical RAM or swap space
#   The process is running with CompressedOops enabled, and the Java Heap may be blocking the growth of the native heap
# Possible solutions:
#   Reduce memory load on the system
#   Increase physical memory or swap space
#   Check if swap backing store is full
#   Decrease Java heap size (-Xmx/-Xms)
#   Decrease number of Java threads
#   Decrease Java thread stack sizes (-Xss)
#   Set larger code cache with -XX:ReservedCodeCacheSize=
#   JVM is running with Unscaled Compressed Oops mode in which the Java heap is
#     placed in the first 4GB address space. The Java Heap base address is the
#     maximum limit for the native heap growth. Please use -XX:HeapBaseMinAddress
#     to set the Java Heap base and to place the Java Heap above 4GB virtual address.
# This output file may be truncated or incomplete.
#
#  Out of Memory Error (allocation.cpp:389), pid=4732, tid=0x0000000000001c18
#
# JRE version: Java(TM) SE Runtime Environment (8.0_341-b10) (build 1.8.0_341-b10)
# Java VM: Java HotSpot(TM) 64-Bit Server VM (25.341-b10 mixed mode windows-amd64 compressed oops)
# Failed to write core dump. Minidumps are not enabled by default on client versions of Windows
#

---------------  T H R E A D  ---------------

Current thread (0x00000226af3c7800):  JavaThread "C2 CompilerThread0" daemon [_thread_in_native, id=7192, stack(0x0000003e70000000,0x0000003e70100000)]

Stack: [0x0000003e70000000,0x0000003e70100000]
Native frames: (J=compiled Java code, j=interpreted, Vv=VM code, C=native code)
V  [jvm.dll+0x32fa99]
V  [jvm.dll+0x275ff2]
V  [jvm.dll+0x276c9d]
V  [jvm.dll+0x26d645]
V  [jvm.dll+0xd583c]
V  [jvm.dll+0xd603c]
V  [jvm.dll+0x4714c3]
V  [jvm.dll+0x43889e]
V  [jvm.dll+0x441b85]
V  [jvm.dll+0x440f45]
V  [jvm.dll+0x42bceb]
V  [jvm.dll+0xac68b]
V  [jvm.dll+0xaaceb]
V  [jvm.dll+0x23e542]
V  [jvm.dll+0x292d2c]
C  [ucrtbase.dll+0x21bb2]
C  [KERNEL32.DLL+0x17614]
C  [ntdll.dll+0x526a1]


Current CompileTask:
C2: 639270 6293 %     4       java.text.MessageFormat::applyPattern @ 34 (422 bytes)


---------------  P R O C E S S  ---------------

Java Threads: ( => current thread )
  0x00000226b544f000 JavaThread "DestroyJavaVM" [_thread_blocked, id=11460, stack(0x0000003e6f100000,0x0000003e6f200000)]
  0x00000226b544e800 JavaThread "http-nio-8080-Acceptor" daemon [_thread_in_native, id=948, stack(0x0000003e71700000,0x0000003e71800000)]
  0x00000226b5451800 JavaThread "http-nio-8080-Poller" daemon [_thread_in_native, id=4224, stack(0x0000003e71600000,0x0000003e71700000)]
  0x00000226b5450800 JavaThread "http-nio-8080-exec-10" daemon [_thread_blocked, id=552, stack(0x0000003e71500000,0x0000003e71600000)]
  0x00000226b5454800 JavaThread "http-nio-8080-exec-9" daemon [_thread_blocked, id=7920, stack(0x0000003e71400000,0x0000003e71500000)]
  0x00000226b54f1000 JavaThread "http-nio-8080-exec-8" daemon [_thread_blocked, id=11136, stack(0x0000003e71300000,0x0000003e71400000)]
  0x00000226b54ee800 JavaThread "http-nio-8080-exec-7" daemon [_thread_blocked, id=15348, stack(0x0000003e71200000,0x0000003e71300000)]
  0x00000226b54ee000 JavaThread "http-nio-8080-exec-6" daemon [_thread_blocked, id=4600, stack(0x0000003e71100000,0x0000003e71200000)]
  0x00000226b54f0000 JavaThread "http-nio-8080-exec-5" daemon [_thread_blocked, id=10680, stack(0x0000003e71000000,0x0000003e71100000)]
  0x00000226b54ed000 JavaThread "http-nio-8080-exec-4" daemon [_thread_blocked, id=11952, stack(0x0000003e70f00000,0x0000003e71000000)]
  0x00000226b54ec800 JavaThread "http-nio-8080-exec-3" daemon [_thread_blocked, id=11336, stack(0x0000003e70e00000,0x0000003e70f00000)]
  0x00000226b54f1800 JavaThread "http-nio-8080-exec-2" daemon [_thread_blocked, id=3456, stack(0x0000003e70d00000,0x0000003e70e00000)]
  0x00000226b54ef800 JavaThread "http-nio-8080-exec-1" daemon [_thread_blocked, id=12144, stack(0x0000003e70c00000,0x0000003e70d00000)]
  0x00000226b54eb000 JavaThread "HikariPool-1 housekeeper" daemon [_thread_blocked, id=1812, stack(0x0000003e70a00000,0x0000003e70b00000)]
  0x00000226b44fd000 JavaThread "mysql-cj-abandoned-connection-cleanup" daemon [_thread_blocked, id=1712, stack(0x0000003e70800000,0x0000003e70900000)]
  0x00000226b5ed1800 JavaThread "container-0" [_thread_blocked, id=8644, stack(0x0000003e70700000,0x0000003e70800000)]
  0x00000226b5ed0000 JavaThread "Catalina-utility-2" [_thread_blocked, id=9408, stack(0x0000003e70600000,0x0000003e70700000)]
  0x00000226b7b97800 JavaThread "Catalina-utility-1" [_thread_blocked, id=2960, stack(0x0000003e70500000,0x0000003e70600000)]
  0x00000226af3ce800 JavaThread "Service Thread" daemon [_thread_blocked, id=1568, stack(0x0000003e70300000,0x0000003e70400000)]
  0x00000226af3c2800 JavaThread "C1 CompilerThread2" daemon [_thread_blocked, id=11928, stack(0x0000003e70200000,0x0000003e70300000)]
  0x00000226af3c1800 JavaThread "C2 CompilerThread1" daemon [_thread_blocked, id=2248, stack(0x0000003e70100000,0x0000003e70200000)]
=>0x00000226af3c7800 JavaThread "C2 CompilerThread0" daemon [_thread_in_native, id=7192, stack(0x0000003e70000000,0x0000003e70100000)]
  0x00000226af3b0000 JavaThread "JDWP Command Reader" daemon [_thread_in_native, id=10924, stack(0x0000003e6ff00000,0x0000003e70000000)]
  0x00000226af3a4800 JavaThread "JDWP Event Helper Thread" daemon [_thread_blocked, id=5644, stack(0x0000003e6fe00000,0x0000003e6ff00000)]
  0x00000226af399800 JavaThread "JDWP Transport Listener: dt_socket" daemon [_thread_blocked, id=10736, stack(0x0000003e6fd00000,0x0000003e6fe00000)]
  0x00000226af38c000 JavaThread "Attach Listener" daemon [_thread_blocked, id=9944, stack(0x0000003e6fc00000,0x0000003e6fd00000)]
  0x00000226af38a800 JavaThread "Signal Dispatcher" daemon [_thread_blocked, id=9900, stack(0x0000003e6fb00000,0x0000003e6fc00000)]
  0x00000226af365000 JavaThread "Finalizer" daemon [_thread_blocked, id=7336, stack(0x0000003e6fa00000,0x0000003e6fb00000)]
  0x00000226af35d800 JavaThread "Reference Handler" daemon [_thread_blocked, id=7348, stack(0x0000003e6f900000,0x0000003e6fa00000)]

Other Threads:
  0x00000226af331800 VMThread [stack: 0x0000003e6f800000,0x0000003e6f900000] [id=10004]
  0x00000226af3cf000 WatcherThread [stack: 0x0000003e70400000,0x0000003e70500000] [id=13156]

VM state:not at safepoint (normal execution)

VM Mutex/Monitor currently owned by a thread: None

heap address: 0x0000000081e00000, size: 2018 MB, Compressed Oops mode: 32-bit
Narrow klass base: 0x0000000000000000, Narrow klass shift: 3
Compressed class space size: 1073741824 Address: 0x0000000100000000

Heap:
 PSYoungGen      total 179200K, used 130582K [0x00000000d5f80000, 0x00000000e4c80000, 0x0000000100000000)
  eden space 166400K, 78% used [0x00000000d5f80000,0x00000000ddf05a50,0x00000000e0200000)
  from space 12800K, 0% used [0x00000000e0200000,0x00000000e0200000,0x00000000e0e80000)
  to   space 15360K, 0% used [0x00000000e3d80000,0x00000000e3d80000,0x00000000e4c80000)
 ParOldGen       total 122368K, used 25430K [0x0000000081e00000, 0x0000000089580000, 0x00000000d5f80000)
  object space 122368K, 20% used [0x0000000081e00000,0x00000000836d5a68,0x0000000089580000)
 Metaspace       used 65722K, capacity 69858K, committed 69888K, reserved 1110016K
  class space    used 8779K, capacity 9462K, committed 9472K, reserved 1048576K

Card table byte_map: [0x00000226a9f80000,0x00000226aa380000] byte_map_base: 0x00000226a9b71000

Marking Bits: (ParMarkBitMap*) 0x0000000072759030
 Begin Bits: [0x00000226aa630000, 0x00000226ac5b8000)
 End Bits:   [0x00000226ac5b8000, 0x00000226ae540000)

Polling page: 0x0000022699310000

CodeCache: size=245760Kb used=17240Kb max_used=17462Kb free=228519Kb
 bounds [0x000002269abc0000, 0x000002269bcf0000, 0x00000226a9bc0000]
 total_blobs=5972 nmethods=5383 adapters=508
 compilation: enabled

Compilation events (10 events):
Event: 639.211 Thread 0x00000226af3c2800 nmethod 6348 0x000002269b669c50 code [0x000002269b669da0, 0x000002269b669fb8]
Event: 639.211 Thread 0x00000226af3c2800 6344       3       java.util.Calendar::isExternallySet (16 bytes)
Event: 639.211 Thread 0x00000226af3c2800 nmethod 6344 0x000002269b669810 code [0x000002269b669980, 0x000002269b669b58]
Event: 639.211 Thread 0x00000226af3c2800 6346       3       org.hibernate.dialect.Dialect::remapSqlTypeDescriptor (46 bytes)
Event: 639.211 Thread 0x00000226af3c2800 nmethod 6346 0x000002269b668f90 code [0x000002269b669140, 0x000002269b669680]
Event: 639.211 Thread 0x00000226af3c2800 6347       3       org.hibernate.dialect.Dialect::getSqlTypeDescriptorOverride (42 bytes)
Event: 639.211 Thread 0x00000226af3c2800 nmethod 6347 0x000002269b668ad0 code [0x000002269b668c40, 0x000002269b668ed8]
Event: 639.211 Thread 0x00000226af3c2800 6352       3       javax.crypto.Cipher::doFinal (66 bytes)
Event: 639.211 Thread 0x00000226af3c2800 nmethod 6352 0x000002269b667e10 code [0x000002269b668020, 0x000002269b668770]
Event: 639.211 Thread 0x00000226af3c2800 6351       3       java.nio.channels.spi.AbstractInterruptibleChannel::begin (48 bytes)

GC Heap History (10 events):
Event: 3.627 GC heap before
{Heap before GC invocations=8 (full 1):
 PSYoungGen      total 114176K, used 98849K [0x00000000d5f80000, 0x00000000df000000, 0x0000000100000000)
  eden space 107520K, 85% used [0x00000000d5f80000,0x00000000db9aae18,0x00000000dc880000)
  from space 6656K, 97% used [0x00000000de980000,0x00000000defdd6c0,0x00000000df000000)
  to   space 8192K, 0% used [0x00000000de000000,0x00000000de000000,0x00000000de800000)
 ParOldGen       total 54272K, used 6398K [0x0000000081e00000, 0x0000000085300000, 0x00000000d5f80000)
  object space 54272K, 11% used [0x0000000081e00000,0x000000008243fb78,0x0000000085300000)
 Metaspace       used 33313K, capacity 35284K, committed 35416K, reserved 1081344K
  class space    used 4213K, capacity 4561K, committed 4608K, reserved 1048576K
Event: 3.635 GC heap after
Heap after GC invocations=8 (full 1):
 PSYoungGen      total 139776K, used 8178K [0x00000000d5f80000, 0x00000000e1900000, 0x0000000100000000)
  eden space 131584K, 0% used [0x00000000d5f80000,0x00000000d5f80000,0x00000000de000000)
  from space 8192K, 99% used [0x00000000de000000,0x00000000de7fcb50,0x00000000de800000)
  to   space 10752K, 0% used [0x00000000e0e80000,0x00000000e0e80000,0x00000000e1900000)
 ParOldGen       total 54272K, used 9713K [0x0000000081e00000, 0x0000000085300000, 0x00000000d5f80000)
  object space 54272K, 17% used [0x0000000081e00000,0x000000008277c550,0x0000000085300000)
 Metaspace       used 33313K, capacity 35284K, committed 35416K, reserved 1081344K
  class space    used 4213K, capacity 4561K, committed 4608K, reserved 1048576K
}
Event: 3.635 GC heap before
{Heap before GC invocations=9 (full 2):
 PSYoungGen      total 139776K, used 8178K [0x00000000d5f80000, 0x00000000e1900000, 0x0000000100000000)
  eden space 131584K, 0% used [0x00000000d5f80000,0x00000000d5f80000,0x00000000de000000)
  from space 8192K, 99% used [0x00000000de000000,0x00000000de7fcb50,0x00000000de800000)
  to   space 10752K, 0% used [0x00000000e0e80000,0x00000000e0e80000,0x00000000e1900000)
 ParOldGen       total 54272K, used 9713K [0x0000000081e00000, 0x0000000085300000, 0x00000000d5f80000)
  object space 54272K, 17% used [0x0000000081e00000,0x000000008277c550,0x0000000085300000)
 Metaspace       used 33313K, capacity 35284K, committed 35416K, reserved 1081344K
  class space    used 4213K, capacity 4561K, committed 4608K, reserved 1048576K
Event: 3.675 GC heap after
Heap after GC invocations=9 (full 2):
 PSYoungGen      total 139776K, used 0K [0x00000000d5f80000, 0x00000000e1900000, 0x0000000100000000)
  eden space 131584K, 0% used [0x00000000d5f80000,0x00000000d5f80000,0x00000000de000000)
  from space 8192K, 0% used [0x00000000de000000,0x00000000de000000,0x00000000de800000)
  to   space 10752K, 0% used [0x00000000e0e80000,0x00000000e0e80000,0x00000000e1900000)
 ParOldGen       total 87040K, used 15620K [0x0000000081e00000, 0x0000000087300000, 0x00000000d5f80000)
  object space 87040K, 17% used [0x0000000081e00000,0x0000000082d41060,0x0000000087300000)
 Metaspace       used 33313K, capacity 35284K, committed 35416K, reserved 1081344K
  class space    used 4213K, capacity 4561K, committed 4608K, reserved 1048576K
}
Event: 4.893 GC heap before
{Heap before GC invocations=10 (full 2):
 PSYoungGen      total 139776K, used 131584K [0x00000000d5f80000, 0x00000000e1900000, 0x0000000100000000)
  eden space 131584K, 100% used [0x00000000d5f80000,0x00000000de000000,0x00000000de000000)
  from space 8192K, 0% used [0x00000000de000000,0x00000000de000000,0x00000000de800000)
  to   space 10752K, 0% used [0x00000000e0e80000,0x00000000e0e80000,0x00000000e1900000)
 ParOldGen       total 87040K, used 15620K [0x0000000081e00000, 0x0000000087300000, 0x00000000d5f80000)
  object space 87040K, 17% used [0x0000000081e00000,0x0000000082d41060,0x0000000087300000)
 Metaspace       used 45300K, capacity 47638K, committed 47872K, reserved 1091584K
  class space    used 5942K, capacity 6374K, committed 6400K, reserved 1048576K
Event: 4.903 GC heap after
Heap after GC invocations=10 (full 2):
 PSYoungGen      total 177152K, used 10737K [0x00000000d5f80000, 0x00000000e3680000, 0x0000000100000000)
  eden space 166400K, 0% used [0x00000000d5f80000,0x00000000d5f80000,0x00000000e0200000)
  from space 10752K, 99% used [0x00000000e0e80000,0x00000000e18fc708,0x00000000e1900000)
  to   space 12800K, 0% used [0x00000000e0200000,0x00000000e0200000,0x00000000e0e80000)
 ParOldGen       total 87040K, used 17239K [0x0000000081e00000, 0x0000000087300000, 0x00000000d5f80000)
  object space 87040K, 19% used [0x0000000081e00000,0x0000000082ed5c10,0x0000000087300000)
 Metaspace       used 45300K, capacity 47638K, committed 47872K, reserved 1091584K
  class space    used 5942K, capacity 6374K, committed 6400K, reserved 1048576K
}
Event: 6.288 GC heap before
{Heap before GC invocations=11 (full 2):
 PSYoungGen      total 177152K, used 131634K [0x00000000d5f80000, 0x00000000e3680000, 0x0000000100000000)
  eden space 166400K, 72% used [0x00000000d5f80000,0x00000000dd590338,0x00000000e0200000)
  from space 10752K, 99% used [0x00000000e0e80000,0x00000000e18fc708,0x00000000e1900000)
  to   space 12800K, 0% used [0x00000000e0200000,0x00000000e0200000,0x00000000e0e80000)
 ParOldGen       total 87040K, used 17239K [0x0000000081e00000, 0x0000000087300000, 0x00000000d5f80000)
  object space 87040K, 19% used [0x0000000081e00000,0x0000000082ed5c10,0x0000000087300000)
 Metaspace       used 55894K, capacity 58960K, committed 59008K, reserved 1099776K
  class space    used 7492K, capacity 8029K, committed 8064K, reserved 1048576K
Event: 6.300 GC heap after
Heap after GC invocations=11 (full 2):
 PSYoungGen      total 179200K, used 12771K [0x00000000d5f80000, 0x00000000e4c80000, 0x0000000100000000)
  eden space 166400K, 0% used [0x00000000d5f80000,0x00000000d5f80000,0x00000000e0200000)
  from space 12800K, 99% used [0x00000000e0200000,0x00000000e0e78e58,0x00000000e0e80000)
  to   space 15360K, 0% used [0x00000000e3d80000,0x00000000e3d80000,0x00000000e4c80000)
 ParOldGen       total 87040K, used 19785K [0x0000000081e00000, 0x0000000087300000, 0x00000000d5f80000)
  object space 87040K, 22% used [0x0000000081e00000,0x0000000083152718,0x0000000087300000)
 Metaspace       used 55894K, capacity 58960K, committed 59008K, reserved 1099776K
  class space    used 7492K, capacity 8029K, committed 8064K, reserved 1048576K
}
Event: 6.300 GC heap before
{Heap before GC invocations=12 (full 3):
 PSYoungGen      total 179200K, used 12771K [0x00000000d5f80000, 0x00000000e4c80000, 0x0000000100000000)
  eden space 166400K, 0% used [0x00000000d5f80000,0x00000000d5f80000,0x00000000e0200000)
  from space 12800K, 99% used [0x00000000e0200000,0x00000000e0e78e58,0x00000000e0e80000)
  to   space 15360K, 0% used [0x00000000e3d80000,0x00000000e3d80000,0x00000000e4c80000)
 ParOldGen       total 87040K, used 19785K [0x0000000081e00000, 0x0000000087300000, 0x00000000d5f80000)
  object space 87040K, 22% used [0x0000000081e00000,0x0000000083152718,0x0000000087300000)
 Metaspace       used 55894K, capacity 58960K, committed 59008K, reserved 1099776K
  class space    used 7492K, capacity 8029K, committed 8064K, reserved 1048576K
Event: 6.371 GC heap after
Heap after GC invocations=12 (full 3):
 PSYoungGen      total 179200K, used 0K [0x00000000d5f80000, 0x00000000e4c80000, 0x0000000100000000)
  eden space 166400K, 0% used [0x00000000d5f80000,0x00000000d5f80000,0x00000000e0200000)
  from space 12800K, 0% used [0x00000000e0200000,0x00000000e0200000,0x00000000e0e80000)
  to   space 15360K, 0% used [0x00000000e3d80000,0x00000000e3d80000,0x00000000e4c80000)
 ParOldGen       total 122368K, used 25430K [0x0000000081e00000, 0x0000000089580000, 0x00000000d5f80000)
  object space 122368K, 20% used [0x0000000081e00000,0x00000000836d5a68,0x0000000089580000)
 Metaspace       used 55894K, capacity 58960K, committed 59008K, reserved 1099776K
  class space    used 7492K, capacity 8029K, committed 8064K, reserved 1048576K
}

Deoptimization events (10 events):
Event: 15.160 Thread 0x00000226b54ee000 Uncommon trap: reason=bimorphic action=maybe_recompile pc=0x000002269b8285a4 method=java.util.Hashtable.addEntry(ILjava/lang/Object;Ljava/lang/Object;I)V @ 38
Event: 15.160 Thread 0x00000226b54ed000 Uncommon trap: reason=bimorphic action=maybe_recompile pc=0x000002269b8285a4 method=java.util.Hashtable.addEntry(ILjava/lang/Object;Ljava/lang/Object;I)V @ 38
Event: 15.160 Thread 0x00000226b54ee000 Uncommon trap: reason=bimorphic action=maybe_recompile pc=0x000002269b8285a4 method=java.util.Hashtable.addEntry(ILjava/lang/Object;Ljava/lang/Object;I)V @ 38
Event: 15.160 Thread 0x00000226b54ed000 Uncommon trap: reason=bimorphic action=maybe_recompile pc=0x000002269b8285a4 method=java.util.Hashtable.addEntry(ILjava/lang/Object;Ljava/lang/Object;I)V @ 38
Event: 15.161 Thread 0x00000226b54ee000 Uncommon trap: reason=bimorphic action=maybe_recompile pc=0x000002269b82a32c method=java.util.Hashtable.addEntry(ILjava/lang/Object;Ljava/lang/Object;I)V @ 38
Event: 15.161 Thread 0x00000226b54ed000 Uncommon trap: reason=bimorphic action=maybe_recompile pc=0x000002269b82a32c method=java.util.Hashtable.addEntry(ILjava/lang/Object;Ljava/lang/Object;I)V @ 38
Event: 15.173 Thread 0x00000226b54ed000 Uncommon trap: reason=unstable_if action=reinterpret pc=0x000002269acec300 method=java.lang.CharacterData.of(I)Ljava/lang/CharacterData; @ 4
Event: 24.640 Thread 0x00000226b5454800 Uncommon trap: reason=unstable_if action=reinterpret pc=0x000002269af59800 method=java.nio.Buffer.limit(I)Ljava/nio/Buffer; @ 30
Event: 51.671 Thread 0x00000226b54f0000 Uncommon trap: reason=null_check action=make_not_entrant pc=0x000002269b6f3244 method=org.springframework.core.annotation.AnnotationsScanner.isWithoutHierarchy(Ljava/lang/reflect/AnnotatedElement;Lorg/springframework/core/annotation/MergedAnnotations$Sear
Event: 51.671 Thread 0x00000226b54f0000 Uncommon trap: reason=null_check action=make_not_entrant pc=0x000002269ba579b0 method=org.springframework.core.annotation.AnnotationsScanner.processClassHierarchy(Ljava/lang/Object;[ILjava/lang/Class;Lorg/springframework/core/annotation/AnnotationsProcess

Classes redefined (0 events):
No events

Internal exceptions (10 events):
Event: 6.905 Thread 0x00000226990ca800 Exception <a 'java/lang/IncompatibleClassChangeError': Found class java.lang.Object, but interface was expected> (0x00000000d984ea20) thrown at [C:\jenkins\workspace\8-2-build-windows-x64-cygwin\jdk8u341\2692\hotspot\src\share\vm\interpreter\linkResolver.
Event: 15.293 Thread 0x00000226b5454800 Exception <a 'java/lang/NoSuchMethodError': java.lang.Object.lambda$mapIfAllPresent$6(Ljava/util/Optional;Ljava/util/function/BiFunction;Ljava/lang/Object;)Ljava/util/Optional;> (0x00000000dca6a308) thrown at [C:\jenkins\workspace\8-2-build-windows-x64-cy
Event: 15.293 Thread 0x00000226b54ee000 Exception <a 'java/lang/NoSuchMethodError': java.lang.Object.lambda$mapIfAllPresent$6(Ljava/util/Optional;Ljava/util/function/BiFunction;Ljava/lang/Object;)Ljava/util/Optional;> (0x00000000dcb003b0) thrown at [C:\jenkins\workspace\8-2-build-windows-x64-cy
Event: 15.294 Thread 0x00000226b54ed000 Exception <a 'java/lang/NoSuchMethodError': java.lang.Object.lambda$mapIfAllPresent$6(Ljava/util/Optional;Ljava/util/function/BiFunction;Ljava/lang/Object;)Ljava/util/Optional;> (0x00000000dc993af0) thrown at [C:\jenkins\workspace\8-2-build-windows-x64-cy
Event: 15.294 Thread 0x00000226b5454800 Exception <a 'java/lang/NoSuchMethodError': java.lang.Object.lambda$null$5(Ljava/util/function/BiFunction;Ljava/lang/Object;Ljava/lang/Object;)Ljava/lang/Object;> (0x00000000dca6f320) thrown at [C:\jenkins\workspace\8-2-build-windows-x64-cygwin\jdk8u341\2
Event: 51.654 Thread 0x00000226b54f0000 Exception <a 'java/lang/ClassNotFoundException': java/lang/ObjectCustomizer> (0x00000000dd8b2a50) thrown at [C:\jenkins\workspace\8-2-build-windows-x64-cygwin\jdk8u341\2692\hotspot\src\share\vm\classfile\systemDictionary.cpp, line 212]
Event: 51.655 Thread 0x00000226b54f0000 Exception <a 'java/lang/ClassNotFoundException': com/example/HomeToHomeSpring/model/BranchModelCustomizer> (0x00000000dd8d0c80) thrown at [C:\jenkins\workspace\8-2-build-windows-x64-cygwin\jdk8u341\2692\hotspot\src\share\vm\classfile\systemDictionary.cpp,
Event: 87.508 Thread 0x00000226b54ec800 Exception <a 'java/lang/ClassNotFoundException': java/lang/ObjectCustomizer> (0x00000000ddacba28) thrown at [C:\jenkins\workspace\8-2-build-windows-x64-cygwin\jdk8u341\2692\hotspot\src\share\vm\classfile\systemDictionary.cpp, line 212]
Event: 87.509 Thread 0x00000226b54ec800 Exception <a 'java/lang/ClassNotFoundException': com/example/HomeToHomeSpring/model/BaseModelCustomizer> (0x00000000ddae90b8) thrown at [C:\jenkins\workspace\8-2-build-windows-x64-cygwin\jdk8u341\2692\hotspot\src\share\vm\classfile\systemDictionary.cpp, l
Event: 87.511 Thread 0x00000226b54ec800 Exception <a 'java/lang/ClassNotFoundException': com/example/HomeToHomeSpring/model/ProductInformationCustomizer> (0x00000000ddb15f18) thrown at [C:\jenkins\workspace\8-2-build-windows-x64-cygwin\jdk8u341\2692\hotspot\src\share\vm\classfile\systemDictiona

Events (10 events):
Event: 638.084 Executing VM operation: RevokeBias
Event: 638.085 Executing VM operation: RevokeBias done
Event: 638.085 Executing VM operation: RevokeBias
Event: 638.085 Executing VM operation: RevokeBias done
Event: 638.103 Executing VM operation: BulkRevokeBias
Event: 638.103 Executing VM operation: BulkRevokeBias done
Event: 639.189 Executing VM operation: BulkRevokeBias
Event: 639.189 Executing VM operation: BulkRevokeBias done
Event: 639.207 Executing VM operation: RevokeBias
Event: 639.207 Executing VM operation: RevokeBias done


Dynamic libraries:
0x00007ff7ae7a0000 - 0x00007ff7ae7e7000 	C:\Program Files\Java\jdk1.8.0_341\bin\java.exe
0x00007fff64990000 - 0x00007fff64b88000 	C:\Windows\SYSTEM32\ntdll.dll
0x00007fff64890000 - 0x00007fff6494f000 	C:\Windows\System32\KERNEL32.DLL
0x00007fff62070000 - 0x00007fff62366000 	C:\Windows\System32\KERNELBASE.dll
0x00007fff63490000 - 0x00007fff6353f000 	C:\Windows\System32\ADVAPI32.dll
0x00007fff62bc0000 - 0x00007fff62c5e000 	C:\Windows\System32\msvcrt.dll
0x00007fff63940000 - 0x00007fff639dc000 	C:\Windows\System32\sechost.dll
0x00007fff639e0000 - 0x00007fff63b06000 	C:\Windows\System32\RPCRT4.dll
0x00007fff63b80000 - 0x00007fff63d1d000 	C:\Windows\System32\USER32.dll
0x00007fff62410000 - 0x00007fff62432000 	C:\Windows\System32\win32u.dll
0x00007fff63550000 - 0x00007fff6357c000 	C:\Windows\System32\GDI32.dll
0x00007fff628d0000 - 0x00007fff629e5000 	C:\Windows\System32\gdi32full.dll
0x00007fff62830000 - 0x00007fff628cd000 	C:\Windows\System32\msvcp_win.dll
0x00007fff62540000 - 0x00007fff62640000 	C:\Windows\System32\ucrtbase.dll
0x00007fff4d8e0000 - 0x00007fff4db7a000 	C:\Windows\WinSxS\amd64_microsoft.windows.common-controls_6595b64144ccf1df_6.0.19041.1110_none_60b5254171f9507e\COMCTL32.dll
0x00007fff64670000 - 0x00007fff646a0000 	C:\Windows\System32\IMM32.DLL
0x00007fff5d260000 - 0x00007fff5d275000 	C:\Program Files\Java\jdk1.8.0_341\jre\bin\vcruntime140.dll
0x00007fff57b20000 - 0x00007fff57bbb000 	C:\Program Files\Java\jdk1.8.0_341\jre\bin\msvcp140.dll
0x0000000071f70000 - 0x00000000727d1000 	C:\Program Files\Java\jdk1.8.0_341\jre\bin\server\jvm.dll
0x00007fff646a0000 - 0x00007fff646a8000 	C:\Windows\System32\PSAPI.DLL
0x00007fff4c460000 - 0x00007fff4c487000 	C:\Windows\SYSTEM32\WINMM.dll
0x00007fff5d080000 - 0x00007fff5d08a000 	C:\Windows\SYSTEM32\VERSION.dll
0x00007fff5db00000 - 0x00007fff5db09000 	C:\Windows\SYSTEM32\WSOCK32.dll
0x00007fff63b10000 - 0x00007fff63b7b000 	C:\Windows\System32\WS2_32.dll
0x00007fff5ff50000 - 0x00007fff5ff62000 	C:\Windows\SYSTEM32\kernel.appcore.dll
0x00007fff57b10000 - 0x00007fff57b20000 	C:\Program Files\Java\jdk1.8.0_341\jre\bin\verify.dll
0x00007fff57ae0000 - 0x00007fff57b0b000 	C:\Program Files\Java\jdk1.8.0_341\jre\bin\java.dll
0x00007fff5a800000 - 0x00007fff5a836000 	C:\Program Files\Java\jdk1.8.0_341\jre\bin\jdwp.dll
0x00007fff5db90000 - 0x00007fff5db99000 	C:\Program Files\Java\jdk1.8.0_341\jre\bin\npt.dll
0x00007fff57900000 - 0x00007fff57930000 	C:\Program Files\Java\jdk1.8.0_341\jre\bin\instrument.dll
0x00007fff57ac0000 - 0x00007fff57ad8000 	C:\Program Files\Java\jdk1.8.0_341\jre\bin\zip.dll
0x00007fff62c60000 - 0x00007fff633a4000 	C:\Windows\System32\SHELL32.dll
0x00007fff60150000 - 0x00007fff608e3000 	C:\Windows\SYSTEM32\windows.storage.dll
0x00007fff635e0000 - 0x00007fff63934000 	C:\Windows\System32\combase.dll
0x00007fff619f0000 - 0x00007fff61a1e000 	C:\Windows\SYSTEM32\Wldp.dll
0x00007fff63e00000 - 0x00007fff63ead000 	C:\Windows\System32\SHCORE.dll
0x00007fff63580000 - 0x00007fff635d5000 	C:\Windows\System32\shlwapi.dll
0x00007fff61fb0000 - 0x00007fff61fcf000 	C:\Windows\SYSTEM32\profapi.dll
0x00007fff5db20000 - 0x00007fff5db2a000 	C:\Program Files\Java\jdk1.8.0_341\jre\bin\dt_socket.dll
0x00007fff61750000 - 0x00007fff617ba000 	C:\Windows\system32\mswsock.dll
0x00007fff5bf80000 - 0x00007fff5bf8d000 	C:\Program Files\Java\jdk1.8.0_341\jre\bin\management.dll
0x00007fff3cbe0000 - 0x00007fff3cbfc000 	C:\Program Files\Java\jdk1.8.0_341\jre\bin\net.dll
0x00007fff42b60000 - 0x00007fff42b77000 	C:\Windows\system32\napinsp.dll
0x00007fff42b40000 - 0x00007fff42b5b000 	C:\Windows\system32\pnrpnsp.dll
0x00007fff4bdd0000 - 0x00007fff4bde5000 	C:\Windows\system32\wshbth.dll
0x00007fff5da30000 - 0x00007fff5da4d000 	C:\Windows\system32\NLAapi.dll
0x00007fff61440000 - 0x00007fff6147c000 	C:\Windows\SYSTEM32\IPHLPAPI.DLL
0x00007fff61480000 - 0x00007fff6154b000 	C:\Windows\SYSTEM32\DNSAPI.dll
0x00007fff63540000 - 0x00007fff63548000 	C:\Windows\System32\NSI.dll
0x00007fff42ac0000 - 0x00007fff42ad2000 	C:\Windows\System32\winrnr.dll
0x00007fff5b8f0000 - 0x00007fff5b8fa000 	C:\Windows\System32\rasadhlp.dll
0x00007fff5b3f0000 - 0x00007fff5b472000 	C:\Windows\System32\fwpuclnt.dll
0x00007fff62370000 - 0x00007fff62397000 	C:\Windows\System32\bcrypt.dll
0x00007fff3cbc0000 - 0x00007fff3cbd3000 	C:\Program Files\Java\jdk1.8.0_341\jre\bin\nio.dll
0x00007fff61940000 - 0x00007fff61958000 	C:\Windows\SYSTEM32\CRYPTSP.dll
0x00007fff61070000 - 0x00007fff610a4000 	C:\Windows\system32\rsaenh.dll
0x00007fff61f30000 - 0x00007fff61f5e000 	C:\Windows\SYSTEM32\USERENV.dll
0x00007fff627a0000 - 0x00007fff62822000 	C:\Windows\System32\bcryptprimitives.dll
0x00007fff61960000 - 0x00007fff6196c000 	C:\Windows\SYSTEM32\CRYPTBASE.dll
0x00007fff5c9f0000 - 0x00007fff5ca07000 	C:\Windows\SYSTEM32\dhcpcsvc6.DLL
0x00007fff5c960000 - 0x00007fff5c97d000 	C:\Windows\SYSTEM32\dhcpcsvc.DLL
0x00007fff53440000 - 0x00007fff53464000 	C:\Program Files\Java\jdk1.8.0_341\jre\bin\sunec.dll
0x00007fff5bcd0000 - 0x00007fff5bcdd000 	C:\Program Files\Java\jdk1.8.0_341\jre\bin\sunmscapi.dll
0x00007fff62640000 - 0x00007fff6279e000 	C:\Windows\System32\CRYPT32.dll
0x00007fff61a60000 - 0x00007fff61a88000 	C:\Windows\SYSTEM32\ncrypt.dll
0x00007fff61a20000 - 0x00007fff61a5b000 	C:\Windows\SYSTEM32\NTASN1.dll
0x00007fff4f170000 - 0x00007fff4f354000 	C:\Windows\SYSTEM32\dbghelp.dll

VM Arguments:
jvm_args: -agentlib:jdwp=transport=dt_socket,address=127.0.0.1:57680,suspend=y,server=n -javaagent:C:\Users\User\AppData\Local\JetBrains\IdeaIC2022.3\captureAgent\debugger-agent.jar -Dfile.encoding=UTF-8 
java_command: com.example.HomeToHomeSpring.HomeToHomeSpringApplication
java_class_path (initial): C:\Program Files\Java\jdk1.8.0_341\jre\lib\charsets.jar;C:\Program Files\Java\jdk1.8.0_341\jre\lib\deploy.jar;C:\Program Files\Java\jdk1.8.0_341\jre\lib\ext\access-bridge-64.jar;C:\Program Files\Java\jdk1.8.0_341\jre\lib\ext\cldrdata.jar;C:\Program Files\Java\jdk1.8.0_341\jre\lib\ext\dnsns.jar;C:\Program Files\Java\jdk1.8.0_341\jre\lib\ext\jaccess.jar;C:\Program Files\Java\jdk1.8.0_341\jre\lib\ext\jfxrt.jar;C:\Program Files\Java\jdk1.8.0_341\jre\lib\ext\localedata.jar;C:\Program Files\Java\jdk1.8.0_341\jre\lib\ext\nashorn.jar;C:\Program Files\Java\jdk1.8.0_341\jre\lib\ext\sunec.jar;C:\Program Files\Java\jdk1.8.0_341\jre\lib\ext\sunjce_provider.jar;C:\Program Files\Java\jdk1.8.0_341\jre\lib\ext\sunmscapi.jar;C:\Program Files\Java\jdk1.8.0_341\jre\lib\ext\sunpkcs11.jar;C:\Program Files\Java\jdk1.8.0_341\jre\lib\ext\zipfs.jar;C:\Program Files\Java\jdk1.8.0_341\jre\lib\javaws.jar;C:\Program Files\Java\jdk1.8.0_341\jre\lib\jce.jar;C:\Program Files\Java\jdk1.8.0_341\jre\lib\jfr.jar;C:\Program Files\Java\jdk1.8.0_341\jre\lib\jfxswt.jar;C:\Program Files\Java\jdk1.8.0_341\jre\lib\jsse.jar;C:\Program Files\Java\jdk1.8.0_341\jre\lib\management-agent.jar;C:\Program Files\Java\jdk1.8.0_341\jre\lib\plugin.jar;C:\Program Files\Java\jdk1.8.0_341\jre\lib\resources.jar;C:\Program Files\Java\jdk1.8.0_341\jre\lib\rt.jar;C:\Users\User\Desktop\JobProtal\ExamSpringProjects\HomeToHomeSpring\target\classes;C:\Users\User\.m2\repository\org\springframework\boot\spring-boot-starter-data-jpa\2.7.10\spring-boot-starter-data-jpa-2.7.10.jar;C:\Users\User\.m2\repository\org\springframework\boot\spring-boot-starter-aop\2.7.10\spring-boot-starter-aop-2.7.10.jar;C:\Users\User\.m2\repository\org\springframework\spring-aop\5.3.26\spring-aop-5.3.26.jar;C:\Users\User\.m2\repository\org\aspectj\aspectjweaver\1.9.7\aspectjweaver-1.9.7.jar;C:\Users\User\.m2\repository\org\springframework\boot\spring-boot-starter-jdbc\2.7.10\spring-boot-starter-jdbc-2.7.10.jar;C:\Users\User\.m2\re
Launcher Type: SUN_STANDARD

Environment Variables:
PATH=C:\Program Files\Java\jdk1.8.0_341\bin;C:\Program Files\Git\cmd;C:\Program Files (x86)\Inno Setup 5;C:\Program Files\MySQL\MySQL Server 8.0\bin;C:\Program Files\nodejs\;C:\Program Files\Cloudflare\Cloudflare WARP\;C:\Program Files (x86)\Microsoft SQL Server\160\Tools\Binn\;C:\Program Files\Microsoft SQL Server\160\Tools\Binn\;C:\Program Files\Microsoft SQL Server\Client SDK\ODBC\170\Tools\Binn\;C:\Program Files\Microsoft SQL Server\160\DTS\Binn\;C:\Program Files\MySQL\MySQL Shell 8.0\bin\;C:\Users\User\AppData\Local\Microsoft\WindowsApps;C:\Users\User\AppData\Local\Programs\Microsoft VS Code\bin;C:\Users\User\AppData\Local\GitHubDesktop\bin;C:\MinGW\bin;C:\MinGW\msys\1.0\bin;C:\Windows\System32;C:\Windows\SysWOW64\wbem;C:\Program Files (x86)\Inno Setup 5;C:\Users\User\AppData\Roaming\npm;C:\Program Files\JetBrains\IntelliJ IDEA Community Edition 2022.3.2\bin;
USERNAME=sajeeb
OS=Windows_NT
PROCESSOR_IDENTIFIER=Intel64 Family 6 Model 158 Stepping 10, GenuineIntel



---------------  S Y S T E M  ---------------

OS: Windows 10 , 64 bit Build 19041 (10.0.19041.2913)

CPU:total 6 (initial active 6) (6 cores per cpu, 1 threads per core) family 6 model 158 stepping 10, cmov, cx8, fxsr, mmx, sse, sse2, sse3, ssse3, sse4.1, sse4.2, popcnt, avx, avx2, aes, clmul, erms, 3dnowpref, lzcnt, tsc, tscinvbit, bmi1, bmi2, adx

Memory: 4k page, physical 8259604k(439764k free), swap 12453908k(992k free)

vm_info: Java HotSpot(TM) 64-Bit Server VM (25.341-b10) for windows-amd64 JRE (1.8.0_341-b10), built on Jun 16 2022 15:51:07 by "java_re" with MS VC++ 15.9 (VS2017)

time: Fri May 19 12:34:15 2023
timezone: Bangladesh Standard Time
elapsed time: 639.276381 seconds (0d 0h 10m 39s)

