#
# There is insufficient memory for the Java Runtime Environment to continue.
# Native memory allocation (malloc) failed to allocate 2537456 bytes for Chunk::new
# Possible reasons:
#   The system is out of physical RAM or swap space
#   The process is running with CompressedOops enabled, and the Java Heap may be blocking the growth of the native heap
# Possible solutions:
#   Reduce memory load on the system
#   Increase physical memory or swap space
#   Check if swap backing store is full
#   Decrease Java heap size (-Xmx/-Xms)
#   Decrease number of Java threads
#   Decrease Java thread stack sizes (-Xss)
#   Set larger code cache with -XX:ReservedCodeCacheSize=
#   JVM is running with Unscaled Compressed Oops mode in which the Java heap is
#     placed in the first 4GB address space. The Java Heap base address is the
#     maximum limit for the native heap growth. Please use -XX:HeapBaseMinAddress
#     to set the Java Heap base and to place the Java Heap above 4GB virtual address.
# This output file may be truncated or incomplete.
#
#  Out of Memory Error (allocation.cpp:389), pid=13548, tid=0x00000000000029f0
#
# JRE version: Java(TM) SE Runtime Environment (8.0_341-b10) (build 1.8.0_341-b10)
# Java VM: Java HotSpot(TM) 64-Bit Server VM (25.341-b10 mixed mode windows-amd64 compressed oops)
# Failed to write core dump. Minidumps are not enabled by default on client versions of Windows
#

---------------  T H R E A D  ---------------

Current thread (0x0000026170afe000):  JavaThread "C2 CompilerThread1" daemon [_thread_in_native, id=10736, stack(0x00000083ec600000,0x00000083ec700000)]

Stack: [0x00000083ec600000,0x00000083ec700000]
Native frames: (J=compiled Java code, j=interpreted, Vv=VM code, C=native code)
V  [jvm.dll+0x32fa99]
V  [jvm.dll+0x275ff2]
V  [jvm.dll+0x276c9d]
V  [jvm.dll+0x26d645]
V  [jvm.dll+0xd583c]
V  [jvm.dll+0xd603c]
V  [jvm.dll+0x4714c3]
V  [jvm.dll+0x438b80]
V  [jvm.dll+0x441b85]
V  [jvm.dll+0x440f45]
V  [jvm.dll+0x42bceb]
V  [jvm.dll+0xac68b]
V  [jvm.dll+0xaaceb]
V  [jvm.dll+0x23e542]
V  [jvm.dll+0x292d2c]
C  [ucrtbase.dll+0x21bb2]
C  [KERNEL32.DLL+0x17614]
C  [ntdll.dll+0x526a1]


Current CompileTask:
C2:1786548 10179       4       java.text.SimpleDateFormat::subFormat (1260 bytes)


---------------  P R O C E S S  ---------------

Java Threads: ( => current thread )
  0x0000026178514000 JavaThread "HikariPool-1 connection adder" daemon [_thread_blocked, id=5360, stack(0x00000083eb400000,0x00000083eb500000)]
  0x000002617850f800 JavaThread "HikariPool-1 connection closer" daemon [_thread_blocked, id=2712, stack(0x00000083eb300000,0x00000083eb400000)]
  0x000002617850f000 JavaThread "DestroyJavaVM" [_thread_blocked, id=13636, stack(0x00000083eb600000,0x00000083eb700000)]
  0x0000026178512800 JavaThread "http-nio-8080-Acceptor" daemon [_thread_in_native, id=1180, stack(0x00000083edc00000,0x00000083edd00000)]
  0x0000026178512000 JavaThread "http-nio-8080-Poller" daemon [_thread_in_native, id=4140, stack(0x00000083edb00000,0x00000083edc00000)]
  0x0000026178511000 JavaThread "http-nio-8080-exec-10" daemon [_thread_blocked, id=12976, stack(0x00000083eda00000,0x00000083edb00000)]
  0x000002617850c000 JavaThread "http-nio-8080-exec-9" daemon [_thread_blocked, id=5096, stack(0x00000083ed900000,0x00000083eda00000)]
  0x000002617850d800 JavaThread "http-nio-8080-exec-8" daemon [_thread_blocked, id=11852, stack(0x00000083ed800000,0x00000083ed900000)]
  0x000002617512f000 JavaThread "http-nio-8080-exec-7" daemon [_thread_blocked, id=12236, stack(0x00000083ed700000,0x00000083ed800000)]
  0x000002617512e800 JavaThread "http-nio-8080-exec-6" daemon [_thread_blocked, id=14104, stack(0x00000083ed600000,0x00000083ed700000)]
  0x000002617512b800 JavaThread "http-nio-8080-exec-5" daemon [_thread_blocked, id=13232, stack(0x00000083ed500000,0x00000083ed600000)]
  0x000002617512a000 JavaThread "http-nio-8080-exec-4" daemon [_thread_blocked, id=8492, stack(0x00000083ed400000,0x00000083ed500000)]
  0x0000026175128800 JavaThread "http-nio-8080-exec-3" daemon [_thread_blocked, id=8688, stack(0x00000083ed300000,0x00000083ed400000)]
  0x000002617512d000 JavaThread "http-nio-8080-exec-2" daemon [_thread_blocked, id=2664, stack(0x00000083ed200000,0x00000083ed300000)]
  0x000002617512c000 JavaThread "http-nio-8080-exec-1" daemon [_thread_blocked, id=10536, stack(0x00000083ed100000,0x00000083ed200000)]
  0x000002617512a800 JavaThread "HikariPool-1 housekeeper" daemon [_thread_blocked, id=12808, stack(0x00000083ecf00000,0x00000083ed000000)]
  0x0000026179360000 JavaThread "mysql-cj-abandoned-connection-cleanup" daemon [_thread_blocked, id=1408, stack(0x00000083ecd00000,0x00000083ece00000)]
  0x0000026177cfb000 JavaThread "container-0" [_thread_blocked, id=11076, stack(0x00000083ecc00000,0x00000083ecd00000)]
  0x00000261758b6000 JavaThread "Catalina-utility-2" [_thread_blocked, id=12208, stack(0x00000083ecb00000,0x00000083ecc00000)]
  0x00000261758ba800 JavaThread "Catalina-utility-1" [_thread_blocked, id=13872, stack(0x00000083eca00000,0x00000083ecb00000)]
  0x0000026170b2e800 JavaThread "Service Thread" daemon [_thread_blocked, id=2736, stack(0x00000083ec800000,0x00000083ec900000)]
  0x0000026170b00800 JavaThread "C1 CompilerThread2" daemon [_thread_blocked, id=11548, stack(0x00000083ec700000,0x00000083ec800000)]
=>0x0000026170afe000 JavaThread "C2 CompilerThread1" daemon [_thread_in_native, id=10736, stack(0x00000083ec600000,0x00000083ec700000)]
  0x0000026170aac800 JavaThread "C2 CompilerThread0" daemon [_thread_blocked, id=14484, stack(0x00000083ec500000,0x00000083ec600000)]
  0x0000026170a92800 JavaThread "JDWP Event Helper Thread" daemon [_thread_blocked, id=6204, stack(0x00000083ec300000,0x00000083ec400000)]
  0x0000026170a74000 JavaThread "Attach Listener" daemon [_thread_blocked, id=8772, stack(0x00000083ec100000,0x00000083ec200000)]
  0x0000026170a73000 JavaThread "Signal Dispatcher" daemon [_thread_blocked, id=11296, stack(0x00000083ec000000,0x00000083ec100000)]
  0x0000026170a52000 JavaThread "Finalizer" daemon [_thread_blocked, id=1240, stack(0x00000083ebf00000,0x00000083ec000000)]
  0x0000026170a4a800 JavaThread "Reference Handler" daemon [_thread_blocked, id=5560, stack(0x00000083ebe00000,0x00000083ebf00000)]

Other Threads:
  0x0000026170a24800 VMThread [stack: 0x00000083ebd00000,0x00000083ebe00000] [id=11224]
  0x0000026172338800 WatcherThread [stack: 0x00000083ec900000,0x00000083eca00000] [id=4412]

VM state:not at safepoint (normal execution)

VM Mutex/Monitor currently owned by a thread: None

heap address: 0x0000000081e00000, size: 2018 MB, Compressed Oops mode: 32-bit
Narrow klass base: 0x0000000000000000, Narrow klass shift: 3
Compressed class space size: 1073741824 Address: 0x0000000100000000

Heap:
 PSYoungGen      total 222208K, used 212496K [0x00000000d5f80000, 0x00000000e5500000, 0x0000000100000000)
  eden space 210944K, 95% used [0x00000000d5f80000,0x00000000e2410100,0x00000000e2d80000)
  from space 11264K, 99% used [0x00000000e4a00000,0x00000000e54f41c0,0x00000000e5500000)
  to   space 15872K, 0% used [0x00000000e3600000,0x00000000e3600000,0x00000000e4580000)
 ParOldGen       total 120320K, used 25550K [0x0000000081e00000, 0x0000000089380000, 0x00000000d5f80000)
  object space 120320K, 21% used [0x0000000081e00000,0x00000000836f39d8,0x0000000089380000)
 Metaspace       used 68582K, capacity 72650K, committed 72832K, reserved 1112064K
  class space    used 8813K, capacity 9478K, committed 9600K, reserved 1048576K

Card table byte_map: [0x000002616b670000,0x000002616ba70000] byte_map_base: 0x000002616b261000

Marking Bits: (ParMarkBitMap*) 0x00000000550a9030
 Begin Bits: [0x000002616bd20000, 0x000002616dca8000)
 End Bits:   [0x000002616dca8000, 0x000002616fc30000)

Polling page: 0x000002615aa70000

CodeCache: size=245760Kb used=29928Kb max_used=29958Kb free=215831Kb
 bounds [0x000002615c2b0000, 0x000002615e030000, 0x000002616b2b0000]
 total_blobs=9185 nmethods=8594 adapters=510
 compilation: enabled

Compilation events (10 events):
Event: 1786.214 Thread 0x0000026170b00800 10180   !   3       org.apache.coyote.Request::recycle (264 bytes)
Event: 1786.216 Thread 0x0000026170b00800 nmethod 10180 0x000002615dfd97d0 code [0x000002615dfd9be0, 0x000002615dfdd6c0]
Event: 1786.255 Thread 0x0000026170aac800 10181       4       org.springframework.util.ObjectUtils::isEmpty (113 bytes)
Event: 1786.257 Thread 0x0000026170aac800 nmethod 10181 0x000002615c3ff090 code [0x000002615c3ff200, 0x000002615c3ff458]
Event: 1786.279 Thread 0x0000026170aac800 10182       4       org.apache.tomcat.util.http.MimeHeaders::values (10 bytes)
Event: 1786.280 Thread 0x0000026170aac800 nmethod 10182 0x000002615c632c10 code [0x000002615c632d60, 0x000002615c632e88]
Event: 1786.325 Thread 0x0000026170aac800 10183       4       java.util.concurrent.locks.AbstractQueuedSynchronizer::unparkSuccessor (84 bytes)
Event: 1786.327 Thread 0x0000026170aac800 nmethod 10183 0x000002615cca46d0 code [0x000002615cca4820, 0x000002615cca49e8]
Event: 1786.333 Thread 0x0000026170aac800 10184   !   4       java.text.SimpleDateFormat::zeroPaddingNumber (270 bytes)
Event: 1786.415 Thread 0x0000026170aac800 nmethod 10184 0x000002615dff4350 code [0x000002615dff45e0, 0x000002615dff8bb8]

GC Heap History (10 events):
Event: 3.532 GC heap before
{Heap before GC invocations=9 (full 2):
 PSYoungGen      total 139776K, used 8179K [0x00000000d5f80000, 0x00000000e2380000, 0x0000000100000000)
  eden space 131584K, 0% used [0x00000000d5f80000,0x00000000d5f80000,0x00000000de000000)
  from space 8192K, 99% used [0x00000000de000000,0x00000000de7fcf68,0x00000000de800000)
  to   space 11264K, 0% used [0x00000000e1880000,0x00000000e1880000,0x00000000e2380000)
 ParOldGen       total 53248K, used 10020K [0x0000000081e00000, 0x0000000085200000, 0x00000000d5f80000)
  object space 53248K, 18% used [0x0000000081e00000,0x00000000827c93f8,0x0000000085200000)
 Metaspace       used 33438K, capacity 35430K, committed 35496K, reserved 1081344K
  class space    used 4229K, capacity 4594K, committed 4608K, reserved 1048576K
Event: 3.575 GC heap after
Heap after GC invocations=9 (full 2):
 PSYoungGen      total 139776K, used 0K [0x00000000d5f80000, 0x00000000e2380000, 0x0000000100000000)
  eden space 131584K, 0% used [0x00000000d5f80000,0x00000000d5f80000,0x00000000de000000)
  from space 8192K, 0% used [0x00000000de000000,0x00000000de000000,0x00000000de800000)
  to   space 11264K, 0% used [0x00000000e1880000,0x00000000e1880000,0x00000000e2380000)
 ParOldGen       total 86016K, used 15848K [0x0000000081e00000, 0x0000000087200000, 0x00000000d5f80000)
  object space 86016K, 18% used [0x0000000081e00000,0x0000000082d7a0a8,0x0000000087200000)
 Metaspace       used 33438K, capacity 35430K, committed 35496K, reserved 1081344K
  class space    used 4229K, capacity 4594K, committed 4608K, reserved 1048576K
}
Event: 4.755 GC heap before
{Heap before GC invocations=10 (full 2):
 PSYoungGen      total 139776K, used 131584K [0x00000000d5f80000, 0x00000000e2380000, 0x0000000100000000)
  eden space 131584K, 100% used [0x00000000d5f80000,0x00000000de000000,0x00000000de000000)
  from space 8192K, 0% used [0x00000000de000000,0x00000000de000000,0x00000000de800000)
  to   space 11264K, 0% used [0x00000000e1880000,0x00000000e1880000,0x00000000e2380000)
 ParOldGen       total 86016K, used 15848K [0x0000000081e00000, 0x0000000087200000, 0x00000000d5f80000)
  object space 86016K, 18% used [0x0000000081e00000,0x0000000082d7a0a8,0x0000000087200000)
 Metaspace       used 45328K, capacity 47626K, committed 47872K, reserved 1091584K
  class space    used 5949K, capacity 6374K, committed 6400K, reserved 1048576K
Event: 4.768 GC heap after
Heap after GC invocations=10 (full 2):
 PSYoungGen      total 187904K, used 11233K [0x00000000d5f80000, 0x00000000e3580000, 0x0000000100000000)
  eden space 176640K, 0% used [0x00000000d5f80000,0x00000000d5f80000,0x00000000e0c00000)
  from space 11264K, 99% used [0x00000000e1880000,0x00000000e23784c0,0x00000000e2380000)
  to   space 12800K, 0% used [0x00000000e0c00000,0x00000000e0c00000,0x00000000e1880000)
 ParOldGen       total 86016K, used 16893K [0x0000000081e00000, 0x0000000087200000, 0x00000000d5f80000)
  object space 86016K, 19% used [0x0000000081e00000,0x0000000082e7f460,0x0000000087200000)
 Metaspace       used 45328K, capacity 47626K, committed 47872K, reserved 1091584K
  class space    used 5949K, capacity 6374K, committed 6400K, reserved 1048576K
}
Event: 5.987 GC heap before
{Heap before GC invocations=11 (full 2):
 PSYoungGen      total 187904K, used 130509K [0x00000000d5f80000, 0x00000000e3580000, 0x0000000100000000)
  eden space 176640K, 67% used [0x00000000d5f80000,0x00000000dd3fb208,0x00000000e0c00000)
  from space 11264K, 99% used [0x00000000e1880000,0x00000000e23784c0,0x00000000e2380000)
  to   space 12800K, 0% used [0x00000000e0c00000,0x00000000e0c00000,0x00000000e1880000)
 ParOldGen       total 86016K, used 16893K [0x0000000081e00000, 0x0000000087200000, 0x00000000d5f80000)
  object space 86016K, 19% used [0x0000000081e00000,0x0000000082e7f460,0x0000000087200000)
 Metaspace       used 56039K, capacity 59102K, committed 59160K, reserved 1099776K
  class space    used 7505K, capacity 8034K, committed 8064K, reserved 1048576K
Event: 6.000 GC heap after
Heap after GC invocations=11 (full 2):
 PSYoungGen      total 189440K, used 12770K [0x00000000d5f80000, 0x00000000e5980000, 0x0000000100000000)
  eden space 176640K, 0% used [0x00000000d5f80000,0x00000000d5f80000,0x00000000e0c00000)
  from space 12800K, 99% used [0x00000000e0c00000,0x00000000e1878990,0x00000000e1880000)
  to   space 15872K, 0% used [0x00000000e4a00000,0x00000000e4a00000,0x00000000e5980000)
 ParOldGen       total 86016K, used 19488K [0x0000000081e00000, 0x0000000087200000, 0x00000000d5f80000)
  object space 86016K, 22% used [0x0000000081e00000,0x0000000083108220,0x0000000087200000)
 Metaspace       used 56039K, capacity 59102K, committed 59160K, reserved 1099776K
  class space    used 7505K, capacity 8034K, committed 8064K, reserved 1048576K
}
Event: 6.000 GC heap before
{Heap before GC invocations=12 (full 3):
 PSYoungGen      total 189440K, used 12770K [0x00000000d5f80000, 0x00000000e5980000, 0x0000000100000000)
  eden space 176640K, 0% used [0x00000000d5f80000,0x00000000d5f80000,0x00000000e0c00000)
  from space 12800K, 99% used [0x00000000e0c00000,0x00000000e1878990,0x00000000e1880000)
  to   space 15872K, 0% used [0x00000000e4a00000,0x00000000e4a00000,0x00000000e5980000)
 ParOldGen       total 86016K, used 19488K [0x0000000081e00000, 0x0000000087200000, 0x00000000d5f80000)
  object space 86016K, 22% used [0x0000000081e00000,0x0000000083108220,0x0000000087200000)
 Metaspace       used 56039K, capacity 59102K, committed 59160K, reserved 1099776K
  class space    used 7505K, capacity 8034K, committed 8064K, reserved 1048576K
Event: 6.078 GC heap after
Heap after GC invocations=12 (full 3):
 PSYoungGen      total 189440K, used 0K [0x00000000d5f80000, 0x00000000e5980000, 0x0000000100000000)
  eden space 176640K, 0% used [0x00000000d5f80000,0x00000000d5f80000,0x00000000e0c00000)
  from space 12800K, 0% used [0x00000000e0c00000,0x00000000e0c00000,0x00000000e1880000)
  to   space 15872K, 0% used [0x00000000e4a00000,0x00000000e4a00000,0x00000000e5980000)
 ParOldGen       total 120320K, used 25542K [0x0000000081e00000, 0x0000000089380000, 0x00000000d5f80000)
  object space 120320K, 21% used [0x0000000081e00000,0x00000000836f19d8,0x0000000089380000)
 Metaspace       used 56039K, capacity 59102K, committed 59160K, reserved 1099776K
  class space    used 7505K, capacity 8034K, committed 8064K, reserved 1048576K
}
Event: 330.457 GC heap before
{Heap before GC invocations=13 (full 3):
 PSYoungGen      total 189440K, used 176640K [0x00000000d5f80000, 0x00000000e5980000, 0x0000000100000000)
  eden space 176640K, 100% used [0x00000000d5f80000,0x00000000e0c00000,0x00000000e0c00000)
  from space 12800K, 0% used [0x00000000e0c00000,0x00000000e0c00000,0x00000000e1880000)
  to   space 15872K, 0% used [0x00000000e4a00000,0x00000000e4a00000,0x00000000e5980000)
 ParOldGen       total 120320K, used 25542K [0x0000000081e00000, 0x0000000089380000, 0x00000000d5f80000)
  object space 120320K, 21% used [0x0000000081e00000,0x00000000836f19d8,0x0000000089380000)
 Metaspace       used 67018K, capacity 71040K, committed 71168K, reserved 1112064K
  class space    used 8675K, capacity 9345K, committed 9472K, reserved 1048576K
Event: 330.470 GC heap after
Heap after GC invocations=13 (full 3):
 PSYoungGen      total 222208K, used 11216K [0x00000000d5f80000, 0x00000000e5500000, 0x0000000100000000)
  eden space 210944K, 0% used [0x00000000d5f80000,0x00000000d5f80000,0x00000000e2d80000)
  from space 11264K, 99% used [0x00000000e4a00000,0x00000000e54f41c0,0x00000000e5500000)
  to   space 15872K, 0% used [0x00000000e3600000,0x00000000e3600000,0x00000000e4580000)
 ParOldGen       total 120320K, used 25550K [0x0000000081e00000, 0x0000000089380000, 0x00000000d5f80000)
  object space 120320K, 21% used [0x0000000081e00000,0x00000000836f39d8,0x0000000089380000)
 Metaspace       used 67018K, capacity 71040K, committed 71168K, reserved 1112064K
  class space    used 8675K, capacity 9345K, committed 9472K, reserved 1048576K
}

Deoptimization events (10 events):
Event: 1002.141 Thread 0x0000026175128800 Uncommon trap: reason=class_check action=maybe_recompile pc=0x000002615cf6e7f4 method=com.mysql.cj.util.StringInspector.indexOfNextChar(Ljava/util/Set;)I @ 123
Event: 1002.147 Thread 0x0000026175128800 Uncommon trap: reason=bimorphic action=maybe_recompile pc=0x000002615dad4494 method=org.springframework.core.MethodParameter.getParameterType()Ljava/lang/Class; @ 12
Event: 1046.670 Thread 0x000002617512e800 Uncommon trap: reason=bimorphic action=maybe_recompile pc=0x000002615dad4494 method=org.springframework.core.MethodParameter.getParameterType()Ljava/lang/Class; @ 12
Event: 1068.319 Thread 0x000002617512b800 Uncommon trap: reason=bimorphic action=maybe_recompile pc=0x000002615dad4494 method=org.springframework.core.MethodParameter.getParameterType()Ljava/lang/Class; @ 12
Event: 1097.765 Thread 0x0000026175128800 Uncommon trap: reason=null_check action=make_not_entrant pc=0x000002615d11a4b4 method=org.springframework.core.convert.TypeDescriptor.isMap()Z @ 6
Event: 1461.595 Thread 0x000002617512f000 Uncommon trap: reason=unstable_if action=reinterpret pc=0x000002615db249cc method=java.util.concurrent.locks.ReentrantReadWriteLock$Sync.tryReleaseShared(I)Z @ 130
Event: 1760.691 Thread 0x0000026178515000 Uncommon trap: reason=unstable_if action=reinterpret pc=0x000002615d47acb4 method=com.mysql.cj.util.StringUtils.toString([BIILjava/lang/String;)Ljava/lang/String; @ 1
Event: 1760.694 Thread 0x0000026178515000 Uncommon trap: reason=unstable_if action=reinterpret pc=0x000002615dec86c0 method=com.mysql.cj.protocol.result.AbstractResultsetRow.decodeAndCreateReturnValue(I[BIILcom/mysql/cj/result/ValueFactory;)Ljava/lang/Object; @ 486
Event: 1760.694 Thread 0x0000026178515000 Uncommon trap: reason=unstable_if action=reinterpret pc=0x000002615c6a58e8 method=com.mysql.cj.util.LazyString.createAndCacheString()Ljava/lang/String; @ 12
Event: 1761.330 Thread 0x000002617512a800 Uncommon trap: reason=unstable_if action=reinterpret pc=0x000002615cdaeef8 method=java.util.concurrent.locks.AbstractQueuedSynchronizer.enq(Ljava/util/concurrent/locks/AbstractQueuedSynchronizer$Node;)Ljava/util/concurrent/locks/AbstractQueuedSynchronizer

Classes redefined (0 events):
No events

Internal exceptions (10 events):
Event: 1786.408 Thread 0x0000026175128800 Exception <a 'java/io/IOException'> (0x00000000e1ba9e58) thrown at [C:\jenkins\workspace\8-2-build-windows-x64-cygwin\jdk8u341\2692\hotspot\src\share\vm\prims\jni.cpp, line 710]
Event: 1786.412 Thread 0x000002617512b800 Exception <a 'java/io/IOException'> (0x00000000e21c1b70) thrown at [C:\jenkins\workspace\8-2-build-windows-x64-cygwin\jdk8u341\2692\hotspot\src\share\vm\prims\jni.cpp, line 710]
Event: 1786.417 Thread 0x000002617850c000 Exception <a 'java/io/IOException'> (0x00000000e1eb1e38) thrown at [C:\jenkins\workspace\8-2-build-windows-x64-cygwin\jdk8u341\2692\hotspot\src\share\vm\prims\jni.cpp, line 710]
Event: 1786.420 Thread 0x000002617512a000 Exception <a 'java/io/IOException'> (0x00000000e20df378) thrown at [C:\jenkins\workspace\8-2-build-windows-x64-cygwin\jdk8u341\2692\hotspot\src\share\vm\prims\jni.cpp, line 710]
Event: 1786.427 Thread 0x000002617512d000 Exception <a 'java/io/IOException'> (0x00000000e21369e8) thrown at [C:\jenkins\workspace\8-2-build-windows-x64-cygwin\jdk8u341\2692\hotspot\src\share\vm\prims\jni.cpp, line 710]
Event: 1786.430 Thread 0x000002617512e800 Exception <a 'java/io/IOException'> (0x00000000e1f36950) thrown at [C:\jenkins\workspace\8-2-build-windows-x64-cygwin\jdk8u341\2692\hotspot\src\share\vm\prims\jni.cpp, line 710]
Event: 1786.434 Thread 0x0000026178511000 Exception <a 'java/io/IOException'> (0x00000000e224e028) thrown at [C:\jenkins\workspace\8-2-build-windows-x64-cygwin\jdk8u341\2692\hotspot\src\share\vm\prims\jni.cpp, line 710]
Event: 1786.438 Thread 0x000002617512c000 Exception <a 'java/io/IOException'> (0x00000000e1e187a0) thrown at [C:\jenkins\workspace\8-2-build-windows-x64-cygwin\jdk8u341\2692\hotspot\src\share\vm\prims\jni.cpp, line 710]
Event: 1786.442 Thread 0x000002617850d800 Exception <a 'java/io/IOException'> (0x00000000e1fd2940) thrown at [C:\jenkins\workspace\8-2-build-windows-x64-cygwin\jdk8u341\2692\hotspot\src\share\vm\prims\jni.cpp, line 710]
Event: 1786.449 Thread 0x000002617512f000 Exception <a 'java/io/IOException'> (0x00000000e2052f00) thrown at [C:\jenkins\workspace\8-2-build-windows-x64-cygwin\jdk8u341\2692\hotspot\src\share\vm\prims\jni.cpp, line 710]

Events (10 events):
Event: 1786.448 Thread 0x000002617512f000 DEOPT PACKING pc=0x000002615db0190c sp=0x00000083ed7fc970
Event: 1786.448 Thread 0x000002617512f000 DEOPT UNPACKING pc=0x000002615c2f7918 sp=0x00000083ed7fc6a0 mode 1
Event: 1786.448 Thread 0x000002617512f000 DEOPT PACKING pc=0x000002615db08d84 sp=0x00000083ed7fc9d0
Event: 1786.448 Thread 0x000002617512f000 DEOPT UNPACKING pc=0x000002615c2f7918 sp=0x00000083ed7fc888 mode 1
Event: 1786.449 Thread 0x000002617512f000 DEOPT PACKING pc=0x000002615d97746c sp=0x00000083ed7fc1f0
Event: 1786.449 Thread 0x000002617512f000 DEOPT UNPACKING pc=0x000002615c2f7918 sp=0x00000083ed7fbf20 mode 1
Event: 1786.449 Thread 0x000002617512f000 DEOPT PACKING pc=0x000002615d385674 sp=0x00000083ed7fc250
Event: 1786.449 Thread 0x000002617512f000 DEOPT UNPACKING pc=0x000002615c2f7918 sp=0x00000083ed7fbfb0 mode 1
Event: 1786.449 Thread 0x000002617512f000 DEOPT PACKING pc=0x000002615d977a9c sp=0x00000083ed7fc2f0
Event: 1786.449 Thread 0x000002617512f000 DEOPT UNPACKING pc=0x000002615c2f7918 sp=0x00000083ed7fc040 mode 1


Dynamic libraries:
0x00007ff77ad70000 - 0x00007ff77adb7000 	C:\Program Files\Java\jdk1.8.0_341\bin\java.exe
0x00007ffb24330000 - 0x00007ffb24528000 	C:\Windows\SYSTEM32\ntdll.dll
0x00007ffb23610000 - 0x00007ffb236cf000 	C:\Windows\System32\KERNEL32.DLL
0x00007ffb21d90000 - 0x00007ffb22086000 	C:\Windows\System32\KERNELBASE.dll
0x00007ffb23f80000 - 0x00007ffb2402f000 	C:\Windows\System32\ADVAPI32.dll
0x00007ffb236d0000 - 0x00007ffb2376e000 	C:\Windows\System32\msvcrt.dll
0x00007ffb22bc0000 - 0x00007ffb22c5c000 	C:\Windows\System32\sechost.dll
0x00007ffb234b0000 - 0x00007ffb235d6000 	C:\Windows\System32\RPCRT4.dll
0x00007ffb23d50000 - 0x00007ffb23eed000 	C:\Windows\System32\USER32.dll
0x00007ffb21b70000 - 0x00007ffb21b92000 	C:\Windows\System32\win32u.dll
0x00007ffb22ab0000 - 0x00007ffb22adc000 	C:\Windows\System32\GDI32.dll
0x00007ffb221c0000 - 0x00007ffb222d5000 	C:\Windows\System32\gdi32full.dll
0x00007ffb22120000 - 0x00007ffb221bd000 	C:\Windows\System32\msvcp_win.dll
0x00007ffb21ba0000 - 0x00007ffb21ca0000 	C:\Windows\System32\ucrtbase.dll
0x00007ffb100e0000 - 0x00007ffb1037a000 	C:\Windows\WinSxS\amd64_microsoft.windows.common-controls_6595b64144ccf1df_6.0.19041.1110_none_60b5254171f9507e\COMCTL32.dll
0x00007ffb235e0000 - 0x00007ffb23610000 	C:\Windows\System32\IMM32.DLL
0x00007ffb0e050000 - 0x00007ffb0e065000 	C:\Program Files\Java\jdk1.8.0_341\jre\bin\vcruntime140.dll
0x00007ffb02b50000 - 0x00007ffb02beb000 	C:\Program Files\Java\jdk1.8.0_341\jre\bin\msvcp140.dll
0x00000000548c0000 - 0x0000000055121000 	C:\Program Files\Java\jdk1.8.0_341\jre\bin\server\jvm.dll
0x00007ffb23420000 - 0x00007ffb23428000 	C:\Windows\System32\PSAPI.DLL
0x00007ffb08ae0000 - 0x00007ffb08b07000 	C:\Windows\SYSTEM32\WINMM.dll
0x00007ffb12910000 - 0x00007ffb12919000 	C:\Windows\SYSTEM32\WSOCK32.dll
0x00007ffb22a40000 - 0x00007ffb22aab000 	C:\Windows\System32\WS2_32.dll
0x00007ffb1cb50000 - 0x00007ffb1cb5a000 	C:\Windows\SYSTEM32\VERSION.dll
0x00007ffb1f8f0000 - 0x00007ffb1f902000 	C:\Windows\SYSTEM32\kernel.appcore.dll
0x00007ffb083f0000 - 0x00007ffb08400000 	C:\Program Files\Java\jdk1.8.0_341\jre\bin\verify.dll
0x00007ffb083c0000 - 0x00007ffb083eb000 	C:\Program Files\Java\jdk1.8.0_341\jre\bin\java.dll
0x00007ffb188a0000 - 0x00007ffb188d6000 	C:\Program Files\Java\jdk1.8.0_341\jre\bin\jdwp.dll
0x00007ffb1d3f0000 - 0x00007ffb1d3f9000 	C:\Program Files\Java\jdk1.8.0_341\jre\bin\npt.dll
0x00007ffb1ca50000 - 0x00007ffb1ca80000 	C:\Program Files\Java\jdk1.8.0_341\jre\bin\instrument.dll
0x00007ffb04f30000 - 0x00007ffb04f48000 	C:\Program Files\Java\jdk1.8.0_341\jre\bin\zip.dll
0x00007ffb22c60000 - 0x00007ffb233a4000 	C:\Windows\System32\SHELL32.dll
0x00007ffb1faf0000 - 0x00007ffb20283000 	C:\Windows\SYSTEM32\windows.storage.dll
0x00007ffb226c0000 - 0x00007ffb22a14000 	C:\Windows\System32\combase.dll
0x00007ffb21390000 - 0x00007ffb213be000 	C:\Windows\SYSTEM32\Wldp.dll
0x00007ffb23770000 - 0x00007ffb2381d000 	C:\Windows\System32\SHCORE.dll
0x00007ffb233c0000 - 0x00007ffb23415000 	C:\Windows\System32\shlwapi.dll
0x00007ffb21950000 - 0x00007ffb2196f000 	C:\Windows\SYSTEM32\profapi.dll
0x00007ffb1d1d0000 - 0x00007ffb1d1da000 	C:\Program Files\Java\jdk1.8.0_341\jre\bin\dt_socket.dll
0x00007ffb210f0000 - 0x00007ffb2115a000 	C:\Windows\system32\mswsock.dll
0x00007ffb18890000 - 0x00007ffb1889d000 	C:\Program Files\Java\jdk1.8.0_341\jre\bin\management.dll
0x00007ffb04f10000 - 0x00007ffb04f2c000 	C:\Program Files\Java\jdk1.8.0_341\jre\bin\net.dll
0x00007ffb008f0000 - 0x00007ffb00907000 	C:\Windows\system32\napinsp.dll
0x00007ffb008d0000 - 0x00007ffb008eb000 	C:\Windows\system32\pnrpnsp.dll
0x00007ffb0b070000 - 0x00007ffb0b085000 	C:\Windows\system32\wshbth.dll
0x00007ffb1d3c0000 - 0x00007ffb1d3dd000 	C:\Windows\system32\NLAapi.dll
0x00007ffb20de0000 - 0x00007ffb20e1c000 	C:\Windows\SYSTEM32\IPHLPAPI.DLL
0x00007ffb20e70000 - 0x00007ffb20f3b000 	C:\Windows\SYSTEM32\DNSAPI.dll
0x00007ffb233b0000 - 0x00007ffb233b8000 	C:\Windows\System32\NSI.dll
0x00007ffb008b0000 - 0x00007ffb008c2000 	C:\Windows\System32\winrnr.dll
0x00007ffb1b190000 - 0x00007ffb1b19a000 	C:\Windows\System32\rasadhlp.dll
0x00007ffb1aa10000 - 0x00007ffb1aa92000 	C:\Windows\System32\fwpuclnt.dll
0x00007ffb21d60000 - 0x00007ffb21d87000 	C:\Windows\System32\bcrypt.dll
0x00007ffb04cb0000 - 0x00007ffb04cc3000 	C:\Program Files\Java\jdk1.8.0_341\jre\bin\nio.dll
0x00007ffb212f0000 - 0x00007ffb21308000 	C:\Windows\SYSTEM32\CRYPTSP.dll
0x00007ffb20a10000 - 0x00007ffb20a44000 	C:\Windows\system32\rsaenh.dll
0x00007ffb218d0000 - 0x00007ffb218fe000 	C:\Windows\SYSTEM32\USERENV.dll
0x00007ffb22090000 - 0x00007ffb22112000 	C:\Windows\System32\bcryptprimitives.dll
0x00007ffb212e0000 - 0x00007ffb212ec000 	C:\Windows\SYSTEM32\CRYPTBASE.dll
0x00007ffb1c670000 - 0x00007ffb1c687000 	C:\Windows\SYSTEM32\dhcpcsvc6.DLL
0x00007ffb1c530000 - 0x00007ffb1c54d000 	C:\Windows\SYSTEM32\dhcpcsvc.DLL
0x00007ffb18860000 - 0x00007ffb18884000 	C:\Program Files\Java\jdk1.8.0_341\jre\bin\sunec.dll
0x00007ffb18850000 - 0x00007ffb1885d000 	C:\Program Files\Java\jdk1.8.0_341\jre\bin\sunmscapi.dll
0x00007ffb21a10000 - 0x00007ffb21b6e000 	C:\Windows\System32\CRYPT32.dll
0x00007ffb21400000 - 0x00007ffb21428000 	C:\Windows\SYSTEM32\ncrypt.dll
0x00007ffb213c0000 - 0x00007ffb213fb000 	C:\Windows\SYSTEM32\NTASN1.dll
0x00007ffb0f380000 - 0x00007ffb0f564000 	C:\Windows\SYSTEM32\dbghelp.dll

VM Arguments:
jvm_args: -agentlib:jdwp=transport=dt_socket,address=127.0.0.1:50835,suspend=y,server=n -javaagent:C:\Users\User\AppData\Local\JetBrains\IdeaIC2022.3\captureAgent\debugger-agent.jar -Dfile.encoding=UTF-8 
java_command: com.example.HomeToHomeSpring.HomeToHomeSpringApplication
java_class_path (initial): C:\Program Files\Java\jdk1.8.0_341\jre\lib\charsets.jar;C:\Program Files\Java\jdk1.8.0_341\jre\lib\deploy.jar;C:\Program Files\Java\jdk1.8.0_341\jre\lib\ext\access-bridge-64.jar;C:\Program Files\Java\jdk1.8.0_341\jre\lib\ext\cldrdata.jar;C:\Program Files\Java\jdk1.8.0_341\jre\lib\ext\dnsns.jar;C:\Program Files\Java\jdk1.8.0_341\jre\lib\ext\jaccess.jar;C:\Program Files\Java\jdk1.8.0_341\jre\lib\ext\jfxrt.jar;C:\Program Files\Java\jdk1.8.0_341\jre\lib\ext\localedata.jar;C:\Program Files\Java\jdk1.8.0_341\jre\lib\ext\nashorn.jar;C:\Program Files\Java\jdk1.8.0_341\jre\lib\ext\sunec.jar;C:\Program Files\Java\jdk1.8.0_341\jre\lib\ext\sunjce_provider.jar;C:\Program Files\Java\jdk1.8.0_341\jre\lib\ext\sunmscapi.jar;C:\Program Files\Java\jdk1.8.0_341\jre\lib\ext\sunpkcs11.jar;C:\Program Files\Java\jdk1.8.0_341\jre\lib\ext\zipfs.jar;C:\Program Files\Java\jdk1.8.0_341\jre\lib\javaws.jar;C:\Program Files\Java\jdk1.8.0_341\jre\lib\jce.jar;C:\Program Files\Java\jdk1.8.0_341\jre\lib\jfr.jar;C:\Program Files\Java\jdk1.8.0_341\jre\lib\jfxswt.jar;C:\Program Files\Java\jdk1.8.0_341\jre\lib\jsse.jar;C:\Program Files\Java\jdk1.8.0_341\jre\lib\management-agent.jar;C:\Program Files\Java\jdk1.8.0_341\jre\lib\plugin.jar;C:\Program Files\Java\jdk1.8.0_341\jre\lib\resources.jar;C:\Program Files\Java\jdk1.8.0_341\jre\lib\rt.jar;C:\Users\User\Desktop\JobProtal\ExamSpringProjects\HomeToHomeSpring\target\classes;C:\Users\User\.m2\repository\org\springframework\boot\spring-boot-starter-data-jpa\2.7.10\spring-boot-starter-data-jpa-2.7.10.jar;C:\Users\User\.m2\repository\org\springframework\boot\spring-boot-starter-aop\2.7.10\spring-boot-starter-aop-2.7.10.jar;C:\Users\User\.m2\repository\org\springframework\spring-aop\5.3.26\spring-aop-5.3.26.jar;C:\Users\User\.m2\repository\org\aspectj\aspectjweaver\1.9.7\aspectjweaver-1.9.7.jar;C:\Users\User\.m2\repository\org\springframework\boot\spring-boot-starter-jdbc\2.7.10\spring-boot-starter-jdbc-2.7.10.jar;C:\Users\User\.m2\re
Launcher Type: SUN_STANDARD

Environment Variables:
PATH=C:\Program Files\Java\jdk1.8.0_341\bin;C:\Program Files\Git\cmd;C:\Program Files (x86)\Inno Setup 5;C:\Program Files\MySQL\MySQL Server 8.0\bin;C:\Program Files\nodejs\;C:\Program Files\Cloudflare\Cloudflare WARP\;C:\Program Files (x86)\Microsoft SQL Server\160\Tools\Binn\;C:\Program Files\Microsoft SQL Server\160\Tools\Binn\;C:\Program Files\Microsoft SQL Server\Client SDK\ODBC\170\Tools\Binn\;C:\Program Files\Microsoft SQL Server\160\DTS\Binn\;C:\Program Files\MySQL\MySQL Shell 8.0\bin\;C:\Users\User\AppData\Local\Microsoft\WindowsApps;C:\Users\User\AppData\Local\Programs\Microsoft VS Code\bin;C:\Users\User\AppData\Local\GitHubDesktop\bin;C:\MinGW\bin;C:\MinGW\msys\1.0\bin;C:\Windows\System32;C:\Windows\SysWOW64\wbem;C:\Program Files (x86)\Inno Setup 5;C:\Users\User\AppData\Roaming\npm;C:\Program Files\JetBrains\IntelliJ IDEA Community Edition 2022.3.2\bin;
USERNAME=sajeeb
OS=Windows_NT
PROCESSOR_IDENTIFIER=Intel64 Family 6 Model 158 Stepping 10, GenuineIntel



---------------  S Y S T E M  ---------------

OS: Windows 10 , 64 bit Build 19041 (10.0.19041.2913)

CPU:total 6 (initial active 6) (6 cores per cpu, 1 threads per core) family 6 model 158 stepping 10, cmov, cx8, fxsr, mmx, sse, sse2, sse3, ssse3, sse4.1, sse4.2, popcnt, avx, avx2, aes, clmul, erms, 3dnowpref, lzcnt, tsc, tscinvbit, bmi1, bmi2, adx

Memory: 4k page, physical 8259604k(926916k free), swap 12453908k(816k free)

vm_info: Java HotSpot(TM) 64-Bit Server VM (25.341-b10) for windows-amd64 JRE (1.8.0_341-b10), built on Jun 16 2022 15:51:07 by "java_re" with MS VC++ 15.9 (VS2017)

time: Sun May 21 04:08:37 2023
timezone: Bangladesh Standard Time
elapsed time: 1786.554644 seconds (0d 0h 29m 46s)

